[DEBUG] [102952] [GPKIHttpServletRequest] [webtob1-hth0-12] GpkiApi.init() : /home/legal/legalb/gpkisecureweb/WEB-INF/conf
[DEBUG] [102952] [GPKIHttpServletRequest] [webtob1-hth0-12] query : alfdkjalsdfjlasietuoasetjlasietjlaseijtlsaijfldfjlasdfijlsadifja
[DEBUG] [102952] [Base64ContentInfo] [webtob1-hth0-12] QUERY_STRING  alfdkjalsdfjlasietuoasetjlasietjlaseijtlsaijfldfjlasdfijlsadifja
[ERR] [102952] [Base64ContentInfo] com.gpki.gpkiapi.exception.GpkiApiException: ErrCode=1901,ErrMsg=[GPKI_BASE64_Decode] BASE64 디코딩 실패
	at com.gpki.gpkiapi.util.Base64.decode(Base64.java:63)
	at com.gpki.secureweb.Base64ContentInfo.<init>(Base64ContentInfo.java:81)
	at com.gpki.servlet.GPKIHttpServletRequest.init(GPKIHttpServletRequest.java:169)
	at com.gpki.servlet.GPKIHttpServletRequest.<init>(GPKIHttpServletRequest.java:134)
	at jeus_jspwork._gpkisecureweb._jsp._800_createSecureSession_5f1_5f1_5fjsp._jspService(_800_createSecureSession_5f1_5f1_5fjsp.java:147)
	at org.apache.jasper.runtime.HttpJspBase.service(HttpJspBase.java:70)
	at javax.servlet.http.HttpServlet.service(HttpServlet.java:791)
	at jeus.servlet.jsp.JspServletWrapper.executeServlet(JspServletWrapper.java:87)
	at jeus.servlet.filter.FilterChainImpl.internalDoFilter(FilterChainImpl.java:113)
	at jeus.servlet.filter.FilterChainImpl.doFilter(FilterChainImpl.java:87)
	at org.springframework.web.filter.CharacterEncodingFilter.doFilterInternal(CharacterEncodingFilter.java:197)
	at org.springframework.web.filter.OncePerRequestFilter.doFilter(OncePerRequestFilter.java:107)
	at jeus.servlet.filter.FilterChainImpl.internalDoFilter(FilterChainImpl.java:99)
	at jeus.servlet.filter.FilterChainImpl.doFilter(FilterChainImpl.java:87)
	at com.mten.filter.xss.CrossScriptingFilter.doFilter(CrossScriptingFilter.java:51)
	at jeus.servlet.filter.FilterChainImpl.internalDoFilter(FilterChainImpl.java:99)
	at jeus.servlet.filter.FilterChainImpl.doFilter(FilterChainImpl.java:87)
	at jeus.servlet.engine.ServletWrapper.execute(ServletWrapper.java:148)
	at jeus.servlet.jsp.JspServletWrapper.execute(JspServletWrapper.java:57)
	at jeus.servlet.valve.ContextBasicValve.invoke(ContextBasicValve.java:81)
	at jeus.servlet.valve.VirtualHostBasicValve.invoke(VirtualHostBasicValve.java:15)
	at jeus.servlet.valve.WebContainerBasicValve.invoke(WebContainerBasicValve.java:67)
	at jeus.servlet.engine.RequestProcessor.run(RequestProcessor.java:208)
	at jeus.util.pool.ThreadPoolExecutor$Worker.runTask(ThreadPoolExecutor.java:1301)
	at jeus.util.pool.ThreadPoolExecutor$Worker.run(ThreadPoolExecutor.java:1345)
	at jeus.servlet.engine.WebThreadPoolExecutor$WebRequestWorker.run(WebThreadPoolExecutor.java:201)
	at java.lang.Thread.run(Thread.java:750)

[ERR] [102952] [GPKIHttpServletRequest] com.gpki.secureweb.GPKISecureWEBException: ErrCode=1901,ErrMsg=[GPKI_BASE64_Decode] BASE64 디코딩 실패
	at com.gpki.secureweb.Base64ContentInfo.<init>(Base64ContentInfo.java:108)
	at com.gpki.servlet.GPKIHttpServletRequest.init(GPKIHttpServletRequest.java:169)
	at com.gpki.servlet.GPKIHttpServletRequest.<init>(GPKIHttpServletRequest.java:134)
	at jeus_jspwork._gpkisecureweb._jsp._800_createSecureSession_5f1_5f1_5fjsp._jspService(_800_createSecureSession_5f1_5f1_5fjsp.java:147)
	at org.apache.jasper.runtime.HttpJspBase.service(HttpJspBase.java:70)
	at javax.servlet.http.HttpServlet.service(HttpServlet.java:791)
	at jeus.servlet.jsp.JspServletWrapper.executeServlet(JspServletWrapper.java:87)
	at jeus.servlet.filter.FilterChainImpl.internalDoFilter(FilterChainImpl.java:113)
	at jeus.servlet.filter.FilterChainImpl.doFilter(FilterChainImpl.java:87)
	at org.springframework.web.filter.CharacterEncodingFilter.doFilterInternal(CharacterEncodingFilter.java:197)
	at org.springframework.web.filter.OncePerRequestFilter.doFilter(OncePerRequestFilter.java:107)
	at jeus.servlet.filter.FilterChainImpl.internalDoFilter(FilterChainImpl.java:99)
	at jeus.servlet.filter.FilterChainImpl.doFilter(FilterChainImpl.java:87)
	at com.mten.filter.xss.CrossScriptingFilter.doFilter(CrossScriptingFilter.java:51)
	at jeus.servlet.filter.FilterChainImpl.internalDoFilter(FilterChainImpl.java:99)
	at jeus.servlet.filter.FilterChainImpl.doFilter(FilterChainImpl.java:87)
	at jeus.servlet.engine.ServletWrapper.execute(ServletWrapper.java:148)
	at jeus.servlet.jsp.JspServletWrapper.execute(JspServletWrapper.java:57)
	at jeus.servlet.valve.ContextBasicValve.invoke(ContextBasicValve.java:81)
	at jeus.servlet.valve.VirtualHostBasicValve.invoke(VirtualHostBasicValve.java:15)
	at jeus.servlet.valve.WebContainerBasicValve.invoke(WebContainerBasicValve.java:67)
	at jeus.servlet.engine.RequestProcessor.run(RequestProcessor.java:208)
	at jeus.util.pool.ThreadPoolExecutor$Worker.runTask(ThreadPoolExecutor.java:1301)
	at jeus.util.pool.ThreadPoolExecutor$Worker.run(ThreadPoolExecutor.java:1345)
	at jeus.servlet.engine.WebThreadPoolExecutor$WebRequestWorker.run(WebThreadPoolExecutor.java:201)
	at java.lang.Thread.run(Thread.java:750)

[DEBUG] [105856] [GPKIHttpServletRequest] [webtob1-hth0-4] GpkiApi.init() : /home/legal/legalb/gpkisecureweb/WEB-INF/conf
[DEBUG] [105856] [GPKIHttpServletRequest] [webtob1-hth0-4] query : 
[DEBUG] [105856] [Base64ContentInfo] [webtob1-hth0-4] QUERY_STRING  
[ERR] [105856] [Base64ContentInfo] java.lang.StringIndexOutOfBoundsException: String index out of range: -43
	at java.lang.String.substring(String.java:1967)
	at com.gpki.secureweb.Base64ContentInfo.<init>(Base64ContentInfo.java:78)
	at com.gpki.servlet.GPKIHttpServletRequest.init(GPKIHttpServletRequest.java:169)
	at com.gpki.servlet.GPKIHttpServletRequest.<init>(GPKIHttpServletRequest.java:134)
	at jeus_jspwork._gpkisecureweb._jsp._800_createSecureSession_5f1_5f1_5fjsp._jspService(_800_createSecureSession_5f1_5f1_5fjsp.java:147)
	at org.apache.jasper.runtime.HttpJspBase.service(HttpJspBase.java:70)
	at javax.servlet.http.HttpServlet.service(HttpServlet.java:791)
	at jeus.servlet.jsp.JspServletWrapper.executeServlet(JspServletWrapper.java:87)
	at jeus.servlet.servlets.JspServlet.executeServlet(JspServlet.java:136)
	at jeus.servlet.filter.FilterChainImpl.internalDoFilter(FilterChainImpl.java:113)
	at jeus.servlet.filter.FilterChainImpl.doFilter(FilterChainImpl.java:87)
	at org.springframework.web.filter.CharacterEncodingFilter.doFilterInternal(CharacterEncodingFilter.java:197)
	at org.springframework.web.filter.OncePerRequestFilter.doFilter(OncePerRequestFilter.java:107)
	at jeus.servlet.filter.FilterChainImpl.internalDoFilter(FilterChainImpl.java:99)
	at jeus.servlet.filter.FilterChainImpl.doFilter(FilterChainImpl.java:87)
	at com.mten.filter.xss.CrossScriptingFilter.doFilter(CrossScriptingFilter.java:51)
	at jeus.servlet.filter.FilterChainImpl.internalDoFilter(FilterChainImpl.java:99)
	at jeus.servlet.filter.FilterChainImpl.doFilter(FilterChainImpl.java:87)
	at jeus.servlet.servlets.JspServlet.execute(JspServlet.java:74)
	at jeus.servlet.valve.ContextBasicValve.invoke(ContextBasicValve.java:81)
	at jeus.servlet.valve.VirtualHostBasicValve.invoke(VirtualHostBasicValve.java:15)
	at jeus.servlet.valve.WebContainerBasicValve.invoke(WebContainerBasicValve.java:67)
	at jeus.servlet.engine.RequestProcessor.run(RequestProcessor.java:208)
	at jeus.util.pool.ThreadPoolExecutor$Worker.runTask(ThreadPoolExecutor.java:1301)
	at jeus.util.pool.ThreadPoolExecutor$Worker.run(ThreadPoolExecutor.java:1345)
	at jeus.servlet.engine.WebThreadPoolExecutor$WebRequestWorker.run(WebThreadPoolExecutor.java:201)
	at java.lang.Thread.run(Thread.java:750)

[ERR] [105856] [GPKIHttpServletRequest] com.gpki.secureweb.GPKISecureWEBException: String index out of range: -43
	at com.gpki.secureweb.Base64ContentInfo.<init>(Base64ContentInfo.java:108)
	at com.gpki.servlet.GPKIHttpServletRequest.init(GPKIHttpServletRequest.java:169)
	at com.gpki.servlet.GPKIHttpServletRequest.<init>(GPKIHttpServletRequest.java:134)
	at jeus_jspwork._gpkisecureweb._jsp._800_createSecureSession_5f1_5f1_5fjsp._jspService(_800_createSecureSession_5f1_5f1_5fjsp.java:147)
	at org.apache.jasper.runtime.HttpJspBase.service(HttpJspBase.java:70)
	at javax.servlet.http.HttpServlet.service(HttpServlet.java:791)
	at jeus.servlet.jsp.JspServletWrapper.executeServlet(JspServletWrapper.java:87)
	at jeus.servlet.servlets.JspServlet.executeServlet(JspServlet.java:136)
	at jeus.servlet.filter.FilterChainImpl.internalDoFilter(FilterChainImpl.java:113)
	at jeus.servlet.filter.FilterChainImpl.doFilter(FilterChainImpl.java:87)
	at org.springframework.web.filter.CharacterEncodingFilter.doFilterInternal(CharacterEncodingFilter.java:197)
	at org.springframework.web.filter.OncePerRequestFilter.doFilter(OncePerRequestFilter.java:107)
	at jeus.servlet.filter.FilterChainImpl.internalDoFilter(FilterChainImpl.java:99)
	at jeus.servlet.filter.FilterChainImpl.doFilter(FilterChainImpl.java:87)
	at com.mten.filter.xss.CrossScriptingFilter.doFilter(CrossScriptingFilter.java:51)
	at jeus.servlet.filter.FilterChainImpl.internalDoFilter(FilterChainImpl.java:99)
	at jeus.servlet.filter.FilterChainImpl.doFilter(FilterChainImpl.java:87)
	at jeus.servlet.servlets.JspServlet.execute(JspServlet.java:74)
	at jeus.servlet.valve.ContextBasicValve.invoke(ContextBasicValve.java:81)
	at jeus.servlet.valve.VirtualHostBasicValve.invoke(VirtualHostBasicValve.java:15)
	at jeus.servlet.valve.WebContainerBasicValve.invoke(WebContainerBasicValve.java:67)
	at jeus.servlet.engine.RequestProcessor.run(RequestProcessor.java:208)
	at jeus.util.pool.ThreadPoolExecutor$Worker.runTask(ThreadPoolExecutor.java:1301)
	at jeus.util.pool.ThreadPoolExecutor$Worker.run(ThreadPoolExecutor.java:1345)
	at jeus.servlet.engine.WebThreadPoolExecutor$WebRequestWorker.run(WebThreadPoolExecutor.java:201)
	at java.lang.Thread.run(Thread.java:750)

[DEBUG] [110003] [GPKIHttpServletRequest] [webtob1-hth0-11] GpkiApi.init() : /home/legal/legalb/gpkisecureweb/WEB-INF/conf
[DEBUG] [110003] [GPKIHttpServletRequest] [webtob1-hth0-11] query : pcw
[DEBUG] [110003] [Base64ContentInfo] [webtob1-hth0-11] QUERY_STRING  pcw
[ERR] [110003] [Base64ContentInfo] java.lang.StringIndexOutOfBoundsException: String index out of range: -40
	at java.lang.String.substring(String.java:1967)
	at com.gpki.secureweb.Base64ContentInfo.<init>(Base64ContentInfo.java:78)
	at com.gpki.servlet.GPKIHttpServletRequest.init(GPKIHttpServletRequest.java:169)
	at com.gpki.servlet.GPKIHttpServletRequest.<init>(GPKIHttpServletRequest.java:134)
	at jeus_jspwork._gpkisecureweb._jsp._800_createSecureSession_5f1_5f1_5fjsp._jspService(_800_createSecureSession_5f1_5f1_5fjsp.java:147)
	at org.apache.jasper.runtime.HttpJspBase.service(HttpJspBase.java:70)
	at javax.servlet.http.HttpServlet.service(HttpServlet.java:791)
	at jeus.servlet.jsp.JspServletWrapper.executeServlet(JspServletWrapper.java:87)
	at jeus.servlet.filter.FilterChainImpl.internalDoFilter(FilterChainImpl.java:113)
	at jeus.servlet.filter.FilterChainImpl.doFilter(FilterChainImpl.java:87)
	at org.springframework.web.filter.CharacterEncodingFilter.doFilterInternal(CharacterEncodingFilter.java:197)
	at org.springframework.web.filter.OncePerRequestFilter.doFilter(OncePerRequestFilter.java:107)
	at jeus.servlet.filter.FilterChainImpl.internalDoFilter(FilterChainImpl.java:99)
	at jeus.servlet.filter.FilterChainImpl.doFilter(FilterChainImpl.java:87)
	at com.mten.filter.xss.CrossScriptingFilter.doFilter(CrossScriptingFilter.java:51)
	at jeus.servlet.filter.FilterChainImpl.internalDoFilter(FilterChainImpl.java:99)
	at jeus.servlet.filter.FilterChainImpl.doFilter(FilterChainImpl.java:87)
	at jeus.servlet.engine.ServletWrapper.execute(ServletWrapper.java:148)
	at jeus.servlet.jsp.JspServletWrapper.execute(JspServletWrapper.java:57)
	at jeus.servlet.valve.ContextBasicValve.invoke(ContextBasicValve.java:81)
	at jeus.servlet.valve.VirtualHostBasicValve.invoke(VirtualHostBasicValve.java:15)
	at jeus.servlet.valve.WebContainerBasicValve.invoke(WebContainerBasicValve.java:67)
	at jeus.servlet.engine.RequestProcessor.run(RequestProcessor.java:208)
	at jeus.util.pool.ThreadPoolExecutor$Worker.runTask(ThreadPoolExecutor.java:1301)
	at jeus.util.pool.ThreadPoolExecutor$Worker.run(ThreadPoolExecutor.java:1345)
	at jeus.servlet.engine.WebThreadPoolExecutor$WebRequestWorker.run(WebThreadPoolExecutor.java:201)
	at java.lang.Thread.run(Thread.java:750)

[ERR] [110003] [GPKIHttpServletRequest] com.gpki.secureweb.GPKISecureWEBException: String index out of range: -40
	at com.gpki.secureweb.Base64ContentInfo.<init>(Base64ContentInfo.java:108)
	at com.gpki.servlet.GPKIHttpServletRequest.init(GPKIHttpServletRequest.java:169)
	at com.gpki.servlet.GPKIHttpServletRequest.<init>(GPKIHttpServletRequest.java:134)
	at jeus_jspwork._gpkisecureweb._jsp._800_createSecureSession_5f1_5f1_5fjsp._jspService(_800_createSecureSession_5f1_5f1_5fjsp.java:147)
	at org.apache.jasper.runtime.HttpJspBase.service(HttpJspBase.java:70)
	at javax.servlet.http.HttpServlet.service(HttpServlet.java:791)
	at jeus.servlet.jsp.JspServletWrapper.executeServlet(JspServletWrapper.java:87)
	at jeus.servlet.filter.FilterChainImpl.internalDoFilter(FilterChainImpl.java:113)
	at jeus.servlet.filter.FilterChainImpl.doFilter(FilterChainImpl.java:87)
	at org.springframework.web.filter.CharacterEncodingFilter.doFilterInternal(CharacterEncodingFilter.java:197)
	at org.springframework.web.filter.OncePerRequestFilter.doFilter(OncePerRequestFilter.java:107)
	at jeus.servlet.filter.FilterChainImpl.internalDoFilter(FilterChainImpl.java:99)
	at jeus.servlet.filter.FilterChainImpl.doFilter(FilterChainImpl.java:87)
	at com.mten.filter.xss.CrossScriptingFilter.doFilter(CrossScriptingFilter.java:51)
	at jeus.servlet.filter.FilterChainImpl.internalDoFilter(FilterChainImpl.java:99)
	at jeus.servlet.filter.FilterChainImpl.doFilter(FilterChainImpl.java:87)
	at jeus.servlet.engine.ServletWrapper.execute(ServletWrapper.java:148)
	at jeus.servlet.jsp.JspServletWrapper.execute(JspServletWrapper.java:57)
	at jeus.servlet.valve.ContextBasicValve.invoke(ContextBasicValve.java:81)
	at jeus.servlet.valve.VirtualHostBasicValve.invoke(VirtualHostBasicValve.java:15)
	at jeus.servlet.valve.WebContainerBasicValve.invoke(WebContainerBasicValve.java:67)
	at jeus.servlet.engine.RequestProcessor.run(RequestProcessor.java:208)
	at jeus.util.pool.ThreadPoolExecutor$Worker.runTask(ThreadPoolExecutor.java:1301)
	at jeus.util.pool.ThreadPoolExecutor$Worker.run(ThreadPoolExecutor.java:1345)
	at jeus.servlet.engine.WebThreadPoolExecutor$WebRequestWorker.run(WebThreadPoolExecutor.java:201)
	at java.lang.Thread.run(Thread.java:750)

[DEBUG] [110022] [GPKIHttpServletRequest] [webtob1-hth0-18] GpkiApi.init() : /home/legal/legalb/gpkisecureweb/WEB-INF/conf
[DEBUG] [110022] [GPKIHttpServletRequest] [webtob1-hth0-18] query : pcwaaaaaaaaaaaaaaaaaaaaaaaaaaaaaaaaaaaaaaaaaaaaaaaaaaaaaaaaaaaaaaaaaaaaaaaaaaaaaaaaaaa
[DEBUG] [110022] [Base64ContentInfo] [webtob1-hth0-18] QUERY_STRING  pcwaaaaaaaaaaaaaaaaaaaaaaaaaaaaaaaaaaaaaaaaaaaaaaaaaaaaaaaaaaaaaaaaaaaaaaaaaaaaaaaaaaa
[ERR] [110022] [Base64ContentInfo] com.gpki.gpkiapi.exception.GpkiApiException: ErrCode=1901,ErrMsg=[GPKI_BASE64_Decode] BASE64 디코딩 실패
	at com.gpki.gpkiapi.util.Base64.decode(Base64.java:63)
	at com.gpki.secureweb.Base64ContentInfo.<init>(Base64ContentInfo.java:81)
	at com.gpki.servlet.GPKIHttpServletRequest.init(GPKIHttpServletRequest.java:169)
	at com.gpki.servlet.GPKIHttpServletRequest.<init>(GPKIHttpServletRequest.java:134)
	at jeus_jspwork._gpkisecureweb._jsp._800_createSecureSession_5f1_5f1_5fjsp._jspService(_800_createSecureSession_5f1_5f1_5fjsp.java:147)
	at org.apache.jasper.runtime.HttpJspBase.service(HttpJspBase.java:70)
	at javax.servlet.http.HttpServlet.service(HttpServlet.java:791)
	at jeus.servlet.jsp.JspServletWrapper.executeServlet(JspServletWrapper.java:87)
	at jeus.servlet.filter.FilterChainImpl.internalDoFilter(FilterChainImpl.java:113)
	at jeus.servlet.filter.FilterChainImpl.doFilter(FilterChainImpl.java:87)
	at org.springframework.web.filter.CharacterEncodingFilter.doFilterInternal(CharacterEncodingFilter.java:197)
	at org.springframework.web.filter.OncePerRequestFilter.doFilter(OncePerRequestFilter.java:107)
	at jeus.servlet.filter.FilterChainImpl.internalDoFilter(FilterChainImpl.java:99)
	at jeus.servlet.filter.FilterChainImpl.doFilter(FilterChainImpl.java:87)
	at com.mten.filter.xss.CrossScriptingFilter.doFilter(CrossScriptingFilter.java:51)
	at jeus.servlet.filter.FilterChainImpl.internalDoFilter(FilterChainImpl.java:99)
	at jeus.servlet.filter.FilterChainImpl.doFilter(FilterChainImpl.java:87)
	at jeus.servlet.engine.ServletWrapper.execute(ServletWrapper.java:148)
	at jeus.servlet.jsp.JspServletWrapper.execute(JspServletWrapper.java:57)
	at jeus.servlet.valve.ContextBasicValve.invoke(ContextBasicValve.java:81)
	at jeus.servlet.valve.VirtualHostBasicValve.invoke(VirtualHostBasicValve.java:15)
	at jeus.servlet.valve.WebContainerBasicValve.invoke(WebContainerBasicValve.java:67)
	at jeus.servlet.engine.RequestProcessor.run(RequestProcessor.java:208)
	at jeus.util.pool.ThreadPoolExecutor$Worker.runTask(ThreadPoolExecutor.java:1301)
	at jeus.util.pool.ThreadPoolExecutor$Worker.run(ThreadPoolExecutor.java:1345)
	at jeus.servlet.engine.WebThreadPoolExecutor$WebRequestWorker.run(WebThreadPoolExecutor.java:201)
	at java.lang.Thread.run(Thread.java:750)

[ERR] [110022] [GPKIHttpServletRequest] com.gpki.secureweb.GPKISecureWEBException: ErrCode=1901,ErrMsg=[GPKI_BASE64_Decode] BASE64 디코딩 실패
	at com.gpki.secureweb.Base64ContentInfo.<init>(Base64ContentInfo.java:108)
	at com.gpki.servlet.GPKIHttpServletRequest.init(GPKIHttpServletRequest.java:169)
	at com.gpki.servlet.GPKIHttpServletRequest.<init>(GPKIHttpServletRequest.java:134)
	at jeus_jspwork._gpkisecureweb._jsp._800_createSecureSession_5f1_5f1_5fjsp._jspService(_800_createSecureSession_5f1_5f1_5fjsp.java:147)
	at org.apache.jasper.runtime.HttpJspBase.service(HttpJspBase.java:70)
	at javax.servlet.http.HttpServlet.service(HttpServlet.java:791)
	at jeus.servlet.jsp.JspServletWrapper.executeServlet(JspServletWrapper.java:87)
	at jeus.servlet.filter.FilterChainImpl.internalDoFilter(FilterChainImpl.java:113)
	at jeus.servlet.filter.FilterChainImpl.doFilter(FilterChainImpl.java:87)
	at org.springframework.web.filter.CharacterEncodingFilter.doFilterInternal(CharacterEncodingFilter.java:197)
	at org.springframework.web.filter.OncePerRequestFilter.doFilter(OncePerRequestFilter.java:107)
	at jeus.servlet.filter.FilterChainImpl.internalDoFilter(FilterChainImpl.java:99)
	at jeus.servlet.filter.FilterChainImpl.doFilter(FilterChainImpl.java:87)
	at com.mten.filter.xss.CrossScriptingFilter.doFilter(CrossScriptingFilter.java:51)
	at jeus.servlet.filter.FilterChainImpl.internalDoFilter(FilterChainImpl.java:99)
	at jeus.servlet.filter.FilterChainImpl.doFilter(FilterChainImpl.java:87)
	at jeus.servlet.engine.ServletWrapper.execute(ServletWrapper.java:148)
	at jeus.servlet.jsp.JspServletWrapper.execute(JspServletWrapper.java:57)
	at jeus.servlet.valve.ContextBasicValve.invoke(ContextBasicValve.java:81)
	at jeus.servlet.valve.VirtualHostBasicValve.invoke(VirtualHostBasicValve.java:15)
	at jeus.servlet.valve.WebContainerBasicValve.invoke(WebContainerBasicValve.java:67)
	at jeus.servlet.engine.RequestProcessor.run(RequestProcessor.java:208)
	at jeus.util.pool.ThreadPoolExecutor$Worker.runTask(ThreadPoolExecutor.java:1301)
	at jeus.util.pool.ThreadPoolExecutor$Worker.run(ThreadPoolExecutor.java:1345)
	at jeus.servlet.engine.WebThreadPoolExecutor$WebRequestWorker.run(WebThreadPoolExecutor.java:201)
	at java.lang.Thread.run(Thread.java:750)

[DEBUG] [110213] [GPKIHttpServletRequest] [webtob1-hth0-24] GpkiApi.init() : /home/legal/legalb/gpkisecureweb/WEB-INF/conf
[DEBUG] [110213] [GPKIHttpServletRequest] [webtob1-hth0-24] query : AQAVAAACLzCCAisCAQAxggF1MIIBcQIBADBZMFMxCzAJBgNVBAYTAktSMRIwEAYDVQQKDAlDcm9zc0NlcnQxFTATBgNVBAsMDEFjY3JlZGl0ZWRDQTEZMBcGA1UEAwwQQ3Jvc3NDZXJ0VGVzdENBMgICLD0wDQYJKoZIhvcNAQEHMAAEggEAwP3bIKN0byZ8YMIfXvQXKco12e6eCFwVg h2ybBKXvjAQ9V2sEaXkJLCAS7E3F4DY ZyXqqWjVzvJBJR1&#47;wFB2zi3SHNxZxRN6oRr9ZSUFuCrF3y3URsmdh&#47;KRkzQ8jDqTOIkS7bXCKOWdwgEDER9h0eaLzhUkcr0ps3w339A4n60upQZZ66Rligb&#47;SQAWIPCI7jeV&#47;&#47;TJIxcXQRXF638mMh46nMvc w1HFSAqf90ifa26A53 I99enVXMkpKm7OvwwhFDdhmImkzh0f&#47;i3VIP acqoH9KOkR1aOqe5s1IeoD23aOOt9VIU&#47;&#47;hRVn4CbmOXZpLcOMrg2mPWpnaEg6TCBrAYJKoZIhvcNAQcBMBwGCCqDGoyaRAEEBBBfKCIQWEPWTc46MWutG0zSgIGAi0bnjOLWMbLHjyjL7 DypJNRfw0Gs14eb NopflZxOEs&#47;SM0vSv4VWx3Wj9MTXggaKA7VdTNOaXeSrQa&#47;CrHe45rJrZXvznWRQbTgoDB7jrKdbQIjQcoFhkDMXDzg8PA 5pwO0yBW 2fhblErHheSkgEX0YbAq JiYbks76uyUk&#61
[DEBUG] [110213] [Base64ContentInfo] [webtob1-hth0-24] QUERY_STRING  AQAVAAACLzCCAisCAQAxggF1MIIBcQIBADBZMFMxCzAJBgNVBAYTAktSMRIwEAYDVQQKDAlDcm9zc0NlcnQxFTATBgNVBAsMDEFjY3JlZGl0ZWRDQTEZMBcGA1UEAwwQQ3Jvc3NDZXJ0VGVzdENBMgICLD0wDQYJKoZIhvcNAQEHMAAEggEAwP3bIKN0byZ8YMIfXvQXKco12e6eCFwVg h2ybBKXvjAQ9V2sEaXkJLCAS7E3F4DY ZyXqqWjVzvJBJR1&#47;wFB2zi3SHNxZxRN6oRr9ZSUFuCrF3y3URsmdh&#47;KRkzQ8jDqTOIkS7bXCKOWdwgEDER9h0eaLzhUkcr0ps3w339A4n60upQZZ66Rligb&#47;SQAWIPCI7jeV&#47;&#47;TJIxcXQRXF638mMh46nMvc w1HFSAqf90ifa26A53 I99enVXMkpKm7OvwwhFDdhmImkzh0f&#47;i3VIP acqoH9KOkR1aOqe5s1IeoD23aOOt9VIU&#47;&#47;hRVn4CbmOXZpLcOMrg2mPWpnaEg6TCBrAYJKoZIhvcNAQcBMBwGCCqDGoyaRAEEBBBfKCIQWEPWTc46MWutG0zSgIGAi0bnjOLWMbLHjyjL7 DypJNRfw0Gs14eb NopflZxOEs&#47;SM0vSv4VWx3Wj9MTXggaKA7VdTNOaXeSrQa&#47;CrHe45rJrZXvznWRQbTgoDB7jrKdbQIjQcoFhkDMXDzg8PA 5pwO0yBW 2fhblErHheSkgEX0YbAq JiYbks76uyUk&#61
[ERR] [110213] [Base64ContentInfo] com.gpki.gpkiapi.exception.GpkiApiException: ErrCode=1901,ErrMsg=[GPKI_BASE64_Decode] BASE64 디코딩 실패
	at com.gpki.gpkiapi.util.Base64.decode(Base64.java:63)
	at com.gpki.secureweb.Base64ContentInfo.<init>(Base64ContentInfo.java:81)
	at com.gpki.servlet.GPKIHttpServletRequest.init(GPKIHttpServletRequest.java:169)
	at com.gpki.servlet.GPKIHttpServletRequest.<init>(GPKIHttpServletRequest.java:134)
	at jeus_jspwork._gpkisecureweb._jsp._800_createSecureSession_5f1_5f1_5fjsp._jspService(_800_createSecureSession_5f1_5f1_5fjsp.java:147)
	at org.apache.jasper.runtime.HttpJspBase.service(HttpJspBase.java:70)
	at javax.servlet.http.HttpServlet.service(HttpServlet.java:791)
	at jeus.servlet.jsp.JspServletWrapper.executeServlet(JspServletWrapper.java:87)
	at jeus.servlet.filter.FilterChainImpl.internalDoFilter(FilterChainImpl.java:113)
	at jeus.servlet.filter.FilterChainImpl.doFilter(FilterChainImpl.java:87)
	at org.springframework.web.filter.CharacterEncodingFilter.doFilterInternal(CharacterEncodingFilter.java:197)
	at org.springframework.web.filter.OncePerRequestFilter.doFilter(OncePerRequestFilter.java:107)
	at jeus.servlet.filter.FilterChainImpl.internalDoFilter(FilterChainImpl.java:99)
	at jeus.servlet.filter.FilterChainImpl.doFilter(FilterChainImpl.java:87)
	at com.mten.filter.xss.CrossScriptingFilter.doFilter(CrossScriptingFilter.java:51)
	at jeus.servlet.filter.FilterChainImpl.internalDoFilter(FilterChainImpl.java:99)
	at jeus.servlet.filter.FilterChainImpl.doFilter(FilterChainImpl.java:87)
	at jeus.servlet.engine.ServletWrapper.execute(ServletWrapper.java:148)
	at jeus.servlet.jsp.JspServletWrapper.execute(JspServletWrapper.java:57)
	at jeus.servlet.valve.ContextBasicValve.invoke(ContextBasicValve.java:81)
	at jeus.servlet.valve.VirtualHostBasicValve.invoke(VirtualHostBasicValve.java:15)
	at jeus.servlet.valve.WebContainerBasicValve.invoke(WebContainerBasicValve.java:67)
	at jeus.servlet.engine.RequestProcessor.run(RequestProcessor.java:208)
	at jeus.util.pool.ThreadPoolExecutor$Worker.runTask(ThreadPoolExecutor.java:1301)
	at jeus.util.pool.ThreadPoolExecutor$Worker.run(ThreadPoolExecutor.java:1345)
	at jeus.servlet.engine.WebThreadPoolExecutor$WebRequestWorker.run(WebThreadPoolExecutor.java:201)
	at java.lang.Thread.run(Thread.java:750)

[ERR] [110213] [GPKIHttpServletRequest] com.gpki.secureweb.GPKISecureWEBException: ErrCode=1901,ErrMsg=[GPKI_BASE64_Decode] BASE64 디코딩 실패
	at com.gpki.secureweb.Base64ContentInfo.<init>(Base64ContentInfo.java:108)
	at com.gpki.servlet.GPKIHttpServletRequest.init(GPKIHttpServletRequest.java:169)
	at com.gpki.servlet.GPKIHttpServletRequest.<init>(GPKIHttpServletRequest.java:134)
	at jeus_jspwork._gpkisecureweb._jsp._800_createSecureSession_5f1_5f1_5fjsp._jspService(_800_createSecureSession_5f1_5f1_5fjsp.java:147)
	at org.apache.jasper.runtime.HttpJspBase.service(HttpJspBase.java:70)
	at javax.servlet.http.HttpServlet.service(HttpServlet.java:791)
	at jeus.servlet.jsp.JspServletWrapper.executeServlet(JspServletWrapper.java:87)
	at jeus.servlet.filter.FilterChainImpl.internalDoFilter(FilterChainImpl.java:113)
	at jeus.servlet.filter.FilterChainImpl.doFilter(FilterChainImpl.java:87)
	at org.springframework.web.filter.CharacterEncodingFilter.doFilterInternal(CharacterEncodingFilter.java:197)
	at org.springframework.web.filter.OncePerRequestFilter.doFilter(OncePerRequestFilter.java:107)
	at jeus.servlet.filter.FilterChainImpl.internalDoFilter(FilterChainImpl.java:99)
	at jeus.servlet.filter.FilterChainImpl.doFilter(FilterChainImpl.java:87)
	at com.mten.filter.xss.CrossScriptingFilter.doFilter(CrossScriptingFilter.java:51)
	at jeus.servlet.filter.FilterChainImpl.internalDoFilter(FilterChainImpl.java:99)
	at jeus.servlet.filter.FilterChainImpl.doFilter(FilterChainImpl.java:87)
	at jeus.servlet.engine.ServletWrapper.execute(ServletWrapper.java:148)
	at jeus.servlet.jsp.JspServletWrapper.execute(JspServletWrapper.java:57)
	at jeus.servlet.valve.ContextBasicValve.invoke(ContextBasicValve.java:81)
	at jeus.servlet.valve.VirtualHostBasicValve.invoke(VirtualHostBasicValve.java:15)
	at jeus.servlet.valve.WebContainerBasicValve.invoke(WebContainerBasicValve.java:67)
	at jeus.servlet.engine.RequestProcessor.run(RequestProcessor.java:208)
	at jeus.util.pool.ThreadPoolExecutor$Worker.runTask(ThreadPoolExecutor.java:1301)
	at jeus.util.pool.ThreadPoolExecutor$Worker.run(ThreadPoolExecutor.java:1345)
	at jeus.servlet.engine.WebThreadPoolExecutor$WebRequestWorker.run(WebThreadPoolExecutor.java:201)
	at java.lang.Thread.run(Thread.java:750)

[DEBUG] [112739] [GPKIHttpServletRequest] [webtob1-hth0-6] GpkiApi.init() : /home/legal/legalb/gpkisecureweb/WEB-INF/conf
[DEBUG] [112739] [GPKIHttpServletRequest] [webtob1-hth0-6] query : 
[DEBUG] [112739] [Base64ContentInfo] [webtob1-hth0-6] QUERY_STRING  
[ERR] [112739] [Base64ContentInfo] java.lang.StringIndexOutOfBoundsException: String index out of range: -43
	at java.lang.String.substring(String.java:1967)
	at com.gpki.secureweb.Base64ContentInfo.<init>(Base64ContentInfo.java:78)
	at com.gpki.servlet.GPKIHttpServletRequest.init(GPKIHttpServletRequest.java:169)
	at com.gpki.servlet.GPKIHttpServletRequest.<init>(GPKIHttpServletRequest.java:134)
	at jeus_jspwork._gpkisecureweb._jsp._800_createSecureSession_5f1_5f1_5fjsp._jspService(_800_createSecureSession_5f1_5f1_5fjsp.java:147)
	at org.apache.jasper.runtime.HttpJspBase.service(HttpJspBase.java:70)
	at javax.servlet.http.HttpServlet.service(HttpServlet.java:791)
	at jeus.servlet.jsp.JspServletWrapper.executeServlet(JspServletWrapper.java:87)
	at jeus.servlet.servlets.JspServlet.executeServlet(JspServlet.java:136)
	at jeus.servlet.filter.FilterChainImpl.internalDoFilter(FilterChainImpl.java:113)
	at jeus.servlet.filter.FilterChainImpl.doFilter(FilterChainImpl.java:87)
	at org.springframework.web.filter.CharacterEncodingFilter.doFilterInternal(CharacterEncodingFilter.java:197)
	at org.springframework.web.filter.OncePerRequestFilter.doFilter(OncePerRequestFilter.java:107)
	at jeus.servlet.filter.FilterChainImpl.internalDoFilter(FilterChainImpl.java:99)
	at jeus.servlet.filter.FilterChainImpl.doFilter(FilterChainImpl.java:87)
	at com.mten.filter.xss.CrossScriptingFilter.doFilter(CrossScriptingFilter.java:51)
	at jeus.servlet.filter.FilterChainImpl.internalDoFilter(FilterChainImpl.java:99)
	at jeus.servlet.filter.FilterChainImpl.doFilter(FilterChainImpl.java:87)
	at jeus.servlet.servlets.JspServlet.execute(JspServlet.java:74)
	at jeus.servlet.valve.ContextBasicValve.invoke(ContextBasicValve.java:81)
	at jeus.servlet.valve.VirtualHostBasicValve.invoke(VirtualHostBasicValve.java:15)
	at jeus.servlet.valve.WebContainerBasicValve.invoke(WebContainerBasicValve.java:67)
	at jeus.servlet.engine.RequestProcessor.run(RequestProcessor.java:208)
	at jeus.util.pool.ThreadPoolExecutor$Worker.runTask(ThreadPoolExecutor.java:1301)
	at jeus.util.pool.ThreadPoolExecutor$Worker.run(ThreadPoolExecutor.java:1345)
	at jeus.servlet.engine.WebThreadPoolExecutor$WebRequestWorker.run(WebThreadPoolExecutor.java:201)
	at java.lang.Thread.run(Thread.java:750)

[ERR] [112739] [GPKIHttpServletRequest] com.gpki.secureweb.GPKISecureWEBException: String index out of range: -43
	at com.gpki.secureweb.Base64ContentInfo.<init>(Base64ContentInfo.java:108)
	at com.gpki.servlet.GPKIHttpServletRequest.init(GPKIHttpServletRequest.java:169)
	at com.gpki.servlet.GPKIHttpServletRequest.<init>(GPKIHttpServletRequest.java:134)
	at jeus_jspwork._gpkisecureweb._jsp._800_createSecureSession_5f1_5f1_5fjsp._jspService(_800_createSecureSession_5f1_5f1_5fjsp.java:147)
	at org.apache.jasper.runtime.HttpJspBase.service(HttpJspBase.java:70)
	at javax.servlet.http.HttpServlet.service(HttpServlet.java:791)
	at jeus.servlet.jsp.JspServletWrapper.executeServlet(JspServletWrapper.java:87)
	at jeus.servlet.servlets.JspServlet.executeServlet(JspServlet.java:136)
	at jeus.servlet.filter.FilterChainImpl.internalDoFilter(FilterChainImpl.java:113)
	at jeus.servlet.filter.FilterChainImpl.doFilter(FilterChainImpl.java:87)
	at org.springframework.web.filter.CharacterEncodingFilter.doFilterInternal(CharacterEncodingFilter.java:197)
	at org.springframework.web.filter.OncePerRequestFilter.doFilter(OncePerRequestFilter.java:107)
	at jeus.servlet.filter.FilterChainImpl.internalDoFilter(FilterChainImpl.java:99)
	at jeus.servlet.filter.FilterChainImpl.doFilter(FilterChainImpl.java:87)
	at com.mten.filter.xss.CrossScriptingFilter.doFilter(CrossScriptingFilter.java:51)
	at jeus.servlet.filter.FilterChainImpl.internalDoFilter(FilterChainImpl.java:99)
	at jeus.servlet.filter.FilterChainImpl.doFilter(FilterChainImpl.java:87)
	at jeus.servlet.servlets.JspServlet.execute(JspServlet.java:74)
	at jeus.servlet.valve.ContextBasicValve.invoke(ContextBasicValve.java:81)
	at jeus.servlet.valve.VirtualHostBasicValve.invoke(VirtualHostBasicValve.java:15)
	at jeus.servlet.valve.WebContainerBasicValve.invoke(WebContainerBasicValve.java:67)
	at jeus.servlet.engine.RequestProcessor.run(RequestProcessor.java:208)
	at jeus.util.pool.ThreadPoolExecutor$Worker.runTask(ThreadPoolExecutor.java:1301)
	at jeus.util.pool.ThreadPoolExecutor$Worker.run(ThreadPoolExecutor.java:1345)
	at jeus.servlet.engine.WebThreadPoolExecutor$WebRequestWorker.run(WebThreadPoolExecutor.java:201)
	at java.lang.Thread.run(Thread.java:750)

[DEBUG] [130410] [GPKIHttpServletRequest] [webtob1-hth0-25] GpkiApi.init() : /home/legal/legalb/gpkisecureweb/WEB-INF/conf
[DEBUG] [130410] [GPKIHttpServletRequest] [webtob1-hth0-25] query : 
[DEBUG] [130410] [Base64ContentInfo] [webtob1-hth0-25] QUERY_STRING  
[ERR] [130410] [Base64ContentInfo] java.lang.StringIndexOutOfBoundsException: String index out of range: -43
	at java.lang.String.substring(String.java:1967)
	at com.gpki.secureweb.Base64ContentInfo.<init>(Base64ContentInfo.java:78)
	at com.gpki.servlet.GPKIHttpServletRequest.init(GPKIHttpServletRequest.java:169)
	at com.gpki.servlet.GPKIHttpServletRequest.<init>(GPKIHttpServletRequest.java:134)
	at jeus_jspwork._gpkisecureweb._jsp._800_createSecureSession_5f1_5f1_5fjsp._jspService(_800_createSecureSession_5f1_5f1_5fjsp.java:147)
	at org.apache.jasper.runtime.HttpJspBase.service(HttpJspBase.java:70)
	at javax.servlet.http.HttpServlet.service(HttpServlet.java:791)
	at jeus.servlet.jsp.JspServletWrapper.executeServlet(JspServletWrapper.java:87)
	at jeus.servlet.filter.FilterChainImpl.internalDoFilter(FilterChainImpl.java:113)
	at jeus.servlet.filter.FilterChainImpl.doFilter(FilterChainImpl.java:87)
	at org.springframework.web.filter.CharacterEncodingFilter.doFilterInternal(CharacterEncodingFilter.java:197)
	at org.springframework.web.filter.OncePerRequestFilter.doFilter(OncePerRequestFilter.java:107)
	at jeus.servlet.filter.FilterChainImpl.internalDoFilter(FilterChainImpl.java:99)
	at jeus.servlet.filter.FilterChainImpl.doFilter(FilterChainImpl.java:87)
	at com.mten.filter.xss.CrossScriptingFilter.doFilter(CrossScriptingFilter.java:51)
	at jeus.servlet.filter.FilterChainImpl.internalDoFilter(FilterChainImpl.java:99)
	at jeus.servlet.filter.FilterChainImpl.doFilter(FilterChainImpl.java:87)
	at jeus.servlet.engine.ServletWrapper.execute(ServletWrapper.java:148)
	at jeus.servlet.jsp.JspServletWrapper.execute(JspServletWrapper.java:57)
	at jeus.servlet.valve.ContextBasicValve.invoke(ContextBasicValve.java:81)
	at jeus.servlet.valve.VirtualHostBasicValve.invoke(VirtualHostBasicValve.java:15)
	at jeus.servlet.valve.WebContainerBasicValve.invoke(WebContainerBasicValve.java:67)
	at jeus.servlet.engine.RequestProcessor.run(RequestProcessor.java:208)
	at jeus.util.pool.ThreadPoolExecutor$Worker.runTask(ThreadPoolExecutor.java:1301)
	at jeus.util.pool.ThreadPoolExecutor$Worker.run(ThreadPoolExecutor.java:1345)
	at jeus.servlet.engine.WebThreadPoolExecutor$WebRequestWorker.run(WebThreadPoolExecutor.java:201)
	at java.lang.Thread.run(Thread.java:750)

[ERR] [130410] [GPKIHttpServletRequest] com.gpki.secureweb.GPKISecureWEBException: String index out of range: -43
	at com.gpki.secureweb.Base64ContentInfo.<init>(Base64ContentInfo.java:108)
	at com.gpki.servlet.GPKIHttpServletRequest.init(GPKIHttpServletRequest.java:169)
	at com.gpki.servlet.GPKIHttpServletRequest.<init>(GPKIHttpServletRequest.java:134)
	at jeus_jspwork._gpkisecureweb._jsp._800_createSecureSession_5f1_5f1_5fjsp._jspService(_800_createSecureSession_5f1_5f1_5fjsp.java:147)
	at org.apache.jasper.runtime.HttpJspBase.service(HttpJspBase.java:70)
	at javax.servlet.http.HttpServlet.service(HttpServlet.java:791)
	at jeus.servlet.jsp.JspServletWrapper.executeServlet(JspServletWrapper.java:87)
	at jeus.servlet.filter.FilterChainImpl.internalDoFilter(FilterChainImpl.java:113)
	at jeus.servlet.filter.FilterChainImpl.doFilter(FilterChainImpl.java:87)
	at org.springframework.web.filter.CharacterEncodingFilter.doFilterInternal(CharacterEncodingFilter.java:197)
	at org.springframework.web.filter.OncePerRequestFilter.doFilter(OncePerRequestFilter.java:107)
	at jeus.servlet.filter.FilterChainImpl.internalDoFilter(FilterChainImpl.java:99)
	at jeus.servlet.filter.FilterChainImpl.doFilter(FilterChainImpl.java:87)
	at com.mten.filter.xss.CrossScriptingFilter.doFilter(CrossScriptingFilter.java:51)
	at jeus.servlet.filter.FilterChainImpl.internalDoFilter(FilterChainImpl.java:99)
	at jeus.servlet.filter.FilterChainImpl.doFilter(FilterChainImpl.java:87)
	at jeus.servlet.engine.ServletWrapper.execute(ServletWrapper.java:148)
	at jeus.servlet.jsp.JspServletWrapper.execute(JspServletWrapper.java:57)
	at jeus.servlet.valve.ContextBasicValve.invoke(ContextBasicValve.java:81)
	at jeus.servlet.valve.VirtualHostBasicValve.invoke(VirtualHostBasicValve.java:15)
	at jeus.servlet.valve.WebContainerBasicValve.invoke(WebContainerBasicValve.java:67)
	at jeus.servlet.engine.RequestProcessor.run(RequestProcessor.java:208)
	at jeus.util.pool.ThreadPoolExecutor$Worker.runTask(ThreadPoolExecutor.java:1301)
	at jeus.util.pool.ThreadPoolExecutor$Worker.run(ThreadPoolExecutor.java:1345)
	at jeus.servlet.engine.WebThreadPoolExecutor$WebRequestWorker.run(WebThreadPoolExecutor.java:201)
	at java.lang.Thread.run(Thread.java:750)

[DEBUG] [131013] [GPKIHttpServletRequest] [webtob1-hth0-1] GpkiApi.init() : /home/legal/legalb/gpkisecureweb/WEB-INF/conf
[DEBUG] [131013] [GPKIHttpServletRequest] [webtob1-hth0-1] query : 
[DEBUG] [131013] [Base64ContentInfo] [webtob1-hth0-1] QUERY_STRING  
[ERR] [131013] [Base64ContentInfo] java.lang.StringIndexOutOfBoundsException: String index out of range: -43
	at java.lang.String.substring(String.java:1967)
	at com.gpki.secureweb.Base64ContentInfo.<init>(Base64ContentInfo.java:78)
	at com.gpki.servlet.GPKIHttpServletRequest.init(GPKIHttpServletRequest.java:169)
	at com.gpki.servlet.GPKIHttpServletRequest.<init>(GPKIHttpServletRequest.java:134)
	at jeus_jspwork._gpkisecureweb._jsp._800_createSecureSession_5f1_5f1_5fjsp._jspService(_800_createSecureSession_5f1_5f1_5fjsp.java:147)
	at org.apache.jasper.runtime.HttpJspBase.service(HttpJspBase.java:70)
	at javax.servlet.http.HttpServlet.service(HttpServlet.java:791)
	at jeus.servlet.jsp.JspServletWrapper.executeServlet(JspServletWrapper.java:87)
	at jeus.servlet.servlets.JspServlet.executeServlet(JspServlet.java:136)
	at jeus.servlet.filter.FilterChainImpl.internalDoFilter(FilterChainImpl.java:113)
	at jeus.servlet.filter.FilterChainImpl.doFilter(FilterChainImpl.java:87)
	at org.springframework.web.filter.CharacterEncodingFilter.doFilterInternal(CharacterEncodingFilter.java:197)
	at org.springframework.web.filter.OncePerRequestFilter.doFilter(OncePerRequestFilter.java:107)
	at jeus.servlet.filter.FilterChainImpl.internalDoFilter(FilterChainImpl.java:99)
	at jeus.servlet.filter.FilterChainImpl.doFilter(FilterChainImpl.java:87)
	at com.mten.filter.xss.CrossScriptingFilter.doFilter(CrossScriptingFilter.java:51)
	at jeus.servlet.filter.FilterChainImpl.internalDoFilter(FilterChainImpl.java:99)
	at jeus.servlet.filter.FilterChainImpl.doFilter(FilterChainImpl.java:87)
	at jeus.servlet.servlets.JspServlet.execute(JspServlet.java:74)
	at jeus.servlet.valve.ContextBasicValve.invoke(ContextBasicValve.java:81)
	at jeus.servlet.valve.VirtualHostBasicValve.invoke(VirtualHostBasicValve.java:15)
	at jeus.servlet.valve.WebContainerBasicValve.invoke(WebContainerBasicValve.java:67)
	at jeus.servlet.engine.RequestProcessor.run(RequestProcessor.java:208)
	at jeus.util.pool.ThreadPoolExecutor$Worker.runTask(ThreadPoolExecutor.java:1301)
	at jeus.util.pool.ThreadPoolExecutor$Worker.run(ThreadPoolExecutor.java:1345)
	at jeus.servlet.engine.WebThreadPoolExecutor$WebRequestWorker.run(WebThreadPoolExecutor.java:201)
	at java.lang.Thread.run(Thread.java:750)

[ERR] [131013] [GPKIHttpServletRequest] com.gpki.secureweb.GPKISecureWEBException: String index out of range: -43
	at com.gpki.secureweb.Base64ContentInfo.<init>(Base64ContentInfo.java:108)
	at com.gpki.servlet.GPKIHttpServletRequest.init(GPKIHttpServletRequest.java:169)
	at com.gpki.servlet.GPKIHttpServletRequest.<init>(GPKIHttpServletRequest.java:134)
	at jeus_jspwork._gpkisecureweb._jsp._800_createSecureSession_5f1_5f1_5fjsp._jspService(_800_createSecureSession_5f1_5f1_5fjsp.java:147)
	at org.apache.jasper.runtime.HttpJspBase.service(HttpJspBase.java:70)
	at javax.servlet.http.HttpServlet.service(HttpServlet.java:791)
	at jeus.servlet.jsp.JspServletWrapper.executeServlet(JspServletWrapper.java:87)
	at jeus.servlet.servlets.JspServlet.executeServlet(JspServlet.java:136)
	at jeus.servlet.filter.FilterChainImpl.internalDoFilter(FilterChainImpl.java:113)
	at jeus.servlet.filter.FilterChainImpl.doFilter(FilterChainImpl.java:87)
	at org.springframework.web.filter.CharacterEncodingFilter.doFilterInternal(CharacterEncodingFilter.java:197)
	at org.springframework.web.filter.OncePerRequestFilter.doFilter(OncePerRequestFilter.java:107)
	at jeus.servlet.filter.FilterChainImpl.internalDoFilter(FilterChainImpl.java:99)
	at jeus.servlet.filter.FilterChainImpl.doFilter(FilterChainImpl.java:87)
	at com.mten.filter.xss.CrossScriptingFilter.doFilter(CrossScriptingFilter.java:51)
	at jeus.servlet.filter.FilterChainImpl.internalDoFilter(FilterChainImpl.java:99)
	at jeus.servlet.filter.FilterChainImpl.doFilter(FilterChainImpl.java:87)
	at jeus.servlet.servlets.JspServlet.execute(JspServlet.java:74)
	at jeus.servlet.valve.ContextBasicValve.invoke(ContextBasicValve.java:81)
	at jeus.servlet.valve.VirtualHostBasicValve.invoke(VirtualHostBasicValve.java:15)
	at jeus.servlet.valve.WebContainerBasicValve.invoke(WebContainerBasicValve.java:67)
	at jeus.servlet.engine.RequestProcessor.run(RequestProcessor.java:208)
	at jeus.util.pool.ThreadPoolExecutor$Worker.runTask(ThreadPoolExecutor.java:1301)
	at jeus.util.pool.ThreadPoolExecutor$Worker.run(ThreadPoolExecutor.java:1345)
	at jeus.servlet.engine.WebThreadPoolExecutor$WebRequestWorker.run(WebThreadPoolExecutor.java:201)
	at java.lang.Thread.run(Thread.java:750)

[DEBUG] [133422] [GPKIHttpServletRequest] [webtob1-hth0-2] GpkiApi.init() : /home/legal/legalb/gpkisecureweb/WEB-INF/conf
[DEBUG] [133422] [GPKIHttpServletRequest] [webtob1-hth0-2] query : 
[DEBUG] [133422] [Base64ContentInfo] [webtob1-hth0-2] QUERY_STRING  
[ERR] [133422] [Base64ContentInfo] java.lang.StringIndexOutOfBoundsException: String index out of range: -43
	at java.lang.String.substring(String.java:1967)
	at com.gpki.secureweb.Base64ContentInfo.<init>(Base64ContentInfo.java:78)
	at com.gpki.servlet.GPKIHttpServletRequest.init(GPKIHttpServletRequest.java:169)
	at com.gpki.servlet.GPKIHttpServletRequest.<init>(GPKIHttpServletRequest.java:134)
	at jeus_jspwork._gpkisecureweb._jsp._800_createSecureSession_5f1_5f1_5fjsp._jspService(_800_createSecureSession_5f1_5f1_5fjsp.java:147)
	at org.apache.jasper.runtime.HttpJspBase.service(HttpJspBase.java:70)
	at javax.servlet.http.HttpServlet.service(HttpServlet.java:791)
	at jeus.servlet.jsp.JspServletWrapper.executeServlet(JspServletWrapper.java:87)
	at jeus.servlet.servlets.JspServlet.executeServlet(JspServlet.java:136)
	at jeus.servlet.filter.FilterChainImpl.internalDoFilter(FilterChainImpl.java:113)
	at jeus.servlet.filter.FilterChainImpl.doFilter(FilterChainImpl.java:87)
	at org.springframework.web.filter.CharacterEncodingFilter.doFilterInternal(CharacterEncodingFilter.java:197)
	at org.springframework.web.filter.OncePerRequestFilter.doFilter(OncePerRequestFilter.java:107)
	at jeus.servlet.filter.FilterChainImpl.internalDoFilter(FilterChainImpl.java:99)
	at jeus.servlet.filter.FilterChainImpl.doFilter(FilterChainImpl.java:87)
	at com.mten.filter.xss.CrossScriptingFilter.doFilter(CrossScriptingFilter.java:51)
	at jeus.servlet.filter.FilterChainImpl.internalDoFilter(FilterChainImpl.java:99)
	at jeus.servlet.filter.FilterChainImpl.doFilter(FilterChainImpl.java:87)
	at jeus.servlet.servlets.JspServlet.execute(JspServlet.java:74)
	at jeus.servlet.valve.ContextBasicValve.invoke(ContextBasicValve.java:81)
	at jeus.servlet.valve.VirtualHostBasicValve.invoke(VirtualHostBasicValve.java:15)
	at jeus.servlet.valve.WebContainerBasicValve.invoke(WebContainerBasicValve.java:67)
	at jeus.servlet.engine.RequestProcessor.run(RequestProcessor.java:208)
	at jeus.util.pool.ThreadPoolExecutor$Worker.runTask(ThreadPoolExecutor.java:1301)
	at jeus.util.pool.ThreadPoolExecutor$Worker.run(ThreadPoolExecutor.java:1345)
	at jeus.servlet.engine.WebThreadPoolExecutor$WebRequestWorker.run(WebThreadPoolExecutor.java:201)
	at java.lang.Thread.run(Thread.java:750)

[ERR] [133422] [GPKIHttpServletRequest] com.gpki.secureweb.GPKISecureWEBException: String index out of range: -43
	at com.gpki.secureweb.Base64ContentInfo.<init>(Base64ContentInfo.java:108)
	at com.gpki.servlet.GPKIHttpServletRequest.init(GPKIHttpServletRequest.java:169)
	at com.gpki.servlet.GPKIHttpServletRequest.<init>(GPKIHttpServletRequest.java:134)
	at jeus_jspwork._gpkisecureweb._jsp._800_createSecureSession_5f1_5f1_5fjsp._jspService(_800_createSecureSession_5f1_5f1_5fjsp.java:147)
	at org.apache.jasper.runtime.HttpJspBase.service(HttpJspBase.java:70)
	at javax.servlet.http.HttpServlet.service(HttpServlet.java:791)
	at jeus.servlet.jsp.JspServletWrapper.executeServlet(JspServletWrapper.java:87)
	at jeus.servlet.servlets.JspServlet.executeServlet(JspServlet.java:136)
	at jeus.servlet.filter.FilterChainImpl.internalDoFilter(FilterChainImpl.java:113)
	at jeus.servlet.filter.FilterChainImpl.doFilter(FilterChainImpl.java:87)
	at org.springframework.web.filter.CharacterEncodingFilter.doFilterInternal(CharacterEncodingFilter.java:197)
	at org.springframework.web.filter.OncePerRequestFilter.doFilter(OncePerRequestFilter.java:107)
	at jeus.servlet.filter.FilterChainImpl.internalDoFilter(FilterChainImpl.java:99)
	at jeus.servlet.filter.FilterChainImpl.doFilter(FilterChainImpl.java:87)
	at com.mten.filter.xss.CrossScriptingFilter.doFilter(CrossScriptingFilter.java:51)
	at jeus.servlet.filter.FilterChainImpl.internalDoFilter(FilterChainImpl.java:99)
	at jeus.servlet.filter.FilterChainImpl.doFilter(FilterChainImpl.java:87)
	at jeus.servlet.servlets.JspServlet.execute(JspServlet.java:74)
	at jeus.servlet.valve.ContextBasicValve.invoke(ContextBasicValve.java:81)
	at jeus.servlet.valve.VirtualHostBasicValve.invoke(VirtualHostBasicValve.java:15)
	at jeus.servlet.valve.WebContainerBasicValve.invoke(WebContainerBasicValve.java:67)
	at jeus.servlet.engine.RequestProcessor.run(RequestProcessor.java:208)
	at jeus.util.pool.ThreadPoolExecutor$Worker.runTask(ThreadPoolExecutor.java:1301)
	at jeus.util.pool.ThreadPoolExecutor$Worker.run(ThreadPoolExecutor.java:1345)
	at jeus.servlet.engine.WebThreadPoolExecutor$WebRequestWorker.run(WebThreadPoolExecutor.java:201)
	at java.lang.Thread.run(Thread.java:750)

[DEBUG] [140454] [GPKIHttpServletRequest] [webtob1-hth0-10] GpkiApi.init() : /home/legal/legalb/gpkisecureweb/WEB-INF/conf
[DEBUG] [140454] [GPKIHttpServletRequest] [webtob1-hth0-10] query : 
[DEBUG] [140454] [Base64ContentInfo] [webtob1-hth0-10] QUERY_STRING  
[ERR] [140454] [Base64ContentInfo] java.lang.StringIndexOutOfBoundsException: String index out of range: -43
	at java.lang.String.substring(String.java:1967)
	at com.gpki.secureweb.Base64ContentInfo.<init>(Base64ContentInfo.java:78)
	at com.gpki.servlet.GPKIHttpServletRequest.init(GPKIHttpServletRequest.java:169)
	at com.gpki.servlet.GPKIHttpServletRequest.<init>(GPKIHttpServletRequest.java:134)
	at jeus_jspwork._gpkisecureweb._jsp._800_createSecureSession_5f1_5f1_5fjsp._jspService(_800_createSecureSession_5f1_5f1_5fjsp.java:147)
	at org.apache.jasper.runtime.HttpJspBase.service(HttpJspBase.java:70)
	at javax.servlet.http.HttpServlet.service(HttpServlet.java:791)
	at jeus.servlet.jsp.JspServletWrapper.executeServlet(JspServletWrapper.java:87)
	at jeus.servlet.servlets.JspServlet.executeServlet(JspServlet.java:136)
	at jeus.servlet.filter.FilterChainImpl.internalDoFilter(FilterChainImpl.java:113)
	at jeus.servlet.filter.FilterChainImpl.doFilter(FilterChainImpl.java:87)
	at org.springframework.web.filter.CharacterEncodingFilter.doFilterInternal(CharacterEncodingFilter.java:197)
	at org.springframework.web.filter.OncePerRequestFilter.doFilter(OncePerRequestFilter.java:107)
	at jeus.servlet.filter.FilterChainImpl.internalDoFilter(FilterChainImpl.java:99)
	at jeus.servlet.filter.FilterChainImpl.doFilter(FilterChainImpl.java:87)
	at com.mten.filter.xss.CrossScriptingFilter.doFilter(CrossScriptingFilter.java:51)
	at jeus.servlet.filter.FilterChainImpl.internalDoFilter(FilterChainImpl.java:99)
	at jeus.servlet.filter.FilterChainImpl.doFilter(FilterChainImpl.java:87)
	at jeus.servlet.servlets.JspServlet.execute(JspServlet.java:74)
	at jeus.servlet.valve.ContextBasicValve.invoke(ContextBasicValve.java:81)
	at jeus.servlet.valve.VirtualHostBasicValve.invoke(VirtualHostBasicValve.java:15)
	at jeus.servlet.valve.WebContainerBasicValve.invoke(WebContainerBasicValve.java:67)
	at jeus.servlet.engine.RequestProcessor.run(RequestProcessor.java:208)
	at jeus.util.pool.ThreadPoolExecutor$Worker.runTask(ThreadPoolExecutor.java:1301)
	at jeus.util.pool.ThreadPoolExecutor$Worker.run(ThreadPoolExecutor.java:1345)
	at jeus.servlet.engine.WebThreadPoolExecutor$WebRequestWorker.run(WebThreadPoolExecutor.java:201)
	at java.lang.Thread.run(Thread.java:750)

[ERR] [140454] [GPKIHttpServletRequest] com.gpki.secureweb.GPKISecureWEBException: String index out of range: -43
	at com.gpki.secureweb.Base64ContentInfo.<init>(Base64ContentInfo.java:108)
	at com.gpki.servlet.GPKIHttpServletRequest.init(GPKIHttpServletRequest.java:169)
	at com.gpki.servlet.GPKIHttpServletRequest.<init>(GPKIHttpServletRequest.java:134)
	at jeus_jspwork._gpkisecureweb._jsp._800_createSecureSession_5f1_5f1_5fjsp._jspService(_800_createSecureSession_5f1_5f1_5fjsp.java:147)
	at org.apache.jasper.runtime.HttpJspBase.service(HttpJspBase.java:70)
	at javax.servlet.http.HttpServlet.service(HttpServlet.java:791)
	at jeus.servlet.jsp.JspServletWrapper.executeServlet(JspServletWrapper.java:87)
	at jeus.servlet.servlets.JspServlet.executeServlet(JspServlet.java:136)
	at jeus.servlet.filter.FilterChainImpl.internalDoFilter(FilterChainImpl.java:113)
	at jeus.servlet.filter.FilterChainImpl.doFilter(FilterChainImpl.java:87)
	at org.springframework.web.filter.CharacterEncodingFilter.doFilterInternal(CharacterEncodingFilter.java:197)
	at org.springframework.web.filter.OncePerRequestFilter.doFilter(OncePerRequestFilter.java:107)
	at jeus.servlet.filter.FilterChainImpl.internalDoFilter(FilterChainImpl.java:99)
	at jeus.servlet.filter.FilterChainImpl.doFilter(FilterChainImpl.java:87)
	at com.mten.filter.xss.CrossScriptingFilter.doFilter(CrossScriptingFilter.java:51)
	at jeus.servlet.filter.FilterChainImpl.internalDoFilter(FilterChainImpl.java:99)
	at jeus.servlet.filter.FilterChainImpl.doFilter(FilterChainImpl.java:87)
	at jeus.servlet.servlets.JspServlet.execute(JspServlet.java:74)
	at jeus.servlet.valve.ContextBasicValve.invoke(ContextBasicValve.java:81)
	at jeus.servlet.valve.VirtualHostBasicValve.invoke(VirtualHostBasicValve.java:15)
	at jeus.servlet.valve.WebContainerBasicValve.invoke(WebContainerBasicValve.java:67)
	at jeus.servlet.engine.RequestProcessor.run(RequestProcessor.java:208)
	at jeus.util.pool.ThreadPoolExecutor$Worker.runTask(ThreadPoolExecutor.java:1301)
	at jeus.util.pool.ThreadPoolExecutor$Worker.run(ThreadPoolExecutor.java:1345)
	at jeus.servlet.engine.WebThreadPoolExecutor$WebRequestWorker.run(WebThreadPoolExecutor.java:201)
	at java.lang.Thread.run(Thread.java:750)

[DEBUG] [143034] [GPKIHttpServletRequest] [webtob1-hth0-16] GpkiApi.init() : /home/legal/legalb/gpkisecureweb/WEB-INF/conf
[DEBUG] [143034] [GPKIHttpServletRequest] [webtob1-hth0-16] query : 
[DEBUG] [143034] [Base64ContentInfo] [webtob1-hth0-16] QUERY_STRING  
[ERR] [143034] [Base64ContentInfo] java.lang.StringIndexOutOfBoundsException: String index out of range: -43
	at java.lang.String.substring(String.java:1967)
	at com.gpki.secureweb.Base64ContentInfo.<init>(Base64ContentInfo.java:78)
	at com.gpki.servlet.GPKIHttpServletRequest.init(GPKIHttpServletRequest.java:169)
	at com.gpki.servlet.GPKIHttpServletRequest.<init>(GPKIHttpServletRequest.java:134)
	at jeus_jspwork._gpkisecureweb._jsp._800_createSecureSession_5f2_5f1_5fjsp._jspService(_800_createSecureSession_5f2_5f1_5fjsp.java:147)
	at org.apache.jasper.runtime.HttpJspBase.service(HttpJspBase.java:70)
	at javax.servlet.http.HttpServlet.service(HttpServlet.java:791)
	at jeus.servlet.jsp.JspServletWrapper.executeServlet(JspServletWrapper.java:87)
	at jeus.servlet.servlets.JspServlet.executeServlet(JspServlet.java:136)
	at jeus.servlet.filter.FilterChainImpl.internalDoFilter(FilterChainImpl.java:113)
	at jeus.servlet.filter.FilterChainImpl.doFilter(FilterChainImpl.java:87)
	at org.springframework.web.filter.CharacterEncodingFilter.doFilterInternal(CharacterEncodingFilter.java:197)
	at org.springframework.web.filter.OncePerRequestFilter.doFilter(OncePerRequestFilter.java:107)
	at jeus.servlet.filter.FilterChainImpl.internalDoFilter(FilterChainImpl.java:99)
	at jeus.servlet.filter.FilterChainImpl.doFilter(FilterChainImpl.java:87)
	at com.mten.filter.xss.CrossScriptingFilter.doFilter(CrossScriptingFilter.java:51)
	at jeus.servlet.filter.FilterChainImpl.internalDoFilter(FilterChainImpl.java:99)
	at jeus.servlet.filter.FilterChainImpl.doFilter(FilterChainImpl.java:87)
	at jeus.servlet.servlets.JspServlet.execute(JspServlet.java:74)
	at jeus.servlet.valve.ContextBasicValve.invoke(ContextBasicValve.java:81)
	at jeus.servlet.valve.VirtualHostBasicValve.invoke(VirtualHostBasicValve.java:15)
	at jeus.servlet.valve.WebContainerBasicValve.invoke(WebContainerBasicValve.java:67)
	at jeus.servlet.engine.RequestProcessor.run(RequestProcessor.java:208)
	at jeus.util.pool.ThreadPoolExecutor$Worker.runTask(ThreadPoolExecutor.java:1301)
	at jeus.util.pool.ThreadPoolExecutor$Worker.run(ThreadPoolExecutor.java:1345)
	at jeus.servlet.engine.WebThreadPoolExecutor$WebRequestWorker.run(WebThreadPoolExecutor.java:201)
	at java.lang.Thread.run(Thread.java:750)

[ERR] [143034] [GPKIHttpServletRequest] com.gpki.secureweb.GPKISecureWEBException: String index out of range: -43
	at com.gpki.secureweb.Base64ContentInfo.<init>(Base64ContentInfo.java:108)
	at com.gpki.servlet.GPKIHttpServletRequest.init(GPKIHttpServletRequest.java:169)
	at com.gpki.servlet.GPKIHttpServletRequest.<init>(GPKIHttpServletRequest.java:134)
	at jeus_jspwork._gpkisecureweb._jsp._800_createSecureSession_5f2_5f1_5fjsp._jspService(_800_createSecureSession_5f2_5f1_5fjsp.java:147)
	at org.apache.jasper.runtime.HttpJspBase.service(HttpJspBase.java:70)
	at javax.servlet.http.HttpServlet.service(HttpServlet.java:791)
	at jeus.servlet.jsp.JspServletWrapper.executeServlet(JspServletWrapper.java:87)
	at jeus.servlet.servlets.JspServlet.executeServlet(JspServlet.java:136)
	at jeus.servlet.filter.FilterChainImpl.internalDoFilter(FilterChainImpl.java:113)
	at jeus.servlet.filter.FilterChainImpl.doFilter(FilterChainImpl.java:87)
	at org.springframework.web.filter.CharacterEncodingFilter.doFilterInternal(CharacterEncodingFilter.java:197)
	at org.springframework.web.filter.OncePerRequestFilter.doFilter(OncePerRequestFilter.java:107)
	at jeus.servlet.filter.FilterChainImpl.internalDoFilter(FilterChainImpl.java:99)
	at jeus.servlet.filter.FilterChainImpl.doFilter(FilterChainImpl.java:87)
	at com.mten.filter.xss.CrossScriptingFilter.doFilter(CrossScriptingFilter.java:51)
	at jeus.servlet.filter.FilterChainImpl.internalDoFilter(FilterChainImpl.java:99)
	at jeus.servlet.filter.FilterChainImpl.doFilter(FilterChainImpl.java:87)
	at jeus.servlet.servlets.JspServlet.execute(JspServlet.java:74)
	at jeus.servlet.valve.ContextBasicValve.invoke(ContextBasicValve.java:81)
	at jeus.servlet.valve.VirtualHostBasicValve.invoke(VirtualHostBasicValve.java:15)
	at jeus.servlet.valve.WebContainerBasicValve.invoke(WebContainerBasicValve.java:67)
	at jeus.servlet.engine.RequestProcessor.run(RequestProcessor.java:208)
	at jeus.util.pool.ThreadPoolExecutor$Worker.runTask(ThreadPoolExecutor.java:1301)
	at jeus.util.pool.ThreadPoolExecutor$Worker.run(ThreadPoolExecutor.java:1345)
	at jeus.servlet.engine.WebThreadPoolExecutor$WebRequestWorker.run(WebThreadPoolExecutor.java:201)
	at java.lang.Thread.run(Thread.java:750)

[DEBUG] [143743] [GPKIHttpServletRequest] [webtob1-hth0-23] GpkiApi.init() : /home/legal/legalb/gpkisecureweb/WEB-INF/conf
[DEBUG] [143743] [GPKIHttpServletRequest] [webtob1-hth0-23] query : 
[DEBUG] [143743] [Base64ContentInfo] [webtob1-hth0-23] QUERY_STRING  
[ERR] [143743] [Base64ContentInfo] java.lang.StringIndexOutOfBoundsException: String index out of range: -43
	at java.lang.String.substring(String.java:1967)
	at com.gpki.secureweb.Base64ContentInfo.<init>(Base64ContentInfo.java:78)
	at com.gpki.servlet.GPKIHttpServletRequest.init(GPKIHttpServletRequest.java:169)
	at com.gpki.servlet.GPKIHttpServletRequest.<init>(GPKIHttpServletRequest.java:134)
	at jeus_jspwork._gpkisecureweb._jsp._800_createSecureSession_5f1_5f1_5fjsp._jspService(_800_createSecureSession_5f1_5f1_5fjsp.java:147)
	at org.apache.jasper.runtime.HttpJspBase.service(HttpJspBase.java:70)
	at javax.servlet.http.HttpServlet.service(HttpServlet.java:791)
	at jeus.servlet.jsp.JspServletWrapper.executeServlet(JspServletWrapper.java:87)
	at jeus.servlet.filter.FilterChainImpl.internalDoFilter(FilterChainImpl.java:113)
	at jeus.servlet.filter.FilterChainImpl.doFilter(FilterChainImpl.java:87)
	at org.springframework.web.filter.CharacterEncodingFilter.doFilterInternal(CharacterEncodingFilter.java:197)
	at org.springframework.web.filter.OncePerRequestFilter.doFilter(OncePerRequestFilter.java:107)
	at jeus.servlet.filter.FilterChainImpl.internalDoFilter(FilterChainImpl.java:99)
	at jeus.servlet.filter.FilterChainImpl.doFilter(FilterChainImpl.java:87)
	at com.mten.filter.xss.CrossScriptingFilter.doFilter(CrossScriptingFilter.java:51)
	at jeus.servlet.filter.FilterChainImpl.internalDoFilter(FilterChainImpl.java:99)
	at jeus.servlet.filter.FilterChainImpl.doFilter(FilterChainImpl.java:87)
	at jeus.servlet.engine.ServletWrapper.execute(ServletWrapper.java:148)
	at jeus.servlet.jsp.JspServletWrapper.execute(JspServletWrapper.java:57)
	at jeus.servlet.valve.ContextBasicValve.invoke(ContextBasicValve.java:81)
	at jeus.servlet.valve.VirtualHostBasicValve.invoke(VirtualHostBasicValve.java:15)
	at jeus.servlet.valve.WebContainerBasicValve.invoke(WebContainerBasicValve.java:67)
	at jeus.servlet.engine.RequestProcessor.run(RequestProcessor.java:208)
	at jeus.util.pool.ThreadPoolExecutor$Worker.runTask(ThreadPoolExecutor.java:1301)
	at jeus.util.pool.ThreadPoolExecutor$Worker.run(ThreadPoolExecutor.java:1345)
	at jeus.servlet.engine.WebThreadPoolExecutor$WebRequestWorker.run(WebThreadPoolExecutor.java:201)
	at java.lang.Thread.run(Thread.java:750)

[ERR] [143743] [GPKIHttpServletRequest] com.gpki.secureweb.GPKISecureWEBException: String index out of range: -43
	at com.gpki.secureweb.Base64ContentInfo.<init>(Base64ContentInfo.java:108)
	at com.gpki.servlet.GPKIHttpServletRequest.init(GPKIHttpServletRequest.java:169)
	at com.gpki.servlet.GPKIHttpServletRequest.<init>(GPKIHttpServletRequest.java:134)
	at jeus_jspwork._gpkisecureweb._jsp._800_createSecureSession_5f1_5f1_5fjsp._jspService(_800_createSecureSession_5f1_5f1_5fjsp.java:147)
	at org.apache.jasper.runtime.HttpJspBase.service(HttpJspBase.java:70)
	at javax.servlet.http.HttpServlet.service(HttpServlet.java:791)
	at jeus.servlet.jsp.JspServletWrapper.executeServlet(JspServletWrapper.java:87)
	at jeus.servlet.filter.FilterChainImpl.internalDoFilter(FilterChainImpl.java:113)
	at jeus.servlet.filter.FilterChainImpl.doFilter(FilterChainImpl.java:87)
	at org.springframework.web.filter.CharacterEncodingFilter.doFilterInternal(CharacterEncodingFilter.java:197)
	at org.springframework.web.filter.OncePerRequestFilter.doFilter(OncePerRequestFilter.java:107)
	at jeus.servlet.filter.FilterChainImpl.internalDoFilter(FilterChainImpl.java:99)
	at jeus.servlet.filter.FilterChainImpl.doFilter(FilterChainImpl.java:87)
	at com.mten.filter.xss.CrossScriptingFilter.doFilter(CrossScriptingFilter.java:51)
	at jeus.servlet.filter.FilterChainImpl.internalDoFilter(FilterChainImpl.java:99)
	at jeus.servlet.filter.FilterChainImpl.doFilter(FilterChainImpl.java:87)
	at jeus.servlet.engine.ServletWrapper.execute(ServletWrapper.java:148)
	at jeus.servlet.jsp.JspServletWrapper.execute(JspServletWrapper.java:57)
	at jeus.servlet.valve.ContextBasicValve.invoke(ContextBasicValve.java:81)
	at jeus.servlet.valve.VirtualHostBasicValve.invoke(VirtualHostBasicValve.java:15)
	at jeus.servlet.valve.WebContainerBasicValve.invoke(WebContainerBasicValve.java:67)
	at jeus.servlet.engine.RequestProcessor.run(RequestProcessor.java:208)
	at jeus.util.pool.ThreadPoolExecutor$Worker.runTask(ThreadPoolExecutor.java:1301)
	at jeus.util.pool.ThreadPoolExecutor$Worker.run(ThreadPoolExecutor.java:1345)
	at jeus.servlet.engine.WebThreadPoolExecutor$WebRequestWorker.run(WebThreadPoolExecutor.java:201)
	at java.lang.Thread.run(Thread.java:750)

[DEBUG] [144044] [GPKIHttpServletRequest] [webtob1-hth0-39] GpkiApi.init() : /home/legal/legalb/gpkisecureweb/WEB-INF/conf
[DEBUG] [144044] [GPKIHttpServletRequest] [webtob1-hth0-39] query : 
[DEBUG] [144044] [Base64ContentInfo] [webtob1-hth0-39] QUERY_STRING  
[ERR] [144044] [Base64ContentInfo] java.lang.StringIndexOutOfBoundsException: String index out of range: -43
	at java.lang.String.substring(String.java:1967)
	at com.gpki.secureweb.Base64ContentInfo.<init>(Base64ContentInfo.java:78)
	at com.gpki.servlet.GPKIHttpServletRequest.init(GPKIHttpServletRequest.java:169)
	at com.gpki.servlet.GPKIHttpServletRequest.<init>(GPKIHttpServletRequest.java:134)
	at jeus_jspwork._gpkisecureweb._jsp._800_createSecureSession_5f1_5f1_5fjsp._jspService(_800_createSecureSession_5f1_5f1_5fjsp.java:147)
	at org.apache.jasper.runtime.HttpJspBase.service(HttpJspBase.java:70)
	at javax.servlet.http.HttpServlet.service(HttpServlet.java:791)
	at jeus.servlet.jsp.JspServletWrapper.executeServlet(JspServletWrapper.java:87)
	at jeus.servlet.filter.FilterChainImpl.internalDoFilter(FilterChainImpl.java:113)
	at jeus.servlet.filter.FilterChainImpl.doFilter(FilterChainImpl.java:87)
	at org.springframework.web.filter.CharacterEncodingFilter.doFilterInternal(CharacterEncodingFilter.java:197)
	at org.springframework.web.filter.OncePerRequestFilter.doFilter(OncePerRequestFilter.java:107)
	at jeus.servlet.filter.FilterChainImpl.internalDoFilter(FilterChainImpl.java:99)
	at jeus.servlet.filter.FilterChainImpl.doFilter(FilterChainImpl.java:87)
	at com.mten.filter.xss.CrossScriptingFilter.doFilter(CrossScriptingFilter.java:51)
	at jeus.servlet.filter.FilterChainImpl.internalDoFilter(FilterChainImpl.java:99)
	at jeus.servlet.filter.FilterChainImpl.doFilter(FilterChainImpl.java:87)
	at jeus.servlet.engine.ServletWrapper.execute(ServletWrapper.java:148)
	at jeus.servlet.jsp.JspServletWrapper.execute(JspServletWrapper.java:57)
	at jeus.servlet.valve.ContextBasicValve.invoke(ContextBasicValve.java:81)
	at jeus.servlet.valve.VirtualHostBasicValve.invoke(VirtualHostBasicValve.java:15)
	at jeus.servlet.valve.WebContainerBasicValve.invoke(WebContainerBasicValve.java:67)
	at jeus.servlet.engine.RequestProcessor.run(RequestProcessor.java:208)
	at jeus.util.pool.ThreadPoolExecutor$Worker.runTask(ThreadPoolExecutor.java:1301)
	at jeus.util.pool.ThreadPoolExecutor$Worker.run(ThreadPoolExecutor.java:1345)
	at jeus.servlet.engine.WebThreadPoolExecutor$WebRequestWorker.run(WebThreadPoolExecutor.java:201)
	at java.lang.Thread.run(Thread.java:750)

[ERR] [144044] [GPKIHttpServletRequest] com.gpki.secureweb.GPKISecureWEBException: String index out of range: -43
	at com.gpki.secureweb.Base64ContentInfo.<init>(Base64ContentInfo.java:108)
	at com.gpki.servlet.GPKIHttpServletRequest.init(GPKIHttpServletRequest.java:169)
	at com.gpki.servlet.GPKIHttpServletRequest.<init>(GPKIHttpServletRequest.java:134)
	at jeus_jspwork._gpkisecureweb._jsp._800_createSecureSession_5f1_5f1_5fjsp._jspService(_800_createSecureSession_5f1_5f1_5fjsp.java:147)
	at org.apache.jasper.runtime.HttpJspBase.service(HttpJspBase.java:70)
	at javax.servlet.http.HttpServlet.service(HttpServlet.java:791)
	at jeus.servlet.jsp.JspServletWrapper.executeServlet(JspServletWrapper.java:87)
	at jeus.servlet.filter.FilterChainImpl.internalDoFilter(FilterChainImpl.java:113)
	at jeus.servlet.filter.FilterChainImpl.doFilter(FilterChainImpl.java:87)
	at org.springframework.web.filter.CharacterEncodingFilter.doFilterInternal(CharacterEncodingFilter.java:197)
	at org.springframework.web.filter.OncePerRequestFilter.doFilter(OncePerRequestFilter.java:107)
	at jeus.servlet.filter.FilterChainImpl.internalDoFilter(FilterChainImpl.java:99)
	at jeus.servlet.filter.FilterChainImpl.doFilter(FilterChainImpl.java:87)
	at com.mten.filter.xss.CrossScriptingFilter.doFilter(CrossScriptingFilter.java:51)
	at jeus.servlet.filter.FilterChainImpl.internalDoFilter(FilterChainImpl.java:99)
	at jeus.servlet.filter.FilterChainImpl.doFilter(FilterChainImpl.java:87)
	at jeus.servlet.engine.ServletWrapper.execute(ServletWrapper.java:148)
	at jeus.servlet.jsp.JspServletWrapper.execute(JspServletWrapper.java:57)
	at jeus.servlet.valve.ContextBasicValve.invoke(ContextBasicValve.java:81)
	at jeus.servlet.valve.VirtualHostBasicValve.invoke(VirtualHostBasicValve.java:15)
	at jeus.servlet.valve.WebContainerBasicValve.invoke(WebContainerBasicValve.java:67)
	at jeus.servlet.engine.RequestProcessor.run(RequestProcessor.java:208)
	at jeus.util.pool.ThreadPoolExecutor$Worker.runTask(ThreadPoolExecutor.java:1301)
	at jeus.util.pool.ThreadPoolExecutor$Worker.run(ThreadPoolExecutor.java:1345)
	at jeus.servlet.engine.WebThreadPoolExecutor$WebRequestWorker.run(WebThreadPoolExecutor.java:201)
	at java.lang.Thread.run(Thread.java:750)

[DEBUG] [144946] [GPKIHttpServletRequest] [webtob1-hth0-45] GpkiApi.init() : /home/legal/legalb/gpkisecureweb/WEB-INF/conf
[DEBUG] [144946] [GPKIHttpServletRequest] [webtob1-hth0-45] query : 
[DEBUG] [144946] [Base64ContentInfo] [webtob1-hth0-45] QUERY_STRING  
[ERR] [144946] [Base64ContentInfo] java.lang.StringIndexOutOfBoundsException: String index out of range: -43
	at java.lang.String.substring(String.java:1967)
	at com.gpki.secureweb.Base64ContentInfo.<init>(Base64ContentInfo.java:78)
	at com.gpki.servlet.GPKIHttpServletRequest.init(GPKIHttpServletRequest.java:169)
	at com.gpki.servlet.GPKIHttpServletRequest.<init>(GPKIHttpServletRequest.java:134)
	at jeus_jspwork._gpkisecureweb._jsp._800_requestSecureSession_5fjsp._jspService(_800_requestSecureSession_5fjsp.java:147)
	at org.apache.jasper.runtime.HttpJspBase.service(HttpJspBase.java:70)
	at javax.servlet.http.HttpServlet.service(HttpServlet.java:791)
	at jeus.servlet.jsp.JspServletWrapper.executeServlet(JspServletWrapper.java:87)
	at jeus.servlet.servlets.JspServlet.executeServlet(JspServlet.java:136)
	at jeus.servlet.filter.FilterChainImpl.internalDoFilter(FilterChainImpl.java:113)
	at jeus.servlet.filter.FilterChainImpl.doFilter(FilterChainImpl.java:87)
	at org.springframework.web.filter.CharacterEncodingFilter.doFilterInternal(CharacterEncodingFilter.java:197)
	at org.springframework.web.filter.OncePerRequestFilter.doFilter(OncePerRequestFilter.java:107)
	at jeus.servlet.filter.FilterChainImpl.internalDoFilter(FilterChainImpl.java:99)
	at jeus.servlet.filter.FilterChainImpl.doFilter(FilterChainImpl.java:87)
	at com.mten.filter.xss.CrossScriptingFilter.doFilter(CrossScriptingFilter.java:51)
	at jeus.servlet.filter.FilterChainImpl.internalDoFilter(FilterChainImpl.java:99)
	at jeus.servlet.filter.FilterChainImpl.doFilter(FilterChainImpl.java:87)
	at jeus.servlet.servlets.JspServlet.execute(JspServlet.java:74)
	at jeus.servlet.valve.ContextBasicValve.invoke(ContextBasicValve.java:81)
	at jeus.servlet.valve.VirtualHostBasicValve.invoke(VirtualHostBasicValve.java:15)
	at jeus.servlet.valve.WebContainerBasicValve.invoke(WebContainerBasicValve.java:67)
	at jeus.servlet.engine.RequestProcessor.run(RequestProcessor.java:208)
	at jeus.util.pool.ThreadPoolExecutor$Worker.runTask(ThreadPoolExecutor.java:1301)
	at jeus.util.pool.ThreadPoolExecutor$Worker.run(ThreadPoolExecutor.java:1345)
	at jeus.servlet.engine.WebThreadPoolExecutor$WebRequestWorker.run(WebThreadPoolExecutor.java:201)
	at java.lang.Thread.run(Thread.java:750)

[ERR] [144946] [GPKIHttpServletRequest] com.gpki.secureweb.GPKISecureWEBException: String index out of range: -43
	at com.gpki.secureweb.Base64ContentInfo.<init>(Base64ContentInfo.java:108)
	at com.gpki.servlet.GPKIHttpServletRequest.init(GPKIHttpServletRequest.java:169)
	at com.gpki.servlet.GPKIHttpServletRequest.<init>(GPKIHttpServletRequest.java:134)
	at jeus_jspwork._gpkisecureweb._jsp._800_requestSecureSession_5fjsp._jspService(_800_requestSecureSession_5fjsp.java:147)
	at org.apache.jasper.runtime.HttpJspBase.service(HttpJspBase.java:70)
	at javax.servlet.http.HttpServlet.service(HttpServlet.java:791)
	at jeus.servlet.jsp.JspServletWrapper.executeServlet(JspServletWrapper.java:87)
	at jeus.servlet.servlets.JspServlet.executeServlet(JspServlet.java:136)
	at jeus.servlet.filter.FilterChainImpl.internalDoFilter(FilterChainImpl.java:113)
	at jeus.servlet.filter.FilterChainImpl.doFilter(FilterChainImpl.java:87)
	at org.springframework.web.filter.CharacterEncodingFilter.doFilterInternal(CharacterEncodingFilter.java:197)
	at org.springframework.web.filter.OncePerRequestFilter.doFilter(OncePerRequestFilter.java:107)
	at jeus.servlet.filter.FilterChainImpl.internalDoFilter(FilterChainImpl.java:99)
	at jeus.servlet.filter.FilterChainImpl.doFilter(FilterChainImpl.java:87)
	at com.mten.filter.xss.CrossScriptingFilter.doFilter(CrossScriptingFilter.java:51)
	at jeus.servlet.filter.FilterChainImpl.internalDoFilter(FilterChainImpl.java:99)
	at jeus.servlet.filter.FilterChainImpl.doFilter(FilterChainImpl.java:87)
	at jeus.servlet.servlets.JspServlet.execute(JspServlet.java:74)
	at jeus.servlet.valve.ContextBasicValve.invoke(ContextBasicValve.java:81)
	at jeus.servlet.valve.VirtualHostBasicValve.invoke(VirtualHostBasicValve.java:15)
	at jeus.servlet.valve.WebContainerBasicValve.invoke(WebContainerBasicValve.java:67)
	at jeus.servlet.engine.RequestProcessor.run(RequestProcessor.java:208)
	at jeus.util.pool.ThreadPoolExecutor$Worker.runTask(ThreadPoolExecutor.java:1301)
	at jeus.util.pool.ThreadPoolExecutor$Worker.run(ThreadPoolExecutor.java:1345)
	at jeus.servlet.engine.WebThreadPoolExecutor$WebRequestWorker.run(WebThreadPoolExecutor.java:201)
	at java.lang.Thread.run(Thread.java:750)

[DEBUG] [150151] [GPKIHttpServletRequest] [webtob1-hth0-9] GpkiApi.init() : /home/legal/legalb/gpkisecureweb/WEB-INF/conf
[DEBUG] [150151] [GPKIHttpServletRequest] [webtob1-hth0-9] query : 
[DEBUG] [150151] [Base64ContentInfo] [webtob1-hth0-9] QUERY_STRING  
[ERR] [150151] [Base64ContentInfo] java.lang.StringIndexOutOfBoundsException: String index out of range: -43
	at java.lang.String.substring(String.java:1967)
	at com.gpki.secureweb.Base64ContentInfo.<init>(Base64ContentInfo.java:78)
	at com.gpki.servlet.GPKIHttpServletRequest.init(GPKIHttpServletRequest.java:169)
	at com.gpki.servlet.GPKIHttpServletRequest.<init>(GPKIHttpServletRequest.java:134)
	at jeus_jspwork._gpkisecureweb._jsp._800_createSecureSession_5f1_5f1_5fjsp._jspService(_800_createSecureSession_5f1_5f1_5fjsp.java:147)
	at org.apache.jasper.runtime.HttpJspBase.service(HttpJspBase.java:70)
	at javax.servlet.http.HttpServlet.service(HttpServlet.java:791)
	at jeus.servlet.jsp.JspServletWrapper.executeServlet(JspServletWrapper.java:87)
	at jeus.servlet.filter.FilterChainImpl.internalDoFilter(FilterChainImpl.java:113)
	at jeus.servlet.filter.FilterChainImpl.doFilter(FilterChainImpl.java:87)
	at org.springframework.web.filter.CharacterEncodingFilter.doFilterInternal(CharacterEncodingFilter.java:197)
	at org.springframework.web.filter.OncePerRequestFilter.doFilter(OncePerRequestFilter.java:107)
	at jeus.servlet.filter.FilterChainImpl.internalDoFilter(FilterChainImpl.java:99)
	at jeus.servlet.filter.FilterChainImpl.doFilter(FilterChainImpl.java:87)
	at com.mten.filter.xss.CrossScriptingFilter.doFilter(CrossScriptingFilter.java:51)
	at jeus.servlet.filter.FilterChainImpl.internalDoFilter(FilterChainImpl.java:99)
	at jeus.servlet.filter.FilterChainImpl.doFilter(FilterChainImpl.java:87)
	at jeus.servlet.engine.ServletWrapper.execute(ServletWrapper.java:148)
	at jeus.servlet.jsp.JspServletWrapper.execute(JspServletWrapper.java:57)
	at jeus.servlet.valve.ContextBasicValve.invoke(ContextBasicValve.java:81)
	at jeus.servlet.valve.VirtualHostBasicValve.invoke(VirtualHostBasicValve.java:15)
	at jeus.servlet.valve.WebContainerBasicValve.invoke(WebContainerBasicValve.java:67)
	at jeus.servlet.engine.RequestProcessor.run(RequestProcessor.java:208)
	at jeus.util.pool.ThreadPoolExecutor$Worker.runTask(ThreadPoolExecutor.java:1301)
	at jeus.util.pool.ThreadPoolExecutor$Worker.run(ThreadPoolExecutor.java:1345)
	at jeus.servlet.engine.WebThreadPoolExecutor$WebRequestWorker.run(WebThreadPoolExecutor.java:201)
	at java.lang.Thread.run(Thread.java:750)

[ERR] [150151] [GPKIHttpServletRequest] com.gpki.secureweb.GPKISecureWEBException: String index out of range: -43
	at com.gpki.secureweb.Base64ContentInfo.<init>(Base64ContentInfo.java:108)
	at com.gpki.servlet.GPKIHttpServletRequest.init(GPKIHttpServletRequest.java:169)
	at com.gpki.servlet.GPKIHttpServletRequest.<init>(GPKIHttpServletRequest.java:134)
	at jeus_jspwork._gpkisecureweb._jsp._800_createSecureSession_5f1_5f1_5fjsp._jspService(_800_createSecureSession_5f1_5f1_5fjsp.java:147)
	at org.apache.jasper.runtime.HttpJspBase.service(HttpJspBase.java:70)
	at javax.servlet.http.HttpServlet.service(HttpServlet.java:791)
	at jeus.servlet.jsp.JspServletWrapper.executeServlet(JspServletWrapper.java:87)
	at jeus.servlet.filter.FilterChainImpl.internalDoFilter(FilterChainImpl.java:113)
	at jeus.servlet.filter.FilterChainImpl.doFilter(FilterChainImpl.java:87)
	at org.springframework.web.filter.CharacterEncodingFilter.doFilterInternal(CharacterEncodingFilter.java:197)
	at org.springframework.web.filter.OncePerRequestFilter.doFilter(OncePerRequestFilter.java:107)
	at jeus.servlet.filter.FilterChainImpl.internalDoFilter(FilterChainImpl.java:99)
	at jeus.servlet.filter.FilterChainImpl.doFilter(FilterChainImpl.java:87)
	at com.mten.filter.xss.CrossScriptingFilter.doFilter(CrossScriptingFilter.java:51)
	at jeus.servlet.filter.FilterChainImpl.internalDoFilter(FilterChainImpl.java:99)
	at jeus.servlet.filter.FilterChainImpl.doFilter(FilterChainImpl.java:87)
	at jeus.servlet.engine.ServletWrapper.execute(ServletWrapper.java:148)
	at jeus.servlet.jsp.JspServletWrapper.execute(JspServletWrapper.java:57)
	at jeus.servlet.valve.ContextBasicValve.invoke(ContextBasicValve.java:81)
	at jeus.servlet.valve.VirtualHostBasicValve.invoke(VirtualHostBasicValve.java:15)
	at jeus.servlet.valve.WebContainerBasicValve.invoke(WebContainerBasicValve.java:67)
	at jeus.servlet.engine.RequestProcessor.run(RequestProcessor.java:208)
	at jeus.util.pool.ThreadPoolExecutor$Worker.runTask(ThreadPoolExecutor.java:1301)
	at jeus.util.pool.ThreadPoolExecutor$Worker.run(ThreadPoolExecutor.java:1345)
	at jeus.servlet.engine.WebThreadPoolExecutor$WebRequestWorker.run(WebThreadPoolExecutor.java:201)
	at java.lang.Thread.run(Thread.java:750)

[DEBUG] [150525] [GPKIHttpServletRequest] [webtob1-hth0-14] GpkiApi.init() : /home/legal/legalb/gpkisecureweb/WEB-INF/conf
[DEBUG] [150525] [GPKIHttpServletRequest] [webtob1-hth0-14] query : 
[DEBUG] [150525] [Base64ContentInfo] [webtob1-hth0-14] QUERY_STRING  
[ERR] [150525] [Base64ContentInfo] java.lang.StringIndexOutOfBoundsException: String index out of range: -43
	at java.lang.String.substring(String.java:1967)
	at com.gpki.secureweb.Base64ContentInfo.<init>(Base64ContentInfo.java:78)
	at com.gpki.servlet.GPKIHttpServletRequest.init(GPKIHttpServletRequest.java:169)
	at com.gpki.servlet.GPKIHttpServletRequest.<init>(GPKIHttpServletRequest.java:134)
	at jeus_jspwork._gpkisecureweb._jsp._800_createSecureSession_5f1_5f1_5fjsp._jspService(_800_createSecureSession_5f1_5f1_5fjsp.java:147)
	at org.apache.jasper.runtime.HttpJspBase.service(HttpJspBase.java:70)
	at javax.servlet.http.HttpServlet.service(HttpServlet.java:791)
	at jeus.servlet.jsp.JspServletWrapper.executeServlet(JspServletWrapper.java:87)
	at jeus.servlet.filter.FilterChainImpl.internalDoFilter(FilterChainImpl.java:113)
	at jeus.servlet.filter.FilterChainImpl.doFilter(FilterChainImpl.java:87)
	at org.springframework.web.filter.CharacterEncodingFilter.doFilterInternal(CharacterEncodingFilter.java:197)
	at org.springframework.web.filter.OncePerRequestFilter.doFilter(OncePerRequestFilter.java:107)
	at jeus.servlet.filter.FilterChainImpl.internalDoFilter(FilterChainImpl.java:99)
	at jeus.servlet.filter.FilterChainImpl.doFilter(FilterChainImpl.java:87)
	at com.mten.filter.xss.CrossScriptingFilter.doFilter(CrossScriptingFilter.java:51)
	at jeus.servlet.filter.FilterChainImpl.internalDoFilter(FilterChainImpl.java:99)
	at jeus.servlet.filter.FilterChainImpl.doFilter(FilterChainImpl.java:87)
	at jeus.servlet.engine.ServletWrapper.execute(ServletWrapper.java:148)
	at jeus.servlet.jsp.JspServletWrapper.execute(JspServletWrapper.java:57)
	at jeus.servlet.valve.ContextBasicValve.invoke(ContextBasicValve.java:81)
	at jeus.servlet.valve.VirtualHostBasicValve.invoke(VirtualHostBasicValve.java:15)
	at jeus.servlet.valve.WebContainerBasicValve.invoke(WebContainerBasicValve.java:67)
	at jeus.servlet.engine.RequestProcessor.run(RequestProcessor.java:208)
	at jeus.util.pool.ThreadPoolExecutor$Worker.runTask(ThreadPoolExecutor.java:1301)
	at jeus.util.pool.ThreadPoolExecutor$Worker.run(ThreadPoolExecutor.java:1345)
	at jeus.servlet.engine.WebThreadPoolExecutor$WebRequestWorker.run(WebThreadPoolExecutor.java:201)
	at java.lang.Thread.run(Thread.java:750)

[ERR] [150525] [GPKIHttpServletRequest] com.gpki.secureweb.GPKISecureWEBException: String index out of range: -43
	at com.gpki.secureweb.Base64ContentInfo.<init>(Base64ContentInfo.java:108)
	at com.gpki.servlet.GPKIHttpServletRequest.init(GPKIHttpServletRequest.java:169)
	at com.gpki.servlet.GPKIHttpServletRequest.<init>(GPKIHttpServletRequest.java:134)
	at jeus_jspwork._gpkisecureweb._jsp._800_createSecureSession_5f1_5f1_5fjsp._jspService(_800_createSecureSession_5f1_5f1_5fjsp.java:147)
	at org.apache.jasper.runtime.HttpJspBase.service(HttpJspBase.java:70)
	at javax.servlet.http.HttpServlet.service(HttpServlet.java:791)
	at jeus.servlet.jsp.JspServletWrapper.executeServlet(JspServletWrapper.java:87)
	at jeus.servlet.filter.FilterChainImpl.internalDoFilter(FilterChainImpl.java:113)
	at jeus.servlet.filter.FilterChainImpl.doFilter(FilterChainImpl.java:87)
	at org.springframework.web.filter.CharacterEncodingFilter.doFilterInternal(CharacterEncodingFilter.java:197)
	at org.springframework.web.filter.OncePerRequestFilter.doFilter(OncePerRequestFilter.java:107)
	at jeus.servlet.filter.FilterChainImpl.internalDoFilter(FilterChainImpl.java:99)
	at jeus.servlet.filter.FilterChainImpl.doFilter(FilterChainImpl.java:87)
	at com.mten.filter.xss.CrossScriptingFilter.doFilter(CrossScriptingFilter.java:51)
	at jeus.servlet.filter.FilterChainImpl.internalDoFilter(FilterChainImpl.java:99)
	at jeus.servlet.filter.FilterChainImpl.doFilter(FilterChainImpl.java:87)
	at jeus.servlet.engine.ServletWrapper.execute(ServletWrapper.java:148)
	at jeus.servlet.jsp.JspServletWrapper.execute(JspServletWrapper.java:57)
	at jeus.servlet.valve.ContextBasicValve.invoke(ContextBasicValve.java:81)
	at jeus.servlet.valve.VirtualHostBasicValve.invoke(VirtualHostBasicValve.java:15)
	at jeus.servlet.valve.WebContainerBasicValve.invoke(WebContainerBasicValve.java:67)
	at jeus.servlet.engine.RequestProcessor.run(RequestProcessor.java:208)
	at jeus.util.pool.ThreadPoolExecutor$Worker.runTask(ThreadPoolExecutor.java:1301)
	at jeus.util.pool.ThreadPoolExecutor$Worker.run(ThreadPoolExecutor.java:1345)
	at jeus.servlet.engine.WebThreadPoolExecutor$WebRequestWorker.run(WebThreadPoolExecutor.java:201)
	at java.lang.Thread.run(Thread.java:750)

[DEBUG] [152237] [GPKIHttpServletRequest] [webtob1-hth0-2] GpkiApi.init() : /home/legal/legalb/gpkisecureweb/WEB-INF/conf
[DEBUG] [152237] [GPKIHttpServletRequest] [webtob1-hth0-2] query : 
[DEBUG] [152237] [Base64ContentInfo] [webtob1-hth0-2] QUERY_STRING  
[ERR] [152237] [Base64ContentInfo] java.lang.StringIndexOutOfBoundsException: String index out of range: -43
	at java.lang.String.substring(String.java:1967)
	at com.gpki.secureweb.Base64ContentInfo.<init>(Base64ContentInfo.java:78)
	at com.gpki.servlet.GPKIHttpServletRequest.init(GPKIHttpServletRequest.java:169)
	at com.gpki.servlet.GPKIHttpServletRequest.<init>(GPKIHttpServletRequest.java:134)
	at jeus_jspwork._gpkisecureweb._jsp._800_createSecureSession_5f1_5f1_5fjsp._jspService(_800_createSecureSession_5f1_5f1_5fjsp.java:147)
	at org.apache.jasper.runtime.HttpJspBase.service(HttpJspBase.java:70)
	at javax.servlet.http.HttpServlet.service(HttpServlet.java:791)
	at jeus.servlet.jsp.JspServletWrapper.executeServlet(JspServletWrapper.java:87)
	at jeus.servlet.filter.FilterChainImpl.internalDoFilter(FilterChainImpl.java:113)
	at jeus.servlet.filter.FilterChainImpl.doFilter(FilterChainImpl.java:87)
	at org.springframework.web.filter.CharacterEncodingFilter.doFilterInternal(CharacterEncodingFilter.java:197)
	at org.springframework.web.filter.OncePerRequestFilter.doFilter(OncePerRequestFilter.java:107)
	at jeus.servlet.filter.FilterChainImpl.internalDoFilter(FilterChainImpl.java:99)
	at jeus.servlet.filter.FilterChainImpl.doFilter(FilterChainImpl.java:87)
	at com.mten.filter.xss.CrossScriptingFilter.doFilter(CrossScriptingFilter.java:51)
	at jeus.servlet.filter.FilterChainImpl.internalDoFilter(FilterChainImpl.java:99)
	at jeus.servlet.filter.FilterChainImpl.doFilter(FilterChainImpl.java:87)
	at jeus.servlet.engine.ServletWrapper.execute(ServletWrapper.java:148)
	at jeus.servlet.jsp.JspServletWrapper.execute(JspServletWrapper.java:57)
	at jeus.servlet.valve.ContextBasicValve.invoke(ContextBasicValve.java:81)
	at jeus.servlet.valve.VirtualHostBasicValve.invoke(VirtualHostBasicValve.java:15)
	at jeus.servlet.valve.WebContainerBasicValve.invoke(WebContainerBasicValve.java:67)
	at jeus.servlet.engine.RequestProcessor.run(RequestProcessor.java:208)
	at jeus.util.pool.ThreadPoolExecutor$Worker.runTask(ThreadPoolExecutor.java:1301)
	at jeus.util.pool.ThreadPoolExecutor$Worker.run(ThreadPoolExecutor.java:1345)
	at jeus.servlet.engine.WebThreadPoolExecutor$WebRequestWorker.run(WebThreadPoolExecutor.java:201)
	at java.lang.Thread.run(Thread.java:750)

[ERR] [152237] [GPKIHttpServletRequest] com.gpki.secureweb.GPKISecureWEBException: String index out of range: -43
	at com.gpki.secureweb.Base64ContentInfo.<init>(Base64ContentInfo.java:108)
	at com.gpki.servlet.GPKIHttpServletRequest.init(GPKIHttpServletRequest.java:169)
	at com.gpki.servlet.GPKIHttpServletRequest.<init>(GPKIHttpServletRequest.java:134)
	at jeus_jspwork._gpkisecureweb._jsp._800_createSecureSession_5f1_5f1_5fjsp._jspService(_800_createSecureSession_5f1_5f1_5fjsp.java:147)
	at org.apache.jasper.runtime.HttpJspBase.service(HttpJspBase.java:70)
	at javax.servlet.http.HttpServlet.service(HttpServlet.java:791)
	at jeus.servlet.jsp.JspServletWrapper.executeServlet(JspServletWrapper.java:87)
	at jeus.servlet.filter.FilterChainImpl.internalDoFilter(FilterChainImpl.java:113)
	at jeus.servlet.filter.FilterChainImpl.doFilter(FilterChainImpl.java:87)
	at org.springframework.web.filter.CharacterEncodingFilter.doFilterInternal(CharacterEncodingFilter.java:197)
	at org.springframework.web.filter.OncePerRequestFilter.doFilter(OncePerRequestFilter.java:107)
	at jeus.servlet.filter.FilterChainImpl.internalDoFilter(FilterChainImpl.java:99)
	at jeus.servlet.filter.FilterChainImpl.doFilter(FilterChainImpl.java:87)
	at com.mten.filter.xss.CrossScriptingFilter.doFilter(CrossScriptingFilter.java:51)
	at jeus.servlet.filter.FilterChainImpl.internalDoFilter(FilterChainImpl.java:99)
	at jeus.servlet.filter.FilterChainImpl.doFilter(FilterChainImpl.java:87)
	at jeus.servlet.engine.ServletWrapper.execute(ServletWrapper.java:148)
	at jeus.servlet.jsp.JspServletWrapper.execute(JspServletWrapper.java:57)
	at jeus.servlet.valve.ContextBasicValve.invoke(ContextBasicValve.java:81)
	at jeus.servlet.valve.VirtualHostBasicValve.invoke(VirtualHostBasicValve.java:15)
	at jeus.servlet.valve.WebContainerBasicValve.invoke(WebContainerBasicValve.java:67)
	at jeus.servlet.engine.RequestProcessor.run(RequestProcessor.java:208)
	at jeus.util.pool.ThreadPoolExecutor$Worker.runTask(ThreadPoolExecutor.java:1301)
	at jeus.util.pool.ThreadPoolExecutor$Worker.run(ThreadPoolExecutor.java:1345)
	at jeus.servlet.engine.WebThreadPoolExecutor$WebRequestWorker.run(WebThreadPoolExecutor.java:201)
	at java.lang.Thread.run(Thread.java:750)

[DEBUG] [152317] [GPKIHttpServletRequest] [webtob1-hth0-10] GpkiApi.init() : /home/legal/legalb/gpkisecureweb/WEB-INF/conf
[DEBUG] [152317] [GPKIHttpServletRequest] [webtob1-hth0-10] query : 
[DEBUG] [152317] [Base64ContentInfo] [webtob1-hth0-10] QUERY_STRING  
[ERR] [152317] [Base64ContentInfo] java.lang.StringIndexOutOfBoundsException: String index out of range: -43
	at java.lang.String.substring(String.java:1967)
	at com.gpki.secureweb.Base64ContentInfo.<init>(Base64ContentInfo.java:78)
	at com.gpki.servlet.GPKIHttpServletRequest.init(GPKIHttpServletRequest.java:169)
	at com.gpki.servlet.GPKIHttpServletRequest.<init>(GPKIHttpServletRequest.java:134)
	at jeus_jspwork._gpkisecureweb._jsp._800_createSecureSession_5f1_5f1_5fjsp._jspService(_800_createSecureSession_5f1_5f1_5fjsp.java:147)
	at org.apache.jasper.runtime.HttpJspBase.service(HttpJspBase.java:70)
	at javax.servlet.http.HttpServlet.service(HttpServlet.java:791)
	at jeus.servlet.jsp.JspServletWrapper.executeServlet(JspServletWrapper.java:87)
	at jeus.servlet.filter.FilterChainImpl.internalDoFilter(FilterChainImpl.java:113)
	at jeus.servlet.filter.FilterChainImpl.doFilter(FilterChainImpl.java:87)
	at org.springframework.web.filter.CharacterEncodingFilter.doFilterInternal(CharacterEncodingFilter.java:197)
	at org.springframework.web.filter.OncePerRequestFilter.doFilter(OncePerRequestFilter.java:107)
	at jeus.servlet.filter.FilterChainImpl.internalDoFilter(FilterChainImpl.java:99)
	at jeus.servlet.filter.FilterChainImpl.doFilter(FilterChainImpl.java:87)
	at com.mten.filter.xss.CrossScriptingFilter.doFilter(CrossScriptingFilter.java:51)
	at jeus.servlet.filter.FilterChainImpl.internalDoFilter(FilterChainImpl.java:99)
	at jeus.servlet.filter.FilterChainImpl.doFilter(FilterChainImpl.java:87)
	at jeus.servlet.engine.ServletWrapper.execute(ServletWrapper.java:148)
	at jeus.servlet.jsp.JspServletWrapper.execute(JspServletWrapper.java:57)
	at jeus.servlet.valve.ContextBasicValve.invoke(ContextBasicValve.java:81)
	at jeus.servlet.valve.VirtualHostBasicValve.invoke(VirtualHostBasicValve.java:15)
	at jeus.servlet.valve.WebContainerBasicValve.invoke(WebContainerBasicValve.java:67)
	at jeus.servlet.engine.RequestProcessor.run(RequestProcessor.java:208)
	at jeus.util.pool.ThreadPoolExecutor$Worker.runTask(ThreadPoolExecutor.java:1301)
	at jeus.util.pool.ThreadPoolExecutor$Worker.run(ThreadPoolExecutor.java:1345)
	at jeus.servlet.engine.WebThreadPoolExecutor$WebRequestWorker.run(WebThreadPoolExecutor.java:201)
	at java.lang.Thread.run(Thread.java:750)

[ERR] [152317] [GPKIHttpServletRequest] com.gpki.secureweb.GPKISecureWEBException: String index out of range: -43
	at com.gpki.secureweb.Base64ContentInfo.<init>(Base64ContentInfo.java:108)
	at com.gpki.servlet.GPKIHttpServletRequest.init(GPKIHttpServletRequest.java:169)
	at com.gpki.servlet.GPKIHttpServletRequest.<init>(GPKIHttpServletRequest.java:134)
	at jeus_jspwork._gpkisecureweb._jsp._800_createSecureSession_5f1_5f1_5fjsp._jspService(_800_createSecureSession_5f1_5f1_5fjsp.java:147)
	at org.apache.jasper.runtime.HttpJspBase.service(HttpJspBase.java:70)
	at javax.servlet.http.HttpServlet.service(HttpServlet.java:791)
	at jeus.servlet.jsp.JspServletWrapper.executeServlet(JspServletWrapper.java:87)
	at jeus.servlet.filter.FilterChainImpl.internalDoFilter(FilterChainImpl.java:113)
	at jeus.servlet.filter.FilterChainImpl.doFilter(FilterChainImpl.java:87)
	at org.springframework.web.filter.CharacterEncodingFilter.doFilterInternal(CharacterEncodingFilter.java:197)
	at org.springframework.web.filter.OncePerRequestFilter.doFilter(OncePerRequestFilter.java:107)
	at jeus.servlet.filter.FilterChainImpl.internalDoFilter(FilterChainImpl.java:99)
	at jeus.servlet.filter.FilterChainImpl.doFilter(FilterChainImpl.java:87)
	at com.mten.filter.xss.CrossScriptingFilter.doFilter(CrossScriptingFilter.java:51)
	at jeus.servlet.filter.FilterChainImpl.internalDoFilter(FilterChainImpl.java:99)
	at jeus.servlet.filter.FilterChainImpl.doFilter(FilterChainImpl.java:87)
	at jeus.servlet.engine.ServletWrapper.execute(ServletWrapper.java:148)
	at jeus.servlet.jsp.JspServletWrapper.execute(JspServletWrapper.java:57)
	at jeus.servlet.valve.ContextBasicValve.invoke(ContextBasicValve.java:81)
	at jeus.servlet.valve.VirtualHostBasicValve.invoke(VirtualHostBasicValve.java:15)
	at jeus.servlet.valve.WebContainerBasicValve.invoke(WebContainerBasicValve.java:67)
	at jeus.servlet.engine.RequestProcessor.run(RequestProcessor.java:208)
	at jeus.util.pool.ThreadPoolExecutor$Worker.runTask(ThreadPoolExecutor.java:1301)
	at jeus.util.pool.ThreadPoolExecutor$Worker.run(ThreadPoolExecutor.java:1345)
	at jeus.servlet.engine.WebThreadPoolExecutor$WebRequestWorker.run(WebThreadPoolExecutor.java:201)
	at java.lang.Thread.run(Thread.java:750)

[DEBUG] [152417] [GPKIHttpServletRequest] [webtob1-hth0-22] GpkiApi.init() : /home/legal/legalb/gpkisecureweb/WEB-INF/conf
[DEBUG] [152417] [GPKIHttpServletRequest] [webtob1-hth0-22] query : 
[DEBUG] [152417] [Base64ContentInfo] [webtob1-hth0-22] QUERY_STRING  
[ERR] [152417] [Base64ContentInfo] java.lang.StringIndexOutOfBoundsException: String index out of range: -43
	at java.lang.String.substring(String.java:1967)
	at com.gpki.secureweb.Base64ContentInfo.<init>(Base64ContentInfo.java:78)
	at com.gpki.servlet.GPKIHttpServletRequest.init(GPKIHttpServletRequest.java:169)
	at com.gpki.servlet.GPKIHttpServletRequest.<init>(GPKIHttpServletRequest.java:134)
	at jeus_jspwork._gpkisecureweb._jsp._800_createSecureSession_5f1_5f1_5fjsp._jspService(_800_createSecureSession_5f1_5f1_5fjsp.java:147)
	at org.apache.jasper.runtime.HttpJspBase.service(HttpJspBase.java:70)
	at javax.servlet.http.HttpServlet.service(HttpServlet.java:791)
	at jeus.servlet.jsp.JspServletWrapper.executeServlet(JspServletWrapper.java:87)
	at jeus.servlet.filter.FilterChainImpl.internalDoFilter(FilterChainImpl.java:113)
	at jeus.servlet.filter.FilterChainImpl.doFilter(FilterChainImpl.java:87)
	at org.springframework.web.filter.CharacterEncodingFilter.doFilterInternal(CharacterEncodingFilter.java:197)
	at org.springframework.web.filter.OncePerRequestFilter.doFilter(OncePerRequestFilter.java:107)
	at jeus.servlet.filter.FilterChainImpl.internalDoFilter(FilterChainImpl.java:99)
	at jeus.servlet.filter.FilterChainImpl.doFilter(FilterChainImpl.java:87)
	at com.mten.filter.xss.CrossScriptingFilter.doFilter(CrossScriptingFilter.java:51)
	at jeus.servlet.filter.FilterChainImpl.internalDoFilter(FilterChainImpl.java:99)
	at jeus.servlet.filter.FilterChainImpl.doFilter(FilterChainImpl.java:87)
	at jeus.servlet.engine.ServletWrapper.execute(ServletWrapper.java:148)
	at jeus.servlet.jsp.JspServletWrapper.execute(JspServletWrapper.java:57)
	at jeus.servlet.valve.ContextBasicValve.invoke(ContextBasicValve.java:81)
	at jeus.servlet.valve.VirtualHostBasicValve.invoke(VirtualHostBasicValve.java:15)
	at jeus.servlet.valve.WebContainerBasicValve.invoke(WebContainerBasicValve.java:67)
	at jeus.servlet.engine.RequestProcessor.run(RequestProcessor.java:208)
	at jeus.util.pool.ThreadPoolExecutor$Worker.runTask(ThreadPoolExecutor.java:1301)
	at jeus.util.pool.ThreadPoolExecutor$Worker.run(ThreadPoolExecutor.java:1345)
	at jeus.servlet.engine.WebThreadPoolExecutor$WebRequestWorker.run(WebThreadPoolExecutor.java:201)
	at java.lang.Thread.run(Thread.java:750)

[ERR] [152417] [GPKIHttpServletRequest] com.gpki.secureweb.GPKISecureWEBException: String index out of range: -43
	at com.gpki.secureweb.Base64ContentInfo.<init>(Base64ContentInfo.java:108)
	at com.gpki.servlet.GPKIHttpServletRequest.init(GPKIHttpServletRequest.java:169)
	at com.gpki.servlet.GPKIHttpServletRequest.<init>(GPKIHttpServletRequest.java:134)
	at jeus_jspwork._gpkisecureweb._jsp._800_createSecureSession_5f1_5f1_5fjsp._jspService(_800_createSecureSession_5f1_5f1_5fjsp.java:147)
	at org.apache.jasper.runtime.HttpJspBase.service(HttpJspBase.java:70)
	at javax.servlet.http.HttpServlet.service(HttpServlet.java:791)
	at jeus.servlet.jsp.JspServletWrapper.executeServlet(JspServletWrapper.java:87)
	at jeus.servlet.filter.FilterChainImpl.internalDoFilter(FilterChainImpl.java:113)
	at jeus.servlet.filter.FilterChainImpl.doFilter(FilterChainImpl.java:87)
	at org.springframework.web.filter.CharacterEncodingFilter.doFilterInternal(CharacterEncodingFilter.java:197)
	at org.springframework.web.filter.OncePerRequestFilter.doFilter(OncePerRequestFilter.java:107)
	at jeus.servlet.filter.FilterChainImpl.internalDoFilter(FilterChainImpl.java:99)
	at jeus.servlet.filter.FilterChainImpl.doFilter(FilterChainImpl.java:87)
	at com.mten.filter.xss.CrossScriptingFilter.doFilter(CrossScriptingFilter.java:51)
	at jeus.servlet.filter.FilterChainImpl.internalDoFilter(FilterChainImpl.java:99)
	at jeus.servlet.filter.FilterChainImpl.doFilter(FilterChainImpl.java:87)
	at jeus.servlet.engine.ServletWrapper.execute(ServletWrapper.java:148)
	at jeus.servlet.jsp.JspServletWrapper.execute(JspServletWrapper.java:57)
	at jeus.servlet.valve.ContextBasicValve.invoke(ContextBasicValve.java:81)
	at jeus.servlet.valve.VirtualHostBasicValve.invoke(VirtualHostBasicValve.java:15)
	at jeus.servlet.valve.WebContainerBasicValve.invoke(WebContainerBasicValve.java:67)
	at jeus.servlet.engine.RequestProcessor.run(RequestProcessor.java:208)
	at jeus.util.pool.ThreadPoolExecutor$Worker.runTask(ThreadPoolExecutor.java:1301)
	at jeus.util.pool.ThreadPoolExecutor$Worker.run(ThreadPoolExecutor.java:1345)
	at jeus.servlet.engine.WebThreadPoolExecutor$WebRequestWorker.run(WebThreadPoolExecutor.java:201)
	at java.lang.Thread.run(Thread.java:750)

