[DEBUG] [193559] [GPKIHttpServletRequest] [webtob1-hth0-43] GpkiApi.init() : /home/legal/legalb/gpkisecureweb/WEB-INF/conf
[DEBUG] [193559] [GPKIHttpServletRequest] [webtob1-hth0-43] query : 
[DEBUG] [193559] [Base64ContentInfo] [webtob1-hth0-43] QUERY_STRING  
[ERR] [193559] [Base64ContentInfo] java.lang.StringIndexOutOfBoundsException: String index out of range: -43
	at java.lang.String.substring(String.java:1967)
	at com.gpki.secureweb.Base64ContentInfo.<init>(Base64ContentInfo.java:78)
	at com.gpki.servlet.GPKIHttpServletRequest.init(GPKIHttpServletRequest.java:169)
	at com.gpki.servlet.GPKIHttpServletRequest.<init>(GPKIHttpServletRequest.java:134)
	at jeus_jspwork._gpkisecureweb._jsp._800_createSecureSession_5f1_5f1_5fjsp._jspService(_800_createSecureSession_5f1_5f1_5fjsp.java:147)
	at org.apache.jasper.runtime.HttpJspBase.service(HttpJspBase.java:70)
	at javax.servlet.http.HttpServlet.service(HttpServlet.java:791)
	at jeus.servlet.jsp.JspServletWrapper.executeServlet(JspServletWrapper.java:87)
	at jeus.servlet.filter.FilterChainImpl.internalDoFilter(FilterChainImpl.java:113)
	at jeus.servlet.filter.FilterChainImpl.doFilter(FilterChainImpl.java:87)
	at org.springframework.web.filter.CharacterEncodingFilter.doFilterInternal(CharacterEncodingFilter.java:197)
	at org.springframework.web.filter.OncePerRequestFilter.doFilter(OncePerRequestFilter.java:107)
	at jeus.servlet.filter.FilterChainImpl.internalDoFilter(FilterChainImpl.java:99)
	at jeus.servlet.filter.FilterChainImpl.doFilter(FilterChainImpl.java:87)
	at com.mten.filter.xss.CrossScriptingFilter.doFilter(CrossScriptingFilter.java:51)
	at jeus.servlet.filter.FilterChainImpl.internalDoFilter(FilterChainImpl.java:99)
	at jeus.servlet.filter.FilterChainImpl.doFilter(FilterChainImpl.java:87)
	at jeus.servlet.engine.ServletWrapper.execute(ServletWrapper.java:148)
	at jeus.servlet.jsp.JspServletWrapper.execute(JspServletWrapper.java:57)
	at jeus.servlet.valve.ContextBasicValve.invoke(ContextBasicValve.java:81)
	at jeus.servlet.valve.VirtualHostBasicValve.invoke(VirtualHostBasicValve.java:15)
	at jeus.servlet.valve.WebContainerBasicValve.invoke(WebContainerBasicValve.java:67)
	at jeus.servlet.engine.RequestProcessor.run(RequestProcessor.java:208)
	at jeus.util.pool.ThreadPoolExecutor$Worker.runTask(ThreadPoolExecutor.java:1301)
	at jeus.util.pool.ThreadPoolExecutor$Worker.run(ThreadPoolExecutor.java:1345)
	at jeus.servlet.engine.WebThreadPoolExecutor$WebRequestWorker.run(WebThreadPoolExecutor.java:201)
	at java.lang.Thread.run(Thread.java:750)

[ERR] [193559] [GPKIHttpServletRequest] com.gpki.secureweb.GPKISecureWEBException: String index out of range: -43
	at com.gpki.secureweb.Base64ContentInfo.<init>(Base64ContentInfo.java:108)
	at com.gpki.servlet.GPKIHttpServletRequest.init(GPKIHttpServletRequest.java:169)
	at com.gpki.servlet.GPKIHttpServletRequest.<init>(GPKIHttpServletRequest.java:134)
	at jeus_jspwork._gpkisecureweb._jsp._800_createSecureSession_5f1_5f1_5fjsp._jspService(_800_createSecureSession_5f1_5f1_5fjsp.java:147)
	at org.apache.jasper.runtime.HttpJspBase.service(HttpJspBase.java:70)
	at javax.servlet.http.HttpServlet.service(HttpServlet.java:791)
	at jeus.servlet.jsp.JspServletWrapper.executeServlet(JspServletWrapper.java:87)
	at jeus.servlet.filter.FilterChainImpl.internalDoFilter(FilterChainImpl.java:113)
	at jeus.servlet.filter.FilterChainImpl.doFilter(FilterChainImpl.java:87)
	at org.springframework.web.filter.CharacterEncodingFilter.doFilterInternal(CharacterEncodingFilter.java:197)
	at org.springframework.web.filter.OncePerRequestFilter.doFilter(OncePerRequestFilter.java:107)
	at jeus.servlet.filter.FilterChainImpl.internalDoFilter(FilterChainImpl.java:99)
	at jeus.servlet.filter.FilterChainImpl.doFilter(FilterChainImpl.java:87)
	at com.mten.filter.xss.CrossScriptingFilter.doFilter(CrossScriptingFilter.java:51)
	at jeus.servlet.filter.FilterChainImpl.internalDoFilter(FilterChainImpl.java:99)
	at jeus.servlet.filter.FilterChainImpl.doFilter(FilterChainImpl.java:87)
	at jeus.servlet.engine.ServletWrapper.execute(ServletWrapper.java:148)
	at jeus.servlet.jsp.JspServletWrapper.execute(JspServletWrapper.java:57)
	at jeus.servlet.valve.ContextBasicValve.invoke(ContextBasicValve.java:81)
	at jeus.servlet.valve.VirtualHostBasicValve.invoke(VirtualHostBasicValve.java:15)
	at jeus.servlet.valve.WebContainerBasicValve.invoke(WebContainerBasicValve.java:67)
	at jeus.servlet.engine.RequestProcessor.run(RequestProcessor.java:208)
	at jeus.util.pool.ThreadPoolExecutor$Worker.runTask(ThreadPoolExecutor.java:1301)
	at jeus.util.pool.ThreadPoolExecutor$Worker.run(ThreadPoolExecutor.java:1345)
	at jeus.servlet.engine.WebThreadPoolExecutor$WebRequestWorker.run(WebThreadPoolExecutor.java:201)
	at java.lang.Thread.run(Thread.java:750)

[DEBUG] [194244] [GPKIHttpServletRequest] [webtob1-hth0-1] GpkiApi.init() : /home/legal/legalb/gpkisecureweb/WEB-INF/conf
[DEBUG] [194244] [GPKIHttpServletRequest] [webtob1-hth0-1] query : 
[DEBUG] [194244] [Base64ContentInfo] [webtob1-hth0-1] QUERY_STRING  
[ERR] [194244] [Base64ContentInfo] java.lang.StringIndexOutOfBoundsException: String index out of range: -43
	at java.lang.String.substring(String.java:1967)
	at com.gpki.secureweb.Base64ContentInfo.<init>(Base64ContentInfo.java:78)
	at com.gpki.servlet.GPKIHttpServletRequest.init(GPKIHttpServletRequest.java:169)
	at com.gpki.servlet.GPKIHttpServletRequest.<init>(GPKIHttpServletRequest.java:134)
	at jeus_jspwork._gpkisecureweb._jsp._800_createSecureSession_5f1_5f1_5fjsp._jspService(_800_createSecureSession_5f1_5f1_5fjsp.java:147)
	at org.apache.jasper.runtime.HttpJspBase.service(HttpJspBase.java:70)
	at javax.servlet.http.HttpServlet.service(HttpServlet.java:791)
	at jeus.servlet.jsp.JspServletWrapper.executeServlet(JspServletWrapper.java:87)
	at jeus.servlet.filter.FilterChainImpl.internalDoFilter(FilterChainImpl.java:113)
	at jeus.servlet.filter.FilterChainImpl.doFilter(FilterChainImpl.java:87)
	at org.springframework.web.filter.CharacterEncodingFilter.doFilterInternal(CharacterEncodingFilter.java:197)
	at org.springframework.web.filter.OncePerRequestFilter.doFilter(OncePerRequestFilter.java:107)
	at jeus.servlet.filter.FilterChainImpl.internalDoFilter(FilterChainImpl.java:99)
	at jeus.servlet.filter.FilterChainImpl.doFilter(FilterChainImpl.java:87)
	at com.mten.filter.xss.CrossScriptingFilter.doFilter(CrossScriptingFilter.java:51)
	at jeus.servlet.filter.FilterChainImpl.internalDoFilter(FilterChainImpl.java:99)
	at jeus.servlet.filter.FilterChainImpl.doFilter(FilterChainImpl.java:87)
	at jeus.servlet.engine.ServletWrapper.execute(ServletWrapper.java:148)
	at jeus.servlet.jsp.JspServletWrapper.execute(JspServletWrapper.java:57)
	at jeus.servlet.valve.ContextBasicValve.invoke(ContextBasicValve.java:81)
	at jeus.servlet.valve.VirtualHostBasicValve.invoke(VirtualHostBasicValve.java:15)
	at jeus.servlet.valve.WebContainerBasicValve.invoke(WebContainerBasicValve.java:67)
	at jeus.servlet.engine.RequestProcessor.run(RequestProcessor.java:208)
	at jeus.util.pool.ThreadPoolExecutor$Worker.runTask(ThreadPoolExecutor.java:1301)
	at jeus.util.pool.ThreadPoolExecutor$Worker.run(ThreadPoolExecutor.java:1345)
	at jeus.servlet.engine.WebThreadPoolExecutor$WebRequestWorker.run(WebThreadPoolExecutor.java:201)
	at java.lang.Thread.run(Thread.java:750)

[ERR] [194244] [GPKIHttpServletRequest] com.gpki.secureweb.GPKISecureWEBException: String index out of range: -43
	at com.gpki.secureweb.Base64ContentInfo.<init>(Base64ContentInfo.java:108)
	at com.gpki.servlet.GPKIHttpServletRequest.init(GPKIHttpServletRequest.java:169)
	at com.gpki.servlet.GPKIHttpServletRequest.<init>(GPKIHttpServletRequest.java:134)
	at jeus_jspwork._gpkisecureweb._jsp._800_createSecureSession_5f1_5f1_5fjsp._jspService(_800_createSecureSession_5f1_5f1_5fjsp.java:147)
	at org.apache.jasper.runtime.HttpJspBase.service(HttpJspBase.java:70)
	at javax.servlet.http.HttpServlet.service(HttpServlet.java:791)
	at jeus.servlet.jsp.JspServletWrapper.executeServlet(JspServletWrapper.java:87)
	at jeus.servlet.filter.FilterChainImpl.internalDoFilter(FilterChainImpl.java:113)
	at jeus.servlet.filter.FilterChainImpl.doFilter(FilterChainImpl.java:87)
	at org.springframework.web.filter.CharacterEncodingFilter.doFilterInternal(CharacterEncodingFilter.java:197)
	at org.springframework.web.filter.OncePerRequestFilter.doFilter(OncePerRequestFilter.java:107)
	at jeus.servlet.filter.FilterChainImpl.internalDoFilter(FilterChainImpl.java:99)
	at jeus.servlet.filter.FilterChainImpl.doFilter(FilterChainImpl.java:87)
	at com.mten.filter.xss.CrossScriptingFilter.doFilter(CrossScriptingFilter.java:51)
	at jeus.servlet.filter.FilterChainImpl.internalDoFilter(FilterChainImpl.java:99)
	at jeus.servlet.filter.FilterChainImpl.doFilter(FilterChainImpl.java:87)
	at jeus.servlet.engine.ServletWrapper.execute(ServletWrapper.java:148)
	at jeus.servlet.jsp.JspServletWrapper.execute(JspServletWrapper.java:57)
	at jeus.servlet.valve.ContextBasicValve.invoke(ContextBasicValve.java:81)
	at jeus.servlet.valve.VirtualHostBasicValve.invoke(VirtualHostBasicValve.java:15)
	at jeus.servlet.valve.WebContainerBasicValve.invoke(WebContainerBasicValve.java:67)
	at jeus.servlet.engine.RequestProcessor.run(RequestProcessor.java:208)
	at jeus.util.pool.ThreadPoolExecutor$Worker.runTask(ThreadPoolExecutor.java:1301)
	at jeus.util.pool.ThreadPoolExecutor$Worker.run(ThreadPoolExecutor.java:1345)
	at jeus.servlet.engine.WebThreadPoolExecutor$WebRequestWorker.run(WebThreadPoolExecutor.java:201)
	at java.lang.Thread.run(Thread.java:750)

[DEBUG] [194347] [GPKIHttpServletRequest] [webtob1-hth0-10] GpkiApi.init() : /home/legal/legalb/gpkisecureweb/WEB-INF/conf
[DEBUG] [194347] [GPKIHttpServletRequest] [webtob1-hth0-10] query : 
[DEBUG] [194347] [Base64ContentInfo] [webtob1-hth0-10] QUERY_STRING  
[ERR] [194347] [Base64ContentInfo] java.lang.StringIndexOutOfBoundsException: String index out of range: -43
	at java.lang.String.substring(String.java:1967)
	at com.gpki.secureweb.Base64ContentInfo.<init>(Base64ContentInfo.java:78)
	at com.gpki.servlet.GPKIHttpServletRequest.init(GPKIHttpServletRequest.java:169)
	at com.gpki.servlet.GPKIHttpServletRequest.<init>(GPKIHttpServletRequest.java:134)
	at jeus_jspwork._gpkisecureweb._jsp._800_createSecureSession_5f1_5f1_5fjsp._jspService(_800_createSecureSession_5f1_5f1_5fjsp.java:147)
	at org.apache.jasper.runtime.HttpJspBase.service(HttpJspBase.java:70)
	at javax.servlet.http.HttpServlet.service(HttpServlet.java:791)
	at jeus.servlet.jsp.JspServletWrapper.executeServlet(JspServletWrapper.java:87)
	at jeus.servlet.servlets.JspServlet.executeServlet(JspServlet.java:136)
	at jeus.servlet.filter.FilterChainImpl.internalDoFilter(FilterChainImpl.java:113)
	at jeus.servlet.filter.FilterChainImpl.doFilter(FilterChainImpl.java:87)
	at org.springframework.web.filter.CharacterEncodingFilter.doFilterInternal(CharacterEncodingFilter.java:197)
	at org.springframework.web.filter.OncePerRequestFilter.doFilter(OncePerRequestFilter.java:107)
	at jeus.servlet.filter.FilterChainImpl.internalDoFilter(FilterChainImpl.java:99)
	at jeus.servlet.filter.FilterChainImpl.doFilter(FilterChainImpl.java:87)
	at com.mten.filter.xss.CrossScriptingFilter.doFilter(CrossScriptingFilter.java:51)
	at jeus.servlet.filter.FilterChainImpl.internalDoFilter(FilterChainImpl.java:99)
	at jeus.servlet.filter.FilterChainImpl.doFilter(FilterChainImpl.java:87)
	at jeus.servlet.servlets.JspServlet.execute(JspServlet.java:74)
	at jeus.servlet.valve.ContextBasicValve.invoke(ContextBasicValve.java:81)
	at jeus.servlet.valve.VirtualHostBasicValve.invoke(VirtualHostBasicValve.java:15)
	at jeus.servlet.valve.WebContainerBasicValve.invoke(WebContainerBasicValve.java:67)
	at jeus.servlet.engine.RequestProcessor.run(RequestProcessor.java:208)
	at jeus.util.pool.ThreadPoolExecutor$Worker.runTask(ThreadPoolExecutor.java:1301)
	at jeus.util.pool.ThreadPoolExecutor$Worker.run(ThreadPoolExecutor.java:1345)
	at jeus.servlet.engine.WebThreadPoolExecutor$WebRequestWorker.run(WebThreadPoolExecutor.java:201)
	at java.lang.Thread.run(Thread.java:750)

[ERR] [194347] [GPKIHttpServletRequest] com.gpki.secureweb.GPKISecureWEBException: String index out of range: -43
	at com.gpki.secureweb.Base64ContentInfo.<init>(Base64ContentInfo.java:108)
	at com.gpki.servlet.GPKIHttpServletRequest.init(GPKIHttpServletRequest.java:169)
	at com.gpki.servlet.GPKIHttpServletRequest.<init>(GPKIHttpServletRequest.java:134)
	at jeus_jspwork._gpkisecureweb._jsp._800_createSecureSession_5f1_5f1_5fjsp._jspService(_800_createSecureSession_5f1_5f1_5fjsp.java:147)
	at org.apache.jasper.runtime.HttpJspBase.service(HttpJspBase.java:70)
	at javax.servlet.http.HttpServlet.service(HttpServlet.java:791)
	at jeus.servlet.jsp.JspServletWrapper.executeServlet(JspServletWrapper.java:87)
	at jeus.servlet.servlets.JspServlet.executeServlet(JspServlet.java:136)
	at jeus.servlet.filter.FilterChainImpl.internalDoFilter(FilterChainImpl.java:113)
	at jeus.servlet.filter.FilterChainImpl.doFilter(FilterChainImpl.java:87)
	at org.springframework.web.filter.CharacterEncodingFilter.doFilterInternal(CharacterEncodingFilter.java:197)
	at org.springframework.web.filter.OncePerRequestFilter.doFilter(OncePerRequestFilter.java:107)
	at jeus.servlet.filter.FilterChainImpl.internalDoFilter(FilterChainImpl.java:99)
	at jeus.servlet.filter.FilterChainImpl.doFilter(FilterChainImpl.java:87)
	at com.mten.filter.xss.CrossScriptingFilter.doFilter(CrossScriptingFilter.java:51)
	at jeus.servlet.filter.FilterChainImpl.internalDoFilter(FilterChainImpl.java:99)
	at jeus.servlet.filter.FilterChainImpl.doFilter(FilterChainImpl.java:87)
	at jeus.servlet.servlets.JspServlet.execute(JspServlet.java:74)
	at jeus.servlet.valve.ContextBasicValve.invoke(ContextBasicValve.java:81)
	at jeus.servlet.valve.VirtualHostBasicValve.invoke(VirtualHostBasicValve.java:15)
	at jeus.servlet.valve.WebContainerBasicValve.invoke(WebContainerBasicValve.java:67)
	at jeus.servlet.engine.RequestProcessor.run(RequestProcessor.java:208)
	at jeus.util.pool.ThreadPoolExecutor$Worker.runTask(ThreadPoolExecutor.java:1301)
	at jeus.util.pool.ThreadPoolExecutor$Worker.run(ThreadPoolExecutor.java:1345)
	at jeus.servlet.engine.WebThreadPoolExecutor$WebRequestWorker.run(WebThreadPoolExecutor.java:201)
	at java.lang.Thread.run(Thread.java:750)

[DEBUG] [200111] [GPKIHttpServletRequest] [webtob1-hth0-15] GpkiApi.init() : /home/legal/legalb/gpkisecureweb/WEB-INF/conf
[DEBUG] [200111] [GPKIHttpServletRequest] [webtob1-hth0-15] query : 
[DEBUG] [200111] [Base64ContentInfo] [webtob1-hth0-15] QUERY_STRING  
[ERR] [200111] [Base64ContentInfo] java.lang.StringIndexOutOfBoundsException: String index out of range: -43
	at java.lang.String.substring(String.java:1967)
	at com.gpki.secureweb.Base64ContentInfo.<init>(Base64ContentInfo.java:78)
	at com.gpki.servlet.GPKIHttpServletRequest.init(GPKIHttpServletRequest.java:169)
	at com.gpki.servlet.GPKIHttpServletRequest.<init>(GPKIHttpServletRequest.java:134)
	at jeus_jspwork._gpkisecureweb._jsp._800_createSecureSession_5f1_5f1_5fjsp._jspService(_800_createSecureSession_5f1_5f1_5fjsp.java:147)
	at org.apache.jasper.runtime.HttpJspBase.service(HttpJspBase.java:70)
	at javax.servlet.http.HttpServlet.service(HttpServlet.java:791)
	at jeus.servlet.jsp.JspServletWrapper.executeServlet(JspServletWrapper.java:87)
	at jeus.servlet.filter.FilterChainImpl.internalDoFilter(FilterChainImpl.java:113)
	at jeus.servlet.filter.FilterChainImpl.doFilter(FilterChainImpl.java:87)
	at org.springframework.web.filter.CharacterEncodingFilter.doFilterInternal(CharacterEncodingFilter.java:197)
	at org.springframework.web.filter.OncePerRequestFilter.doFilter(OncePerRequestFilter.java:107)
	at jeus.servlet.filter.FilterChainImpl.internalDoFilter(FilterChainImpl.java:99)
	at jeus.servlet.filter.FilterChainImpl.doFilter(FilterChainImpl.java:87)
	at com.mten.filter.xss.CrossScriptingFilter.doFilter(CrossScriptingFilter.java:51)
	at jeus.servlet.filter.FilterChainImpl.internalDoFilter(FilterChainImpl.java:99)
	at jeus.servlet.filter.FilterChainImpl.doFilter(FilterChainImpl.java:87)
	at jeus.servlet.engine.ServletWrapper.execute(ServletWrapper.java:148)
	at jeus.servlet.jsp.JspServletWrapper.execute(JspServletWrapper.java:57)
	at jeus.servlet.valve.ContextBasicValve.invoke(ContextBasicValve.java:81)
	at jeus.servlet.valve.VirtualHostBasicValve.invoke(VirtualHostBasicValve.java:15)
	at jeus.servlet.valve.WebContainerBasicValve.invoke(WebContainerBasicValve.java:67)
	at jeus.servlet.engine.RequestProcessor.run(RequestProcessor.java:208)
	at jeus.util.pool.ThreadPoolExecutor$Worker.runTask(ThreadPoolExecutor.java:1301)
	at jeus.util.pool.ThreadPoolExecutor$Worker.run(ThreadPoolExecutor.java:1345)
	at jeus.servlet.engine.WebThreadPoolExecutor$WebRequestWorker.run(WebThreadPoolExecutor.java:201)
	at java.lang.Thread.run(Thread.java:750)

[ERR] [200111] [GPKIHttpServletRequest] com.gpki.secureweb.GPKISecureWEBException: String index out of range: -43
	at com.gpki.secureweb.Base64ContentInfo.<init>(Base64ContentInfo.java:108)
	at com.gpki.servlet.GPKIHttpServletRequest.init(GPKIHttpServletRequest.java:169)
	at com.gpki.servlet.GPKIHttpServletRequest.<init>(GPKIHttpServletRequest.java:134)
	at jeus_jspwork._gpkisecureweb._jsp._800_createSecureSession_5f1_5f1_5fjsp._jspService(_800_createSecureSession_5f1_5f1_5fjsp.java:147)
	at org.apache.jasper.runtime.HttpJspBase.service(HttpJspBase.java:70)
	at javax.servlet.http.HttpServlet.service(HttpServlet.java:791)
	at jeus.servlet.jsp.JspServletWrapper.executeServlet(JspServletWrapper.java:87)
	at jeus.servlet.filter.FilterChainImpl.internalDoFilter(FilterChainImpl.java:113)
	at jeus.servlet.filter.FilterChainImpl.doFilter(FilterChainImpl.java:87)
	at org.springframework.web.filter.CharacterEncodingFilter.doFilterInternal(CharacterEncodingFilter.java:197)
	at org.springframework.web.filter.OncePerRequestFilter.doFilter(OncePerRequestFilter.java:107)
	at jeus.servlet.filter.FilterChainImpl.internalDoFilter(FilterChainImpl.java:99)
	at jeus.servlet.filter.FilterChainImpl.doFilter(FilterChainImpl.java:87)
	at com.mten.filter.xss.CrossScriptingFilter.doFilter(CrossScriptingFilter.java:51)
	at jeus.servlet.filter.FilterChainImpl.internalDoFilter(FilterChainImpl.java:99)
	at jeus.servlet.filter.FilterChainImpl.doFilter(FilterChainImpl.java:87)
	at jeus.servlet.engine.ServletWrapper.execute(ServletWrapper.java:148)
	at jeus.servlet.jsp.JspServletWrapper.execute(JspServletWrapper.java:57)
	at jeus.servlet.valve.ContextBasicValve.invoke(ContextBasicValve.java:81)
	at jeus.servlet.valve.VirtualHostBasicValve.invoke(VirtualHostBasicValve.java:15)
	at jeus.servlet.valve.WebContainerBasicValve.invoke(WebContainerBasicValve.java:67)
	at jeus.servlet.engine.RequestProcessor.run(RequestProcessor.java:208)
	at jeus.util.pool.ThreadPoolExecutor$Worker.runTask(ThreadPoolExecutor.java:1301)
	at jeus.util.pool.ThreadPoolExecutor$Worker.run(ThreadPoolExecutor.java:1345)
	at jeus.servlet.engine.WebThreadPoolExecutor$WebRequestWorker.run(WebThreadPoolExecutor.java:201)
	at java.lang.Thread.run(Thread.java:750)

[DEBUG] [202939] [GPKIHttpServletRequest] [webtob1-hth0-23] GpkiApi.init() : /home/legal/legalb/gpkisecureweb/WEB-INF/conf
[DEBUG] [202939] [GPKIHttpServletRequest] [webtob1-hth0-23] query : 
[DEBUG] [202939] [Base64ContentInfo] [webtob1-hth0-23] QUERY_STRING  
[ERR] [202939] [Base64ContentInfo] java.lang.StringIndexOutOfBoundsException: String index out of range: -43
	at java.lang.String.substring(String.java:1967)
	at com.gpki.secureweb.Base64ContentInfo.<init>(Base64ContentInfo.java:78)
	at com.gpki.servlet.GPKIHttpServletRequest.init(GPKIHttpServletRequest.java:169)
	at com.gpki.servlet.GPKIHttpServletRequest.<init>(GPKIHttpServletRequest.java:134)
	at jeus_jspwork._gpkisecureweb._jsp._800_createSecureSession_5f1_5f1_5fjsp._jspService(_800_createSecureSession_5f1_5f1_5fjsp.java:147)
	at org.apache.jasper.runtime.HttpJspBase.service(HttpJspBase.java:70)
	at javax.servlet.http.HttpServlet.service(HttpServlet.java:791)
	at jeus.servlet.jsp.JspServletWrapper.executeServlet(JspServletWrapper.java:87)
	at jeus.servlet.filter.FilterChainImpl.internalDoFilter(FilterChainImpl.java:113)
	at jeus.servlet.filter.FilterChainImpl.doFilter(FilterChainImpl.java:87)
	at org.springframework.web.filter.CharacterEncodingFilter.doFilterInternal(CharacterEncodingFilter.java:197)
	at org.springframework.web.filter.OncePerRequestFilter.doFilter(OncePerRequestFilter.java:107)
	at jeus.servlet.filter.FilterChainImpl.internalDoFilter(FilterChainImpl.java:99)
	at jeus.servlet.filter.FilterChainImpl.doFilter(FilterChainImpl.java:87)
	at com.mten.filter.xss.CrossScriptingFilter.doFilter(CrossScriptingFilter.java:51)
	at jeus.servlet.filter.FilterChainImpl.internalDoFilter(FilterChainImpl.java:99)
	at jeus.servlet.filter.FilterChainImpl.doFilter(FilterChainImpl.java:87)
	at jeus.servlet.engine.ServletWrapper.execute(ServletWrapper.java:148)
	at jeus.servlet.jsp.JspServletWrapper.execute(JspServletWrapper.java:57)
	at jeus.servlet.valve.ContextBasicValve.invoke(ContextBasicValve.java:81)
	at jeus.servlet.valve.VirtualHostBasicValve.invoke(VirtualHostBasicValve.java:15)
	at jeus.servlet.valve.WebContainerBasicValve.invoke(WebContainerBasicValve.java:67)
	at jeus.servlet.engine.RequestProcessor.run(RequestProcessor.java:208)
	at jeus.util.pool.ThreadPoolExecutor$Worker.runTask(ThreadPoolExecutor.java:1301)
	at jeus.util.pool.ThreadPoolExecutor$Worker.run(ThreadPoolExecutor.java:1345)
	at jeus.servlet.engine.WebThreadPoolExecutor$WebRequestWorker.run(WebThreadPoolExecutor.java:201)
	at java.lang.Thread.run(Thread.java:750)

[ERR] [202939] [GPKIHttpServletRequest] com.gpki.secureweb.GPKISecureWEBException: String index out of range: -43
	at com.gpki.secureweb.Base64ContentInfo.<init>(Base64ContentInfo.java:108)
	at com.gpki.servlet.GPKIHttpServletRequest.init(GPKIHttpServletRequest.java:169)
	at com.gpki.servlet.GPKIHttpServletRequest.<init>(GPKIHttpServletRequest.java:134)
	at jeus_jspwork._gpkisecureweb._jsp._800_createSecureSession_5f1_5f1_5fjsp._jspService(_800_createSecureSession_5f1_5f1_5fjsp.java:147)
	at org.apache.jasper.runtime.HttpJspBase.service(HttpJspBase.java:70)
	at javax.servlet.http.HttpServlet.service(HttpServlet.java:791)
	at jeus.servlet.jsp.JspServletWrapper.executeServlet(JspServletWrapper.java:87)
	at jeus.servlet.filter.FilterChainImpl.internalDoFilter(FilterChainImpl.java:113)
	at jeus.servlet.filter.FilterChainImpl.doFilter(FilterChainImpl.java:87)
	at org.springframework.web.filter.CharacterEncodingFilter.doFilterInternal(CharacterEncodingFilter.java:197)
	at org.springframework.web.filter.OncePerRequestFilter.doFilter(OncePerRequestFilter.java:107)
	at jeus.servlet.filter.FilterChainImpl.internalDoFilter(FilterChainImpl.java:99)
	at jeus.servlet.filter.FilterChainImpl.doFilter(FilterChainImpl.java:87)
	at com.mten.filter.xss.CrossScriptingFilter.doFilter(CrossScriptingFilter.java:51)
	at jeus.servlet.filter.FilterChainImpl.internalDoFilter(FilterChainImpl.java:99)
	at jeus.servlet.filter.FilterChainImpl.doFilter(FilterChainImpl.java:87)
	at jeus.servlet.engine.ServletWrapper.execute(ServletWrapper.java:148)
	at jeus.servlet.jsp.JspServletWrapper.execute(JspServletWrapper.java:57)
	at jeus.servlet.valve.ContextBasicValve.invoke(ContextBasicValve.java:81)
	at jeus.servlet.valve.VirtualHostBasicValve.invoke(VirtualHostBasicValve.java:15)
	at jeus.servlet.valve.WebContainerBasicValve.invoke(WebContainerBasicValve.java:67)
	at jeus.servlet.engine.RequestProcessor.run(RequestProcessor.java:208)
	at jeus.util.pool.ThreadPoolExecutor$Worker.runTask(ThreadPoolExecutor.java:1301)
	at jeus.util.pool.ThreadPoolExecutor$Worker.run(ThreadPoolExecutor.java:1345)
	at jeus.servlet.engine.WebThreadPoolExecutor$WebRequestWorker.run(WebThreadPoolExecutor.java:201)
	at java.lang.Thread.run(Thread.java:750)

[DEBUG] [203412] [GPKIHttpServletRequest] [webtob1-hth0-30] GpkiApi.init() : /home/legal/legalb/gpkisecureweb/WEB-INF/conf
[DEBUG] [203412] [GPKIHttpServletRequest] [webtob1-hth0-30] query : 
[DEBUG] [203412] [Base64ContentInfo] [webtob1-hth0-30] QUERY_STRING  
[ERR] [203412] [Base64ContentInfo] java.lang.StringIndexOutOfBoundsException: String index out of range: -43
	at java.lang.String.substring(String.java:1967)
	at com.gpki.secureweb.Base64ContentInfo.<init>(Base64ContentInfo.java:78)
	at com.gpki.servlet.GPKIHttpServletRequest.init(GPKIHttpServletRequest.java:169)
	at com.gpki.servlet.GPKIHttpServletRequest.<init>(GPKIHttpServletRequest.java:134)
	at jeus_jspwork._gpkisecureweb._jsp._800_createSecureSession_5f1_5f1_5fjsp._jspService(_800_createSecureSession_5f1_5f1_5fjsp.java:147)
	at org.apache.jasper.runtime.HttpJspBase.service(HttpJspBase.java:70)
	at javax.servlet.http.HttpServlet.service(HttpServlet.java:791)
	at jeus.servlet.jsp.JspServletWrapper.executeServlet(JspServletWrapper.java:87)
	at jeus.servlet.filter.FilterChainImpl.internalDoFilter(FilterChainImpl.java:113)
	at jeus.servlet.filter.FilterChainImpl.doFilter(FilterChainImpl.java:87)
	at org.springframework.web.filter.CharacterEncodingFilter.doFilterInternal(CharacterEncodingFilter.java:197)
	at org.springframework.web.filter.OncePerRequestFilter.doFilter(OncePerRequestFilter.java:107)
	at jeus.servlet.filter.FilterChainImpl.internalDoFilter(FilterChainImpl.java:99)
	at jeus.servlet.filter.FilterChainImpl.doFilter(FilterChainImpl.java:87)
	at com.mten.filter.xss.CrossScriptingFilter.doFilter(CrossScriptingFilter.java:51)
	at jeus.servlet.filter.FilterChainImpl.internalDoFilter(FilterChainImpl.java:99)
	at jeus.servlet.filter.FilterChainImpl.doFilter(FilterChainImpl.java:87)
	at jeus.servlet.engine.ServletWrapper.execute(ServletWrapper.java:148)
	at jeus.servlet.jsp.JspServletWrapper.execute(JspServletWrapper.java:57)
	at jeus.servlet.valve.ContextBasicValve.invoke(ContextBasicValve.java:81)
	at jeus.servlet.valve.VirtualHostBasicValve.invoke(VirtualHostBasicValve.java:15)
	at jeus.servlet.valve.WebContainerBasicValve.invoke(WebContainerBasicValve.java:67)
	at jeus.servlet.engine.RequestProcessor.run(RequestProcessor.java:208)
	at jeus.util.pool.ThreadPoolExecutor$Worker.runTask(ThreadPoolExecutor.java:1301)
	at jeus.util.pool.ThreadPoolExecutor$Worker.run(ThreadPoolExecutor.java:1345)
	at jeus.servlet.engine.WebThreadPoolExecutor$WebRequestWorker.run(WebThreadPoolExecutor.java:201)
	at java.lang.Thread.run(Thread.java:750)

[ERR] [203412] [GPKIHttpServletRequest] com.gpki.secureweb.GPKISecureWEBException: String index out of range: -43
	at com.gpki.secureweb.Base64ContentInfo.<init>(Base64ContentInfo.java:108)
	at com.gpki.servlet.GPKIHttpServletRequest.init(GPKIHttpServletRequest.java:169)
	at com.gpki.servlet.GPKIHttpServletRequest.<init>(GPKIHttpServletRequest.java:134)
	at jeus_jspwork._gpkisecureweb._jsp._800_createSecureSession_5f1_5f1_5fjsp._jspService(_800_createSecureSession_5f1_5f1_5fjsp.java:147)
	at org.apache.jasper.runtime.HttpJspBase.service(HttpJspBase.java:70)
	at javax.servlet.http.HttpServlet.service(HttpServlet.java:791)
	at jeus.servlet.jsp.JspServletWrapper.executeServlet(JspServletWrapper.java:87)
	at jeus.servlet.filter.FilterChainImpl.internalDoFilter(FilterChainImpl.java:113)
	at jeus.servlet.filter.FilterChainImpl.doFilter(FilterChainImpl.java:87)
	at org.springframework.web.filter.CharacterEncodingFilter.doFilterInternal(CharacterEncodingFilter.java:197)
	at org.springframework.web.filter.OncePerRequestFilter.doFilter(OncePerRequestFilter.java:107)
	at jeus.servlet.filter.FilterChainImpl.internalDoFilter(FilterChainImpl.java:99)
	at jeus.servlet.filter.FilterChainImpl.doFilter(FilterChainImpl.java:87)
	at com.mten.filter.xss.CrossScriptingFilter.doFilter(CrossScriptingFilter.java:51)
	at jeus.servlet.filter.FilterChainImpl.internalDoFilter(FilterChainImpl.java:99)
	at jeus.servlet.filter.FilterChainImpl.doFilter(FilterChainImpl.java:87)
	at jeus.servlet.engine.ServletWrapper.execute(ServletWrapper.java:148)
	at jeus.servlet.jsp.JspServletWrapper.execute(JspServletWrapper.java:57)
	at jeus.servlet.valve.ContextBasicValve.invoke(ContextBasicValve.java:81)
	at jeus.servlet.valve.VirtualHostBasicValve.invoke(VirtualHostBasicValve.java:15)
	at jeus.servlet.valve.WebContainerBasicValve.invoke(WebContainerBasicValve.java:67)
	at jeus.servlet.engine.RequestProcessor.run(RequestProcessor.java:208)
	at jeus.util.pool.ThreadPoolExecutor$Worker.runTask(ThreadPoolExecutor.java:1301)
	at jeus.util.pool.ThreadPoolExecutor$Worker.run(ThreadPoolExecutor.java:1345)
	at jeus.servlet.engine.WebThreadPoolExecutor$WebRequestWorker.run(WebThreadPoolExecutor.java:201)
	at java.lang.Thread.run(Thread.java:750)

[DEBUG] [210200] [GPKIHttpServletRequest] [webtob1-hth0-37] GpkiApi.init() : /home/legal/legalb/gpkisecureweb/WEB-INF/conf
[DEBUG] [210200] [GPKIHttpServletRequest] [webtob1-hth0-37] query : &lt;gpki&#58;ENCRYPTED DATA&gt;AQAVAAACLzCCAisCAQAxggF1MIIBcQIBADBZMFMxCzAJBgNVBAYTAktSMRIwEAYDVQQKDAlDcm9zc0NlcnQxFTATBgNVBAsMDEFjY3JlZGl0ZWRDQTEZMBcGA1UEAwwQQ3Jvc3NDZXJ0VGVzdENBMgICLD0wDQYJKoZIhvcNAQEHMAAEggEAwP3bIKN0byZ8YMIfXvQXKco12e6eCFwVg h2ybBKXvjAQ9V2sEaXkJLCAS7E3F4DY ZyXqqWjVzvJBJR1&#47;wFB2zi3SHNxZxRN6oRr9ZSUFuCrF3y3URsmdh&#47;KRkzQ8jDqTOIkS7bXCKOWdwgEDER9h0eaLzhUkcr0ps3w339A4n60upQZZ66Rligb&#47;SQAWIPCI7jeV&#47;&#47;TJIxcXQRXF638mMh46nMvc w1HFSAqf90ifa26A53 I99enVXMkpKm7OvwwhFDdhmImkzh0f&#47;i3VIP acqoH9KOkR1aOqe5s1IeoD23aOOt9VIU&#47;&#47;hRVn4CbmOXZpLcOMrg2mPWpnaEg6TCBrAYJKoZIhvcNAQcBMBwGCCqDGoyaRAEEBBBfKCIQWEPWTc46MWutG0zSgIGAi0bnjOLWMbLHjyjL7 DypJNRfw0Gs14eb NopflZxOEs&#47;SM0vSv4VWx3Wj9MTXggaKA7VdTNOaXeSrQa&#47;CrHe45rJrZXvznWRQbTgoDB7jrKdbQIjQcoFhkDMXDzg8PA 5pwO0yBW 2fhblErHheSkgEX0YbAq JiYbks76uyUk&#61&lt;&#47;gpki&#58;ENCRYPTED DATA&gt;
[DEBUG] [210200] [Base64ContentInfo] [webtob1-hth0-37] QUERY_STRING  &lt;gpki&#58;ENCRYPTED DATA&gt;AQAVAAACLzCCAisCAQAxggF1MIIBcQIBADBZMFMxCzAJBgNVBAYTAktSMRIwEAYDVQQKDAlDcm9zc0NlcnQxFTATBgNVBAsMDEFjY3JlZGl0ZWRDQTEZMBcGA1UEAwwQQ3Jvc3NDZXJ0VGVzdENBMgICLD0wDQYJKoZIhvcNAQEHMAAEggEAwP3bIKN0byZ8YMIfXvQXKco12e6eCFwVg h2ybBKXvjAQ9V2sEaXkJLCAS7E3F4DY ZyXqqWjVzvJBJR1&#47;wFB2zi3SHNxZxRN6oRr9ZSUFuCrF3y3URsmdh&#47;KRkzQ8jDqTOIkS7bXCKOWdwgEDER9h0eaLzhUkcr0ps3w339A4n60upQZZ66Rligb&#47;SQAWIPCI7jeV&#47;&#47;TJIxcXQRXF638mMh46nMvc w1HFSAqf90ifa26A53 I99enVXMkpKm7OvwwhFDdhmImkzh0f&#47;i3VIP acqoH9KOkR1aOqe5s1IeoD23aOOt9VIU&#47;&#47;hRVn4CbmOXZpLcOMrg2mPWpnaEg6TCBrAYJKoZIhvcNAQcBMBwGCCqDGoyaRAEEBBBfKCIQWEPWTc46MWutG0zSgIGAi0bnjOLWMbLHjyjL7 DypJNRfw0Gs14eb NopflZxOEs&#47;SM0vSv4VWx3Wj9MTXggaKA7VdTNOaXeSrQa&#47;CrHe45rJrZXvznWRQbTgoDB7jrKdbQIjQcoFhkDMXDzg8PA 5pwO0yBW 2fhblErHheSkgEX0YbAq JiYbks76uyUk&#61&lt;&#47;gpki&#58;ENCRYPTED DATA&gt;
[ERR] [210200] [Base64ContentInfo] com.gpki.gpkiapi.exception.GpkiApiException: ErrCode=1901,ErrMsg=[GPKI_BASE64_Decode] BASE64 디코딩 실패
	at com.gpki.gpkiapi.util.Base64.decode(Base64.java:63)
	at com.gpki.secureweb.Base64ContentInfo.<init>(Base64ContentInfo.java:81)
	at com.gpki.servlet.GPKIHttpServletRequest.init(GPKIHttpServletRequest.java:169)
	at com.gpki.servlet.GPKIHttpServletRequest.<init>(GPKIHttpServletRequest.java:134)
	at jeus_jspwork._gpkisecureweb._jsp._800_createSecureSession_5f1_5f1_5fjsp._jspService(_800_createSecureSession_5f1_5f1_5fjsp.java:147)
	at org.apache.jasper.runtime.HttpJspBase.service(HttpJspBase.java:70)
	at javax.servlet.http.HttpServlet.service(HttpServlet.java:791)
	at jeus.servlet.jsp.JspServletWrapper.executeServlet(JspServletWrapper.java:87)
	at jeus.servlet.filter.FilterChainImpl.internalDoFilter(FilterChainImpl.java:113)
	at jeus.servlet.filter.FilterChainImpl.doFilter(FilterChainImpl.java:87)
	at org.springframework.web.filter.CharacterEncodingFilter.doFilterInternal(CharacterEncodingFilter.java:197)
	at org.springframework.web.filter.OncePerRequestFilter.doFilter(OncePerRequestFilter.java:107)
	at jeus.servlet.filter.FilterChainImpl.internalDoFilter(FilterChainImpl.java:99)
	at jeus.servlet.filter.FilterChainImpl.doFilter(FilterChainImpl.java:87)
	at com.mten.filter.xss.CrossScriptingFilter.doFilter(CrossScriptingFilter.java:51)
	at jeus.servlet.filter.FilterChainImpl.internalDoFilter(FilterChainImpl.java:99)
	at jeus.servlet.filter.FilterChainImpl.doFilter(FilterChainImpl.java:87)
	at jeus.servlet.engine.ServletWrapper.execute(ServletWrapper.java:148)
	at jeus.servlet.jsp.JspServletWrapper.execute(JspServletWrapper.java:57)
	at jeus.servlet.valve.ContextBasicValve.invoke(ContextBasicValve.java:81)
	at jeus.servlet.valve.VirtualHostBasicValve.invoke(VirtualHostBasicValve.java:15)
	at jeus.servlet.valve.WebContainerBasicValve.invoke(WebContainerBasicValve.java:67)
	at jeus.servlet.engine.RequestProcessor.run(RequestProcessor.java:208)
	at jeus.util.pool.ThreadPoolExecutor$Worker.runTask(ThreadPoolExecutor.java:1301)
	at jeus.util.pool.ThreadPoolExecutor$Worker.run(ThreadPoolExecutor.java:1345)
	at jeus.servlet.engine.WebThreadPoolExecutor$WebRequestWorker.run(WebThreadPoolExecutor.java:201)
	at java.lang.Thread.run(Thread.java:750)

[ERR] [210200] [GPKIHttpServletRequest] com.gpki.secureweb.GPKISecureWEBException: ErrCode=1901,ErrMsg=[GPKI_BASE64_Decode] BASE64 디코딩 실패
	at com.gpki.secureweb.Base64ContentInfo.<init>(Base64ContentInfo.java:108)
	at com.gpki.servlet.GPKIHttpServletRequest.init(GPKIHttpServletRequest.java:169)
	at com.gpki.servlet.GPKIHttpServletRequest.<init>(GPKIHttpServletRequest.java:134)
	at jeus_jspwork._gpkisecureweb._jsp._800_createSecureSession_5f1_5f1_5fjsp._jspService(_800_createSecureSession_5f1_5f1_5fjsp.java:147)
	at org.apache.jasper.runtime.HttpJspBase.service(HttpJspBase.java:70)
	at javax.servlet.http.HttpServlet.service(HttpServlet.java:791)
	at jeus.servlet.jsp.JspServletWrapper.executeServlet(JspServletWrapper.java:87)
	at jeus.servlet.filter.FilterChainImpl.internalDoFilter(FilterChainImpl.java:113)
	at jeus.servlet.filter.FilterChainImpl.doFilter(FilterChainImpl.java:87)
	at org.springframework.web.filter.CharacterEncodingFilter.doFilterInternal(CharacterEncodingFilter.java:197)
	at org.springframework.web.filter.OncePerRequestFilter.doFilter(OncePerRequestFilter.java:107)
	at jeus.servlet.filter.FilterChainImpl.internalDoFilter(FilterChainImpl.java:99)
	at jeus.servlet.filter.FilterChainImpl.doFilter(FilterChainImpl.java:87)
	at com.mten.filter.xss.CrossScriptingFilter.doFilter(CrossScriptingFilter.java:51)
	at jeus.servlet.filter.FilterChainImpl.internalDoFilter(FilterChainImpl.java:99)
	at jeus.servlet.filter.FilterChainImpl.doFilter(FilterChainImpl.java:87)
	at jeus.servlet.engine.ServletWrapper.execute(ServletWrapper.java:148)
	at jeus.servlet.jsp.JspServletWrapper.execute(JspServletWrapper.java:57)
	at jeus.servlet.valve.ContextBasicValve.invoke(ContextBasicValve.java:81)
	at jeus.servlet.valve.VirtualHostBasicValve.invoke(VirtualHostBasicValve.java:15)
	at jeus.servlet.valve.WebContainerBasicValve.invoke(WebContainerBasicValve.java:67)
	at jeus.servlet.engine.RequestProcessor.run(RequestProcessor.java:208)
	at jeus.util.pool.ThreadPoolExecutor$Worker.runTask(ThreadPoolExecutor.java:1301)
	at jeus.util.pool.ThreadPoolExecutor$Worker.run(ThreadPoolExecutor.java:1345)
	at jeus.servlet.engine.WebThreadPoolExecutor$WebRequestWorker.run(WebThreadPoolExecutor.java:201)
	at java.lang.Thread.run(Thread.java:750)

[DEBUG] [210654] [GPKIHttpServletRequest] [webtob1-hth0-44] GpkiApi.init() : /home/legal/legalb/gpkisecureweb/WEB-INF/conf
[DEBUG] [210654] [GPKIHttpServletRequest] [webtob1-hth0-44] query : 
[DEBUG] [210654] [Base64ContentInfo] [webtob1-hth0-44] QUERY_STRING  
[ERR] [210654] [Base64ContentInfo] java.lang.StringIndexOutOfBoundsException: String index out of range: -43
	at java.lang.String.substring(String.java:1967)
	at com.gpki.secureweb.Base64ContentInfo.<init>(Base64ContentInfo.java:78)
	at com.gpki.servlet.GPKIHttpServletRequest.init(GPKIHttpServletRequest.java:169)
	at com.gpki.servlet.GPKIHttpServletRequest.<init>(GPKIHttpServletRequest.java:134)
	at jeus_jspwork._gpkisecureweb._jsp._800_createSecureSession_5f1_5f1_5fjsp._jspService(_800_createSecureSession_5f1_5f1_5fjsp.java:147)
	at org.apache.jasper.runtime.HttpJspBase.service(HttpJspBase.java:70)
	at javax.servlet.http.HttpServlet.service(HttpServlet.java:791)
	at jeus.servlet.jsp.JspServletWrapper.executeServlet(JspServletWrapper.java:87)
	at jeus.servlet.filter.FilterChainImpl.internalDoFilter(FilterChainImpl.java:113)
	at jeus.servlet.filter.FilterChainImpl.doFilter(FilterChainImpl.java:87)
	at org.springframework.web.filter.CharacterEncodingFilter.doFilterInternal(CharacterEncodingFilter.java:197)
	at org.springframework.web.filter.OncePerRequestFilter.doFilter(OncePerRequestFilter.java:107)
	at jeus.servlet.filter.FilterChainImpl.internalDoFilter(FilterChainImpl.java:99)
	at jeus.servlet.filter.FilterChainImpl.doFilter(FilterChainImpl.java:87)
	at com.mten.filter.xss.CrossScriptingFilter.doFilter(CrossScriptingFilter.java:51)
	at jeus.servlet.filter.FilterChainImpl.internalDoFilter(FilterChainImpl.java:99)
	at jeus.servlet.filter.FilterChainImpl.doFilter(FilterChainImpl.java:87)
	at jeus.servlet.engine.ServletWrapper.execute(ServletWrapper.java:148)
	at jeus.servlet.jsp.JspServletWrapper.execute(JspServletWrapper.java:57)
	at jeus.servlet.valve.ContextBasicValve.invoke(ContextBasicValve.java:81)
	at jeus.servlet.valve.VirtualHostBasicValve.invoke(VirtualHostBasicValve.java:15)
	at jeus.servlet.valve.WebContainerBasicValve.invoke(WebContainerBasicValve.java:67)
	at jeus.servlet.engine.RequestProcessor.run(RequestProcessor.java:208)
	at jeus.util.pool.ThreadPoolExecutor$Worker.runTask(ThreadPoolExecutor.java:1301)
	at jeus.util.pool.ThreadPoolExecutor$Worker.run(ThreadPoolExecutor.java:1345)
	at jeus.servlet.engine.WebThreadPoolExecutor$WebRequestWorker.run(WebThreadPoolExecutor.java:201)
	at java.lang.Thread.run(Thread.java:750)

[ERR] [210654] [GPKIHttpServletRequest] com.gpki.secureweb.GPKISecureWEBException: String index out of range: -43
	at com.gpki.secureweb.Base64ContentInfo.<init>(Base64ContentInfo.java:108)
	at com.gpki.servlet.GPKIHttpServletRequest.init(GPKIHttpServletRequest.java:169)
	at com.gpki.servlet.GPKIHttpServletRequest.<init>(GPKIHttpServletRequest.java:134)
	at jeus_jspwork._gpkisecureweb._jsp._800_createSecureSession_5f1_5f1_5fjsp._jspService(_800_createSecureSession_5f1_5f1_5fjsp.java:147)
	at org.apache.jasper.runtime.HttpJspBase.service(HttpJspBase.java:70)
	at javax.servlet.http.HttpServlet.service(HttpServlet.java:791)
	at jeus.servlet.jsp.JspServletWrapper.executeServlet(JspServletWrapper.java:87)
	at jeus.servlet.filter.FilterChainImpl.internalDoFilter(FilterChainImpl.java:113)
	at jeus.servlet.filter.FilterChainImpl.doFilter(FilterChainImpl.java:87)
	at org.springframework.web.filter.CharacterEncodingFilter.doFilterInternal(CharacterEncodingFilter.java:197)
	at org.springframework.web.filter.OncePerRequestFilter.doFilter(OncePerRequestFilter.java:107)
	at jeus.servlet.filter.FilterChainImpl.internalDoFilter(FilterChainImpl.java:99)
	at jeus.servlet.filter.FilterChainImpl.doFilter(FilterChainImpl.java:87)
	at com.mten.filter.xss.CrossScriptingFilter.doFilter(CrossScriptingFilter.java:51)
	at jeus.servlet.filter.FilterChainImpl.internalDoFilter(FilterChainImpl.java:99)
	at jeus.servlet.filter.FilterChainImpl.doFilter(FilterChainImpl.java:87)
	at jeus.servlet.engine.ServletWrapper.execute(ServletWrapper.java:148)
	at jeus.servlet.jsp.JspServletWrapper.execute(JspServletWrapper.java:57)
	at jeus.servlet.valve.ContextBasicValve.invoke(ContextBasicValve.java:81)
	at jeus.servlet.valve.VirtualHostBasicValve.invoke(VirtualHostBasicValve.java:15)
	at jeus.servlet.valve.WebContainerBasicValve.invoke(WebContainerBasicValve.java:67)
	at jeus.servlet.engine.RequestProcessor.run(RequestProcessor.java:208)
	at jeus.util.pool.ThreadPoolExecutor$Worker.runTask(ThreadPoolExecutor.java:1301)
	at jeus.util.pool.ThreadPoolExecutor$Worker.run(ThreadPoolExecutor.java:1345)
	at jeus.servlet.engine.WebThreadPoolExecutor$WebRequestWorker.run(WebThreadPoolExecutor.java:201)
	at java.lang.Thread.run(Thread.java:750)

[DEBUG] [211844] [GPKIHttpServletRequest] [webtob1-hth0-4] GpkiApi.init() : /home/legal/legalb/gpkisecureweb/WEB-INF/conf
[DEBUG] [211844] [GPKIHttpServletRequest] [webtob1-hth0-4] query : 
[DEBUG] [211844] [Base64ContentInfo] [webtob1-hth0-4] QUERY_STRING  
[ERR] [211844] [Base64ContentInfo] java.lang.StringIndexOutOfBoundsException: String index out of range: -43
	at java.lang.String.substring(String.java:1967)
	at com.gpki.secureweb.Base64ContentInfo.<init>(Base64ContentInfo.java:78)
	at com.gpki.servlet.GPKIHttpServletRequest.init(GPKIHttpServletRequest.java:169)
	at com.gpki.servlet.GPKIHttpServletRequest.<init>(GPKIHttpServletRequest.java:134)
	at jeus_jspwork._gpkisecureweb._jsp._800_createSecureSession_5f1_5f1_5fjsp._jspService(_800_createSecureSession_5f1_5f1_5fjsp.java:147)
	at org.apache.jasper.runtime.HttpJspBase.service(HttpJspBase.java:70)
	at javax.servlet.http.HttpServlet.service(HttpServlet.java:791)
	at jeus.servlet.jsp.JspServletWrapper.executeServlet(JspServletWrapper.java:87)
	at jeus.servlet.filter.FilterChainImpl.internalDoFilter(FilterChainImpl.java:113)
	at jeus.servlet.filter.FilterChainImpl.doFilter(FilterChainImpl.java:87)
	at org.springframework.web.filter.CharacterEncodingFilter.doFilterInternal(CharacterEncodingFilter.java:197)
	at org.springframework.web.filter.OncePerRequestFilter.doFilter(OncePerRequestFilter.java:107)
	at jeus.servlet.filter.FilterChainImpl.internalDoFilter(FilterChainImpl.java:99)
	at jeus.servlet.filter.FilterChainImpl.doFilter(FilterChainImpl.java:87)
	at com.mten.filter.xss.CrossScriptingFilter.doFilter(CrossScriptingFilter.java:51)
	at jeus.servlet.filter.FilterChainImpl.internalDoFilter(FilterChainImpl.java:99)
	at jeus.servlet.filter.FilterChainImpl.doFilter(FilterChainImpl.java:87)
	at jeus.servlet.engine.ServletWrapper.execute(ServletWrapper.java:148)
	at jeus.servlet.jsp.JspServletWrapper.execute(JspServletWrapper.java:57)
	at jeus.servlet.valve.ContextBasicValve.invoke(ContextBasicValve.java:81)
	at jeus.servlet.valve.VirtualHostBasicValve.invoke(VirtualHostBasicValve.java:15)
	at jeus.servlet.valve.WebContainerBasicValve.invoke(WebContainerBasicValve.java:67)
	at jeus.servlet.engine.RequestProcessor.run(RequestProcessor.java:208)
	at jeus.util.pool.ThreadPoolExecutor$Worker.runTask(ThreadPoolExecutor.java:1301)
	at jeus.util.pool.ThreadPoolExecutor$Worker.run(ThreadPoolExecutor.java:1345)
	at jeus.servlet.engine.WebThreadPoolExecutor$WebRequestWorker.run(WebThreadPoolExecutor.java:201)
	at java.lang.Thread.run(Thread.java:750)

[ERR] [211844] [GPKIHttpServletRequest] com.gpki.secureweb.GPKISecureWEBException: String index out of range: -43
	at com.gpki.secureweb.Base64ContentInfo.<init>(Base64ContentInfo.java:108)
	at com.gpki.servlet.GPKIHttpServletRequest.init(GPKIHttpServletRequest.java:169)
	at com.gpki.servlet.GPKIHttpServletRequest.<init>(GPKIHttpServletRequest.java:134)
	at jeus_jspwork._gpkisecureweb._jsp._800_createSecureSession_5f1_5f1_5fjsp._jspService(_800_createSecureSession_5f1_5f1_5fjsp.java:147)
	at org.apache.jasper.runtime.HttpJspBase.service(HttpJspBase.java:70)
	at javax.servlet.http.HttpServlet.service(HttpServlet.java:791)
	at jeus.servlet.jsp.JspServletWrapper.executeServlet(JspServletWrapper.java:87)
	at jeus.servlet.filter.FilterChainImpl.internalDoFilter(FilterChainImpl.java:113)
	at jeus.servlet.filter.FilterChainImpl.doFilter(FilterChainImpl.java:87)
	at org.springframework.web.filter.CharacterEncodingFilter.doFilterInternal(CharacterEncodingFilter.java:197)
	at org.springframework.web.filter.OncePerRequestFilter.doFilter(OncePerRequestFilter.java:107)
	at jeus.servlet.filter.FilterChainImpl.internalDoFilter(FilterChainImpl.java:99)
	at jeus.servlet.filter.FilterChainImpl.doFilter(FilterChainImpl.java:87)
	at com.mten.filter.xss.CrossScriptingFilter.doFilter(CrossScriptingFilter.java:51)
	at jeus.servlet.filter.FilterChainImpl.internalDoFilter(FilterChainImpl.java:99)
	at jeus.servlet.filter.FilterChainImpl.doFilter(FilterChainImpl.java:87)
	at jeus.servlet.engine.ServletWrapper.execute(ServletWrapper.java:148)
	at jeus.servlet.jsp.JspServletWrapper.execute(JspServletWrapper.java:57)
	at jeus.servlet.valve.ContextBasicValve.invoke(ContextBasicValve.java:81)
	at jeus.servlet.valve.VirtualHostBasicValve.invoke(VirtualHostBasicValve.java:15)
	at jeus.servlet.valve.WebContainerBasicValve.invoke(WebContainerBasicValve.java:67)
	at jeus.servlet.engine.RequestProcessor.run(RequestProcessor.java:208)
	at jeus.util.pool.ThreadPoolExecutor$Worker.runTask(ThreadPoolExecutor.java:1301)
	at jeus.util.pool.ThreadPoolExecutor$Worker.run(ThreadPoolExecutor.java:1345)
	at jeus.servlet.engine.WebThreadPoolExecutor$WebRequestWorker.run(WebThreadPoolExecutor.java:201)
	at java.lang.Thread.run(Thread.java:750)

[DEBUG] [211929] [GPKIHttpServletRequest] [webtob1-hth0-8] GpkiApi.init() : /home/legal/legalb/gpkisecureweb/WEB-INF/conf
[DEBUG] [211929] [GPKIHttpServletRequest] [webtob1-hth0-8] query : 
[DEBUG] [211929] [Base64ContentInfo] [webtob1-hth0-8] QUERY_STRING  
[ERR] [211929] [Base64ContentInfo] java.lang.StringIndexOutOfBoundsException: String index out of range: -43
	at java.lang.String.substring(String.java:1967)
	at com.gpki.secureweb.Base64ContentInfo.<init>(Base64ContentInfo.java:78)
	at com.gpki.servlet.GPKIHttpServletRequest.init(GPKIHttpServletRequest.java:169)
	at com.gpki.servlet.GPKIHttpServletRequest.<init>(GPKIHttpServletRequest.java:134)
	at jeus_jspwork._gpkisecureweb._jsp._800_createSecureSession_5f1_5f1_5fjsp._jspService(_800_createSecureSession_5f1_5f1_5fjsp.java:147)
	at org.apache.jasper.runtime.HttpJspBase.service(HttpJspBase.java:70)
	at javax.servlet.http.HttpServlet.service(HttpServlet.java:791)
	at jeus.servlet.jsp.JspServletWrapper.executeServlet(JspServletWrapper.java:87)
	at jeus.servlet.filter.FilterChainImpl.internalDoFilter(FilterChainImpl.java:113)
	at jeus.servlet.filter.FilterChainImpl.doFilter(FilterChainImpl.java:87)
	at org.springframework.web.filter.CharacterEncodingFilter.doFilterInternal(CharacterEncodingFilter.java:197)
	at org.springframework.web.filter.OncePerRequestFilter.doFilter(OncePerRequestFilter.java:107)
	at jeus.servlet.filter.FilterChainImpl.internalDoFilter(FilterChainImpl.java:99)
	at jeus.servlet.filter.FilterChainImpl.doFilter(FilterChainImpl.java:87)
	at com.mten.filter.xss.CrossScriptingFilter.doFilter(CrossScriptingFilter.java:51)
	at jeus.servlet.filter.FilterChainImpl.internalDoFilter(FilterChainImpl.java:99)
	at jeus.servlet.filter.FilterChainImpl.doFilter(FilterChainImpl.java:87)
	at jeus.servlet.engine.ServletWrapper.execute(ServletWrapper.java:148)
	at jeus.servlet.jsp.JspServletWrapper.execute(JspServletWrapper.java:57)
	at jeus.servlet.valve.ContextBasicValve.invoke(ContextBasicValve.java:81)
	at jeus.servlet.valve.VirtualHostBasicValve.invoke(VirtualHostBasicValve.java:15)
	at jeus.servlet.valve.WebContainerBasicValve.invoke(WebContainerBasicValve.java:67)
	at jeus.servlet.engine.RequestProcessor.run(RequestProcessor.java:208)
	at jeus.util.pool.ThreadPoolExecutor$Worker.runTask(ThreadPoolExecutor.java:1301)
	at jeus.util.pool.ThreadPoolExecutor$Worker.run(ThreadPoolExecutor.java:1345)
	at jeus.servlet.engine.WebThreadPoolExecutor$WebRequestWorker.run(WebThreadPoolExecutor.java:201)
	at java.lang.Thread.run(Thread.java:750)

[ERR] [211929] [GPKIHttpServletRequest] com.gpki.secureweb.GPKISecureWEBException: String index out of range: -43
	at com.gpki.secureweb.Base64ContentInfo.<init>(Base64ContentInfo.java:108)
	at com.gpki.servlet.GPKIHttpServletRequest.init(GPKIHttpServletRequest.java:169)
	at com.gpki.servlet.GPKIHttpServletRequest.<init>(GPKIHttpServletRequest.java:134)
	at jeus_jspwork._gpkisecureweb._jsp._800_createSecureSession_5f1_5f1_5fjsp._jspService(_800_createSecureSession_5f1_5f1_5fjsp.java:147)
	at org.apache.jasper.runtime.HttpJspBase.service(HttpJspBase.java:70)
	at javax.servlet.http.HttpServlet.service(HttpServlet.java:791)
	at jeus.servlet.jsp.JspServletWrapper.executeServlet(JspServletWrapper.java:87)
	at jeus.servlet.filter.FilterChainImpl.internalDoFilter(FilterChainImpl.java:113)
	at jeus.servlet.filter.FilterChainImpl.doFilter(FilterChainImpl.java:87)
	at org.springframework.web.filter.CharacterEncodingFilter.doFilterInternal(CharacterEncodingFilter.java:197)
	at org.springframework.web.filter.OncePerRequestFilter.doFilter(OncePerRequestFilter.java:107)
	at jeus.servlet.filter.FilterChainImpl.internalDoFilter(FilterChainImpl.java:99)
	at jeus.servlet.filter.FilterChainImpl.doFilter(FilterChainImpl.java:87)
	at com.mten.filter.xss.CrossScriptingFilter.doFilter(CrossScriptingFilter.java:51)
	at jeus.servlet.filter.FilterChainImpl.internalDoFilter(FilterChainImpl.java:99)
	at jeus.servlet.filter.FilterChainImpl.doFilter(FilterChainImpl.java:87)
	at jeus.servlet.engine.ServletWrapper.execute(ServletWrapper.java:148)
	at jeus.servlet.jsp.JspServletWrapper.execute(JspServletWrapper.java:57)
	at jeus.servlet.valve.ContextBasicValve.invoke(ContextBasicValve.java:81)
	at jeus.servlet.valve.VirtualHostBasicValve.invoke(VirtualHostBasicValve.java:15)
	at jeus.servlet.valve.WebContainerBasicValve.invoke(WebContainerBasicValve.java:67)
	at jeus.servlet.engine.RequestProcessor.run(RequestProcessor.java:208)
	at jeus.util.pool.ThreadPoolExecutor$Worker.runTask(ThreadPoolExecutor.java:1301)
	at jeus.util.pool.ThreadPoolExecutor$Worker.run(ThreadPoolExecutor.java:1345)
	at jeus.servlet.engine.WebThreadPoolExecutor$WebRequestWorker.run(WebThreadPoolExecutor.java:201)
	at java.lang.Thread.run(Thread.java:750)

[DEBUG] [212359] [GPKIHttpServletRequest] [webtob1-hth0-16] GpkiApi.init() : /home/legal/legalb/gpkisecureweb/WEB-INF/conf
[DEBUG] [212359] [GPKIHttpServletRequest] [webtob1-hth0-16] query : 
[DEBUG] [212359] [Base64ContentInfo] [webtob1-hth0-16] QUERY_STRING  
[ERR] [212359] [Base64ContentInfo] java.lang.StringIndexOutOfBoundsException: String index out of range: -43
	at java.lang.String.substring(String.java:1967)
	at com.gpki.secureweb.Base64ContentInfo.<init>(Base64ContentInfo.java:78)
	at com.gpki.servlet.GPKIHttpServletRequest.init(GPKIHttpServletRequest.java:169)
	at com.gpki.servlet.GPKIHttpServletRequest.<init>(GPKIHttpServletRequest.java:134)
	at jeus_jspwork._gpkisecureweb._jsp._800_createSecureSession_5f1_5f1_5fjsp._jspService(_800_createSecureSession_5f1_5f1_5fjsp.java:147)
	at org.apache.jasper.runtime.HttpJspBase.service(HttpJspBase.java:70)
	at javax.servlet.http.HttpServlet.service(HttpServlet.java:791)
	at jeus.servlet.jsp.JspServletWrapper.executeServlet(JspServletWrapper.java:87)
	at jeus.servlet.filter.FilterChainImpl.internalDoFilter(FilterChainImpl.java:113)
	at jeus.servlet.filter.FilterChainImpl.doFilter(FilterChainImpl.java:87)
	at org.springframework.web.filter.CharacterEncodingFilter.doFilterInternal(CharacterEncodingFilter.java:197)
	at org.springframework.web.filter.OncePerRequestFilter.doFilter(OncePerRequestFilter.java:107)
	at jeus.servlet.filter.FilterChainImpl.internalDoFilter(FilterChainImpl.java:99)
	at jeus.servlet.filter.FilterChainImpl.doFilter(FilterChainImpl.java:87)
	at com.mten.filter.xss.CrossScriptingFilter.doFilter(CrossScriptingFilter.java:51)
	at jeus.servlet.filter.FilterChainImpl.internalDoFilter(FilterChainImpl.java:99)
	at jeus.servlet.filter.FilterChainImpl.doFilter(FilterChainImpl.java:87)
	at jeus.servlet.engine.ServletWrapper.execute(ServletWrapper.java:148)
	at jeus.servlet.jsp.JspServletWrapper.execute(JspServletWrapper.java:57)
	at jeus.servlet.valve.ContextBasicValve.invoke(ContextBasicValve.java:81)
	at jeus.servlet.valve.VirtualHostBasicValve.invoke(VirtualHostBasicValve.java:15)
	at jeus.servlet.valve.WebContainerBasicValve.invoke(WebContainerBasicValve.java:67)
	at jeus.servlet.engine.RequestProcessor.run(RequestProcessor.java:208)
	at jeus.util.pool.ThreadPoolExecutor$Worker.runTask(ThreadPoolExecutor.java:1301)
	at jeus.util.pool.ThreadPoolExecutor$Worker.run(ThreadPoolExecutor.java:1345)
	at jeus.servlet.engine.WebThreadPoolExecutor$WebRequestWorker.run(WebThreadPoolExecutor.java:201)
	at java.lang.Thread.run(Thread.java:750)

[ERR] [212359] [GPKIHttpServletRequest] com.gpki.secureweb.GPKISecureWEBException: String index out of range: -43
	at com.gpki.secureweb.Base64ContentInfo.<init>(Base64ContentInfo.java:108)
	at com.gpki.servlet.GPKIHttpServletRequest.init(GPKIHttpServletRequest.java:169)
	at com.gpki.servlet.GPKIHttpServletRequest.<init>(GPKIHttpServletRequest.java:134)
	at jeus_jspwork._gpkisecureweb._jsp._800_createSecureSession_5f1_5f1_5fjsp._jspService(_800_createSecureSession_5f1_5f1_5fjsp.java:147)
	at org.apache.jasper.runtime.HttpJspBase.service(HttpJspBase.java:70)
	at javax.servlet.http.HttpServlet.service(HttpServlet.java:791)
	at jeus.servlet.jsp.JspServletWrapper.executeServlet(JspServletWrapper.java:87)
	at jeus.servlet.filter.FilterChainImpl.internalDoFilter(FilterChainImpl.java:113)
	at jeus.servlet.filter.FilterChainImpl.doFilter(FilterChainImpl.java:87)
	at org.springframework.web.filter.CharacterEncodingFilter.doFilterInternal(CharacterEncodingFilter.java:197)
	at org.springframework.web.filter.OncePerRequestFilter.doFilter(OncePerRequestFilter.java:107)
	at jeus.servlet.filter.FilterChainImpl.internalDoFilter(FilterChainImpl.java:99)
	at jeus.servlet.filter.FilterChainImpl.doFilter(FilterChainImpl.java:87)
	at com.mten.filter.xss.CrossScriptingFilter.doFilter(CrossScriptingFilter.java:51)
	at jeus.servlet.filter.FilterChainImpl.internalDoFilter(FilterChainImpl.java:99)
	at jeus.servlet.filter.FilterChainImpl.doFilter(FilterChainImpl.java:87)
	at jeus.servlet.engine.ServletWrapper.execute(ServletWrapper.java:148)
	at jeus.servlet.jsp.JspServletWrapper.execute(JspServletWrapper.java:57)
	at jeus.servlet.valve.ContextBasicValve.invoke(ContextBasicValve.java:81)
	at jeus.servlet.valve.VirtualHostBasicValve.invoke(VirtualHostBasicValve.java:15)
	at jeus.servlet.valve.WebContainerBasicValve.invoke(WebContainerBasicValve.java:67)
	at jeus.servlet.engine.RequestProcessor.run(RequestProcessor.java:208)
	at jeus.util.pool.ThreadPoolExecutor$Worker.runTask(ThreadPoolExecutor.java:1301)
	at jeus.util.pool.ThreadPoolExecutor$Worker.run(ThreadPoolExecutor.java:1345)
	at jeus.servlet.engine.WebThreadPoolExecutor$WebRequestWorker.run(WebThreadPoolExecutor.java:201)
	at java.lang.Thread.run(Thread.java:750)

[DEBUG] [213331] [GPKIHttpServletRequest] [webtob1-hth0-23] GpkiApi.init() : /home/legal/legalb/gpkisecureweb/WEB-INF/conf
[DEBUG] [213331] [GPKIHttpServletRequest] [webtob1-hth0-23] query : 
[DEBUG] [213331] [Base64ContentInfo] [webtob1-hth0-23] QUERY_STRING  
[ERR] [213331] [Base64ContentInfo] java.lang.StringIndexOutOfBoundsException: String index out of range: -43
	at java.lang.String.substring(String.java:1967)
	at com.gpki.secureweb.Base64ContentInfo.<init>(Base64ContentInfo.java:78)
	at com.gpki.servlet.GPKIHttpServletRequest.init(GPKIHttpServletRequest.java:169)
	at com.gpki.servlet.GPKIHttpServletRequest.<init>(GPKIHttpServletRequest.java:134)
	at jeus_jspwork._gpkisecureweb._jsp._800_createSecureSession_5f1_5f1_5fjsp._jspService(_800_createSecureSession_5f1_5f1_5fjsp.java:147)
	at org.apache.jasper.runtime.HttpJspBase.service(HttpJspBase.java:70)
	at javax.servlet.http.HttpServlet.service(HttpServlet.java:791)
	at jeus.servlet.jsp.JspServletWrapper.executeServlet(JspServletWrapper.java:87)
	at jeus.servlet.servlets.JspServlet.executeServlet(JspServlet.java:136)
	at jeus.servlet.filter.FilterChainImpl.internalDoFilter(FilterChainImpl.java:113)
	at jeus.servlet.filter.FilterChainImpl.doFilter(FilterChainImpl.java:87)
	at org.springframework.web.filter.CharacterEncodingFilter.doFilterInternal(CharacterEncodingFilter.java:197)
	at org.springframework.web.filter.OncePerRequestFilter.doFilter(OncePerRequestFilter.java:107)
	at jeus.servlet.filter.FilterChainImpl.internalDoFilter(FilterChainImpl.java:99)
	at jeus.servlet.filter.FilterChainImpl.doFilter(FilterChainImpl.java:87)
	at com.mten.filter.xss.CrossScriptingFilter.doFilter(CrossScriptingFilter.java:51)
	at jeus.servlet.filter.FilterChainImpl.internalDoFilter(FilterChainImpl.java:99)
	at jeus.servlet.filter.FilterChainImpl.doFilter(FilterChainImpl.java:87)
	at jeus.servlet.servlets.JspServlet.execute(JspServlet.java:74)
	at jeus.servlet.valve.ContextBasicValve.invoke(ContextBasicValve.java:81)
	at jeus.servlet.valve.VirtualHostBasicValve.invoke(VirtualHostBasicValve.java:15)
	at jeus.servlet.valve.WebContainerBasicValve.invoke(WebContainerBasicValve.java:67)
	at jeus.servlet.engine.RequestProcessor.run(RequestProcessor.java:208)
	at jeus.util.pool.ThreadPoolExecutor$Worker.runTask(ThreadPoolExecutor.java:1301)
	at jeus.util.pool.ThreadPoolExecutor$Worker.run(ThreadPoolExecutor.java:1345)
	at jeus.servlet.engine.WebThreadPoolExecutor$WebRequestWorker.run(WebThreadPoolExecutor.java:201)
	at java.lang.Thread.run(Thread.java:750)

[ERR] [213331] [GPKIHttpServletRequest] com.gpki.secureweb.GPKISecureWEBException: String index out of range: -43
	at com.gpki.secureweb.Base64ContentInfo.<init>(Base64ContentInfo.java:108)
	at com.gpki.servlet.GPKIHttpServletRequest.init(GPKIHttpServletRequest.java:169)
	at com.gpki.servlet.GPKIHttpServletRequest.<init>(GPKIHttpServletRequest.java:134)
	at jeus_jspwork._gpkisecureweb._jsp._800_createSecureSession_5f1_5f1_5fjsp._jspService(_800_createSecureSession_5f1_5f1_5fjsp.java:147)
	at org.apache.jasper.runtime.HttpJspBase.service(HttpJspBase.java:70)
	at javax.servlet.http.HttpServlet.service(HttpServlet.java:791)
	at jeus.servlet.jsp.JspServletWrapper.executeServlet(JspServletWrapper.java:87)
	at jeus.servlet.servlets.JspServlet.executeServlet(JspServlet.java:136)
	at jeus.servlet.filter.FilterChainImpl.internalDoFilter(FilterChainImpl.java:113)
	at jeus.servlet.filter.FilterChainImpl.doFilter(FilterChainImpl.java:87)
	at org.springframework.web.filter.CharacterEncodingFilter.doFilterInternal(CharacterEncodingFilter.java:197)
	at org.springframework.web.filter.OncePerRequestFilter.doFilter(OncePerRequestFilter.java:107)
	at jeus.servlet.filter.FilterChainImpl.internalDoFilter(FilterChainImpl.java:99)
	at jeus.servlet.filter.FilterChainImpl.doFilter(FilterChainImpl.java:87)
	at com.mten.filter.xss.CrossScriptingFilter.doFilter(CrossScriptingFilter.java:51)
	at jeus.servlet.filter.FilterChainImpl.internalDoFilter(FilterChainImpl.java:99)
	at jeus.servlet.filter.FilterChainImpl.doFilter(FilterChainImpl.java:87)
	at jeus.servlet.servlets.JspServlet.execute(JspServlet.java:74)
	at jeus.servlet.valve.ContextBasicValve.invoke(ContextBasicValve.java:81)
	at jeus.servlet.valve.VirtualHostBasicValve.invoke(VirtualHostBasicValve.java:15)
	at jeus.servlet.valve.WebContainerBasicValve.invoke(WebContainerBasicValve.java:67)
	at jeus.servlet.engine.RequestProcessor.run(RequestProcessor.java:208)
	at jeus.util.pool.ThreadPoolExecutor$Worker.runTask(ThreadPoolExecutor.java:1301)
	at jeus.util.pool.ThreadPoolExecutor$Worker.run(ThreadPoolExecutor.java:1345)
	at jeus.servlet.engine.WebThreadPoolExecutor$WebRequestWorker.run(WebThreadPoolExecutor.java:201)
	at java.lang.Thread.run(Thread.java:750)

[DEBUG] [213344] [GPKIHttpServletRequest] [webtob1-hth0-30] GpkiApi.init() : /home/legal/legalb/gpkisecureweb/WEB-INF/conf
[DEBUG] [213344] [GPKIHttpServletRequest] [webtob1-hth0-30] query : 
[DEBUG] [213344] [Base64ContentInfo] [webtob1-hth0-30] QUERY_STRING  
[ERR] [213344] [Base64ContentInfo] java.lang.StringIndexOutOfBoundsException: String index out of range: -43
	at java.lang.String.substring(String.java:1967)
	at com.gpki.secureweb.Base64ContentInfo.<init>(Base64ContentInfo.java:78)
	at com.gpki.servlet.GPKIHttpServletRequest.init(GPKIHttpServletRequest.java:169)
	at com.gpki.servlet.GPKIHttpServletRequest.<init>(GPKIHttpServletRequest.java:134)
	at jeus_jspwork._gpkisecureweb._jsp._800_createSecureSession_5f2_5f1_5fjsp._jspService(_800_createSecureSession_5f2_5f1_5fjsp.java:147)
	at org.apache.jasper.runtime.HttpJspBase.service(HttpJspBase.java:70)
	at javax.servlet.http.HttpServlet.service(HttpServlet.java:791)
	at jeus.servlet.jsp.JspServletWrapper.executeServlet(JspServletWrapper.java:87)
	at jeus.servlet.servlets.JspServlet.executeServlet(JspServlet.java:136)
	at jeus.servlet.filter.FilterChainImpl.internalDoFilter(FilterChainImpl.java:113)
	at jeus.servlet.filter.FilterChainImpl.doFilter(FilterChainImpl.java:87)
	at org.springframework.web.filter.CharacterEncodingFilter.doFilterInternal(CharacterEncodingFilter.java:197)
	at org.springframework.web.filter.OncePerRequestFilter.doFilter(OncePerRequestFilter.java:107)
	at jeus.servlet.filter.FilterChainImpl.internalDoFilter(FilterChainImpl.java:99)
	at jeus.servlet.filter.FilterChainImpl.doFilter(FilterChainImpl.java:87)
	at com.mten.filter.xss.CrossScriptingFilter.doFilter(CrossScriptingFilter.java:51)
	at jeus.servlet.filter.FilterChainImpl.internalDoFilter(FilterChainImpl.java:99)
	at jeus.servlet.filter.FilterChainImpl.doFilter(FilterChainImpl.java:87)
	at jeus.servlet.servlets.JspServlet.execute(JspServlet.java:74)
	at jeus.servlet.valve.ContextBasicValve.invoke(ContextBasicValve.java:81)
	at jeus.servlet.valve.VirtualHostBasicValve.invoke(VirtualHostBasicValve.java:15)
	at jeus.servlet.valve.WebContainerBasicValve.invoke(WebContainerBasicValve.java:67)
	at jeus.servlet.engine.RequestProcessor.run(RequestProcessor.java:208)
	at jeus.util.pool.ThreadPoolExecutor$Worker.runTask(ThreadPoolExecutor.java:1301)
	at jeus.util.pool.ThreadPoolExecutor$Worker.run(ThreadPoolExecutor.java:1345)
	at jeus.servlet.engine.WebThreadPoolExecutor$WebRequestWorker.run(WebThreadPoolExecutor.java:201)
	at java.lang.Thread.run(Thread.java:750)

[ERR] [213344] [GPKIHttpServletRequest] com.gpki.secureweb.GPKISecureWEBException: String index out of range: -43
	at com.gpki.secureweb.Base64ContentInfo.<init>(Base64ContentInfo.java:108)
	at com.gpki.servlet.GPKIHttpServletRequest.init(GPKIHttpServletRequest.java:169)
	at com.gpki.servlet.GPKIHttpServletRequest.<init>(GPKIHttpServletRequest.java:134)
	at jeus_jspwork._gpkisecureweb._jsp._800_createSecureSession_5f2_5f1_5fjsp._jspService(_800_createSecureSession_5f2_5f1_5fjsp.java:147)
	at org.apache.jasper.runtime.HttpJspBase.service(HttpJspBase.java:70)
	at javax.servlet.http.HttpServlet.service(HttpServlet.java:791)
	at jeus.servlet.jsp.JspServletWrapper.executeServlet(JspServletWrapper.java:87)
	at jeus.servlet.servlets.JspServlet.executeServlet(JspServlet.java:136)
	at jeus.servlet.filter.FilterChainImpl.internalDoFilter(FilterChainImpl.java:113)
	at jeus.servlet.filter.FilterChainImpl.doFilter(FilterChainImpl.java:87)
	at org.springframework.web.filter.CharacterEncodingFilter.doFilterInternal(CharacterEncodingFilter.java:197)
	at org.springframework.web.filter.OncePerRequestFilter.doFilter(OncePerRequestFilter.java:107)
	at jeus.servlet.filter.FilterChainImpl.internalDoFilter(FilterChainImpl.java:99)
	at jeus.servlet.filter.FilterChainImpl.doFilter(FilterChainImpl.java:87)
	at com.mten.filter.xss.CrossScriptingFilter.doFilter(CrossScriptingFilter.java:51)
	at jeus.servlet.filter.FilterChainImpl.internalDoFilter(FilterChainImpl.java:99)
	at jeus.servlet.filter.FilterChainImpl.doFilter(FilterChainImpl.java:87)
	at jeus.servlet.servlets.JspServlet.execute(JspServlet.java:74)
	at jeus.servlet.valve.ContextBasicValve.invoke(ContextBasicValve.java:81)
	at jeus.servlet.valve.VirtualHostBasicValve.invoke(VirtualHostBasicValve.java:15)
	at jeus.servlet.valve.WebContainerBasicValve.invoke(WebContainerBasicValve.java:67)
	at jeus.servlet.engine.RequestProcessor.run(RequestProcessor.java:208)
	at jeus.util.pool.ThreadPoolExecutor$Worker.runTask(ThreadPoolExecutor.java:1301)
	at jeus.util.pool.ThreadPoolExecutor$Worker.run(ThreadPoolExecutor.java:1345)
	at jeus.servlet.engine.WebThreadPoolExecutor$WebRequestWorker.run(WebThreadPoolExecutor.java:201)
	at java.lang.Thread.run(Thread.java:750)

[DEBUG] [213414] [GPKIHttpServletRequest] [webtob1-hth0-10] GpkiApi.init() : /home/legal/legalb/gpkisecureweb/WEB-INF/conf
[DEBUG] [213414] [GPKIHttpServletRequest] [webtob1-hth0-10] query : 
[DEBUG] [213414] [Base64ContentInfo] [webtob1-hth0-10] QUERY_STRING  
[ERR] [213414] [Base64ContentInfo] java.lang.StringIndexOutOfBoundsException: String index out of range: -43
	at java.lang.String.substring(String.java:1967)
	at com.gpki.secureweb.Base64ContentInfo.<init>(Base64ContentInfo.java:78)
	at com.gpki.servlet.GPKIHttpServletRequest.init(GPKIHttpServletRequest.java:169)
	at com.gpki.servlet.GPKIHttpServletRequest.<init>(GPKIHttpServletRequest.java:134)
	at jeus_jspwork._gpkisecureweb._jsp._800_requestSecureSession_5fjsp._jspService(_800_requestSecureSession_5fjsp.java:147)
	at org.apache.jasper.runtime.HttpJspBase.service(HttpJspBase.java:70)
	at javax.servlet.http.HttpServlet.service(HttpServlet.java:791)
	at jeus.servlet.jsp.JspServletWrapper.executeServlet(JspServletWrapper.java:87)
	at jeus.servlet.servlets.JspServlet.executeServlet(JspServlet.java:136)
	at jeus.servlet.filter.FilterChainImpl.internalDoFilter(FilterChainImpl.java:113)
	at jeus.servlet.filter.FilterChainImpl.doFilter(FilterChainImpl.java:87)
	at org.springframework.web.filter.CharacterEncodingFilter.doFilterInternal(CharacterEncodingFilter.java:197)
	at org.springframework.web.filter.OncePerRequestFilter.doFilter(OncePerRequestFilter.java:107)
	at jeus.servlet.filter.FilterChainImpl.internalDoFilter(FilterChainImpl.java:99)
	at jeus.servlet.filter.FilterChainImpl.doFilter(FilterChainImpl.java:87)
	at com.mten.filter.xss.CrossScriptingFilter.doFilter(CrossScriptingFilter.java:51)
	at jeus.servlet.filter.FilterChainImpl.internalDoFilter(FilterChainImpl.java:99)
	at jeus.servlet.filter.FilterChainImpl.doFilter(FilterChainImpl.java:87)
	at jeus.servlet.servlets.JspServlet.execute(JspServlet.java:74)
	at jeus.servlet.valve.ContextBasicValve.invoke(ContextBasicValve.java:81)
	at jeus.servlet.valve.VirtualHostBasicValve.invoke(VirtualHostBasicValve.java:15)
	at jeus.servlet.valve.WebContainerBasicValve.invoke(WebContainerBasicValve.java:67)
	at jeus.servlet.engine.RequestProcessor.run(RequestProcessor.java:208)
	at jeus.util.pool.ThreadPoolExecutor$Worker.runTask(ThreadPoolExecutor.java:1301)
	at jeus.util.pool.ThreadPoolExecutor$Worker.run(ThreadPoolExecutor.java:1345)
	at jeus.servlet.engine.WebThreadPoolExecutor$WebRequestWorker.run(WebThreadPoolExecutor.java:201)
	at java.lang.Thread.run(Thread.java:750)

[ERR] [213414] [GPKIHttpServletRequest] com.gpki.secureweb.GPKISecureWEBException: String index out of range: -43
	at com.gpki.secureweb.Base64ContentInfo.<init>(Base64ContentInfo.java:108)
	at com.gpki.servlet.GPKIHttpServletRequest.init(GPKIHttpServletRequest.java:169)
	at com.gpki.servlet.GPKIHttpServletRequest.<init>(GPKIHttpServletRequest.java:134)
	at jeus_jspwork._gpkisecureweb._jsp._800_requestSecureSession_5fjsp._jspService(_800_requestSecureSession_5fjsp.java:147)
	at org.apache.jasper.runtime.HttpJspBase.service(HttpJspBase.java:70)
	at javax.servlet.http.HttpServlet.service(HttpServlet.java:791)
	at jeus.servlet.jsp.JspServletWrapper.executeServlet(JspServletWrapper.java:87)
	at jeus.servlet.servlets.JspServlet.executeServlet(JspServlet.java:136)
	at jeus.servlet.filter.FilterChainImpl.internalDoFilter(FilterChainImpl.java:113)
	at jeus.servlet.filter.FilterChainImpl.doFilter(FilterChainImpl.java:87)
	at org.springframework.web.filter.CharacterEncodingFilter.doFilterInternal(CharacterEncodingFilter.java:197)
	at org.springframework.web.filter.OncePerRequestFilter.doFilter(OncePerRequestFilter.java:107)
	at jeus.servlet.filter.FilterChainImpl.internalDoFilter(FilterChainImpl.java:99)
	at jeus.servlet.filter.FilterChainImpl.doFilter(FilterChainImpl.java:87)
	at com.mten.filter.xss.CrossScriptingFilter.doFilter(CrossScriptingFilter.java:51)
	at jeus.servlet.filter.FilterChainImpl.internalDoFilter(FilterChainImpl.java:99)
	at jeus.servlet.filter.FilterChainImpl.doFilter(FilterChainImpl.java:87)
	at jeus.servlet.servlets.JspServlet.execute(JspServlet.java:74)
	at jeus.servlet.valve.ContextBasicValve.invoke(ContextBasicValve.java:81)
	at jeus.servlet.valve.VirtualHostBasicValve.invoke(VirtualHostBasicValve.java:15)
	at jeus.servlet.valve.WebContainerBasicValve.invoke(WebContainerBasicValve.java:67)
	at jeus.servlet.engine.RequestProcessor.run(RequestProcessor.java:208)
	at jeus.util.pool.ThreadPoolExecutor$Worker.runTask(ThreadPoolExecutor.java:1301)
	at jeus.util.pool.ThreadPoolExecutor$Worker.run(ThreadPoolExecutor.java:1345)
	at jeus.servlet.engine.WebThreadPoolExecutor$WebRequestWorker.run(WebThreadPoolExecutor.java:201)
	at java.lang.Thread.run(Thread.java:750)

